ARM GAS  C:\Users\USUARIO\AppData\Local\Temp\ccwdyD9g.s 			page 1


   1              		.syntax unified
   2              		.cpu cortex-m3
   3              		.fpu softvfp
   4              		.eabi_attribute 20, 1
   5              		.eabi_attribute 21, 1
   6              		.eabi_attribute 23, 3
   7              		.eabi_attribute 24, 1
   8              		.eabi_attribute 25, 1
   9              		.eabi_attribute 26, 1
  10              		.eabi_attribute 30, 1
  11              		.eabi_attribute 34, 1
  12              		.eabi_attribute 18, 4
  13              		.thumb
  14              		.syntax unified
  15              		.file	"CapSense_SMS_Wrapper.c"
  16              		.text
  17              	.Ltext0:
  18              		.cfi_sections	.debug_frame
  19              		.section	.text.SMS_LIB_ScanSensor,"ax",%progbits
  20              		.align	2
  21              		.global	SMS_LIB_ScanSensor
  22              		.thumb
  23              		.thumb_func
  24              		.type	SMS_LIB_ScanSensor, %function
  25              	SMS_LIB_ScanSensor:
  26              	.LFB0:
  27              		.file 1 "Generated_Source\\PSoC5\\CapSense_SMS_Wrapper.c"
   1:Generated_Source\PSoC5/CapSense_SMS_Wrapper.c **** /*******************************************************************************
   2:Generated_Source\PSoC5/CapSense_SMS_Wrapper.c **** * File Name: CapSense_SMS_Wrapper.c
   3:Generated_Source\PSoC5/CapSense_SMS_Wrapper.c **** * Version 3.50
   4:Generated_Source\PSoC5/CapSense_SMS_Wrapper.c **** *
   5:Generated_Source\PSoC5/CapSense_SMS_Wrapper.c **** * Description:
   6:Generated_Source\PSoC5/CapSense_SMS_Wrapper.c **** *  This file provides the source code of wrapper between CapSense CSD component 
   7:Generated_Source\PSoC5/CapSense_SMS_Wrapper.c **** *  and Auto Tuning library.
   8:Generated_Source\PSoC5/CapSense_SMS_Wrapper.c **** *
   9:Generated_Source\PSoC5/CapSense_SMS_Wrapper.c **** * Note:
  10:Generated_Source\PSoC5/CapSense_SMS_Wrapper.c **** *
  11:Generated_Source\PSoC5/CapSense_SMS_Wrapper.c **** ********************************************************************************
  12:Generated_Source\PSoC5/CapSense_SMS_Wrapper.c **** * Copyright 2008-2012, Cypress Semiconductor Corporation.  All rights reserved.
  13:Generated_Source\PSoC5/CapSense_SMS_Wrapper.c **** * You may use this file only in accordance with the license, terms, conditions,
  14:Generated_Source\PSoC5/CapSense_SMS_Wrapper.c **** * disclaimers, and limitations in the end user license agreement accompanying
  15:Generated_Source\PSoC5/CapSense_SMS_Wrapper.c **** * the software package with which this file was provided.
  16:Generated_Source\PSoC5/CapSense_SMS_Wrapper.c **** *******************************************************************************/
  17:Generated_Source\PSoC5/CapSense_SMS_Wrapper.c **** 
  18:Generated_Source\PSoC5/CapSense_SMS_Wrapper.c **** #include "CapSense.h"
  19:Generated_Source\PSoC5/CapSense_SMS_Wrapper.c **** #include "CapSense_CSHL.h"
  20:Generated_Source\PSoC5/CapSense_SMS_Wrapper.c **** 
  21:Generated_Source\PSoC5/CapSense_SMS_Wrapper.c **** #if (CapSense_TUNING_METHOD == CapSense_AUTO_TUNING)
  22:Generated_Source\PSoC5/CapSense_SMS_Wrapper.c **** 
  23:Generated_Source\PSoC5/CapSense_SMS_Wrapper.c **** extern uint8 CapSense_noiseThreshold[CapSense_WIDGET_CSHL_PARAMETERS_COUNT];
  24:Generated_Source\PSoC5/CapSense_SMS_Wrapper.c **** extern uint8 CapSense_hysteresis[CapSense_WIDGET_CSHL_PARAMETERS_COUNT];
  25:Generated_Source\PSoC5/CapSense_SMS_Wrapper.c **** extern uint8 CapSense_widgetResolution[CapSense_WIDGET_RESOLUTION_PARAMETERS_COUNT];
  26:Generated_Source\PSoC5/CapSense_SMS_Wrapper.c **** extern const uint8 CYCODE CapSense_numberOfSensors[CapSense_SENSORS_TBL_SIZE];
  27:Generated_Source\PSoC5/CapSense_SMS_Wrapper.c **** extern const uint8 CYCODE CapSense_rawDataIndex[CapSense_SENSORS_TBL_SIZE];
  28:Generated_Source\PSoC5/CapSense_SMS_Wrapper.c **** 
  29:Generated_Source\PSoC5/CapSense_SMS_Wrapper.c **** extern uint8 CapSense_fingerThreshold[CapSense_WIDGET_CSHL_PARAMETERS_COUNT];
  30:Generated_Source\PSoC5/CapSense_SMS_Wrapper.c **** extern uint8 CapSense_idacSettings[CapSense_TOTAL_SENSOR_COUNT];
ARM GAS  C:\Users\USUARIO\AppData\Local\Temp\ccwdyD9g.s 			page 2


  31:Generated_Source\PSoC5/CapSense_SMS_Wrapper.c **** extern uint8 CapSense_analogSwitchDivider[CapSense_TOTAL_SCANSLOT_COUNT];
  32:Generated_Source\PSoC5/CapSense_SMS_Wrapper.c **** 
  33:Generated_Source\PSoC5/CapSense_SMS_Wrapper.c **** extern void SMS_LIB_V3_50_CalculateThresholds(uint8 SensorNumber);
  34:Generated_Source\PSoC5/CapSense_SMS_Wrapper.c **** extern void SMS_LIB_V3_50_AutoTune1Ch(void);
  35:Generated_Source\PSoC5/CapSense_SMS_Wrapper.c **** extern void SMS_LIB_V3_50_AutoTune2Ch(void);
  36:Generated_Source\PSoC5/CapSense_SMS_Wrapper.c **** 
  37:Generated_Source\PSoC5/CapSense_SMS_Wrapper.c **** uint8  * SMS_LIB_noiseThreshold = CapSense_noiseThreshold;
  38:Generated_Source\PSoC5/CapSense_SMS_Wrapper.c **** uint8 * SMS_LIB_hysteresis = CapSense_hysteresis;
  39:Generated_Source\PSoC5/CapSense_SMS_Wrapper.c **** 
  40:Generated_Source\PSoC5/CapSense_SMS_Wrapper.c **** uint8 * SMS_LIB_widgetResolution = CapSense_widgetResolution;
  41:Generated_Source\PSoC5/CapSense_SMS_Wrapper.c **** 
  42:Generated_Source\PSoC5/CapSense_SMS_Wrapper.c **** const uint8 CYCODE * SMS_LIB_widgetNumber = CapSense_widgetNumber;
  43:Generated_Source\PSoC5/CapSense_SMS_Wrapper.c **** const uint8 CYCODE * SMS_LIB_numberOfSensors = CapSense_numberOfSensors;
  44:Generated_Source\PSoC5/CapSense_SMS_Wrapper.c **** const uint8 CYCODE * SMS_LIB_rawDataIndex = CapSense_rawDataIndex;
  45:Generated_Source\PSoC5/CapSense_SMS_Wrapper.c **** 
  46:Generated_Source\PSoC5/CapSense_SMS_Wrapper.c **** uint8 * SMS_LIB_fingerThreshold = CapSense_fingerThreshold;
  47:Generated_Source\PSoC5/CapSense_SMS_Wrapper.c **** uint8 * SMS_LIB_idacSettings = CapSense_idacSettings;
  48:Generated_Source\PSoC5/CapSense_SMS_Wrapper.c **** uint8 * SMS_LIB_prescaler = CapSense_analogSwitchDivider;
  49:Generated_Source\PSoC5/CapSense_SMS_Wrapper.c **** 
  50:Generated_Source\PSoC5/CapSense_SMS_Wrapper.c **** uint16 * SMS_LIB_SensorRaw = CapSense_sensorRaw;
  51:Generated_Source\PSoC5/CapSense_SMS_Wrapper.c **** uint16 * SMS_LIB_SensorBaseline = CapSense_sensorBaseline;
  52:Generated_Source\PSoC5/CapSense_SMS_Wrapper.c **** 
  53:Generated_Source\PSoC5/CapSense_SMS_Wrapper.c **** const uint8 CYCODE SMS_LIB_SensorSensitivity[] = {
  54:Generated_Source\PSoC5/CapSense_SMS_Wrapper.c ****     2, 2, 2, 2, 
  55:Generated_Source\PSoC5/CapSense_SMS_Wrapper.c **** };
  56:Generated_Source\PSoC5/CapSense_SMS_Wrapper.c **** 
  57:Generated_Source\PSoC5/CapSense_SMS_Wrapper.c **** 
  58:Generated_Source\PSoC5/CapSense_SMS_Wrapper.c **** const uint8 CYCODE SMS_LIB_PrescalerTbl[] = {
  59:Generated_Source\PSoC5/CapSense_SMS_Wrapper.c ****     1u, 1u, 1u, 1u, 1u, 1u, 2u, 2u, 2u, 2u, 2u, 3u, 3u, 3u, 3u, 3u, 3u, 4u, 4u, 4u, 4u, 4u, 4u, 5u,
  60:Generated_Source\PSoC5/CapSense_SMS_Wrapper.c **** };
  61:Generated_Source\PSoC5/CapSense_SMS_Wrapper.c **** 
  62:Generated_Source\PSoC5/CapSense_SMS_Wrapper.c **** 
  63:Generated_Source\PSoC5/CapSense_SMS_Wrapper.c **** 
  64:Generated_Source\PSoC5/CapSense_SMS_Wrapper.c **** uint8 SMS_LIB_Table2[CapSense_TOTAL_SENSOR_COUNT];
  65:Generated_Source\PSoC5/CapSense_SMS_Wrapper.c **** uint8 SMS_LIB_Table3[CapSense_TOTAL_SENSOR_COUNT];
  66:Generated_Source\PSoC5/CapSense_SMS_Wrapper.c **** uint16 SMS_LIB_Table4[CapSense_TOTAL_SENSOR_COUNT];
  67:Generated_Source\PSoC5/CapSense_SMS_Wrapper.c **** uint16 SMS_LIB_Table5[CapSense_TOTAL_SENSOR_COUNT];
  68:Generated_Source\PSoC5/CapSense_SMS_Wrapper.c **** uint8 SMS_LIB_Table6[CapSense_TOTAL_SENSOR_COUNT];
  69:Generated_Source\PSoC5/CapSense_SMS_Wrapper.c **** uint8 SMS_LIB_Table7[CapSense_TOTAL_SENSOR_COUNT];
  70:Generated_Source\PSoC5/CapSense_SMS_Wrapper.c **** 
  71:Generated_Source\PSoC5/CapSense_SMS_Wrapper.c **** uint8 SMS_LIB_Table8[CapSense_END_OF_WIDGETS_INDEX];
  72:Generated_Source\PSoC5/CapSense_SMS_Wrapper.c **** uint8 SMS_LIB_Table9[CapSense_END_OF_WIDGETS_INDEX];
  73:Generated_Source\PSoC5/CapSense_SMS_Wrapper.c **** 
  74:Generated_Source\PSoC5/CapSense_SMS_Wrapper.c **** uint8 SMS_LIB_Var1 = (5u);
  75:Generated_Source\PSoC5/CapSense_SMS_Wrapper.c **** uint16 SMS_LIB_Var2 = (10738u);
  76:Generated_Source\PSoC5/CapSense_SMS_Wrapper.c **** 
  77:Generated_Source\PSoC5/CapSense_SMS_Wrapper.c **** uint8 SMS_LIB_TotalSnsCnt = CapSense_TOTAL_SENSOR_COUNT;
  78:Generated_Source\PSoC5/CapSense_SMS_Wrapper.c **** uint8 SMS_LIB_TotalScanSlCnt = CapSense_TOTAL_SCANSLOT_COUNT;
  79:Generated_Source\PSoC5/CapSense_SMS_Wrapper.c **** uint8 SMS_LIB_EndOfWidgInd = CapSense_END_OF_WIDGETS_INDEX;
  80:Generated_Source\PSoC5/CapSense_SMS_Wrapper.c **** 
  81:Generated_Source\PSoC5/CapSense_SMS_Wrapper.c **** #if (CapSense_DESIGN_TYPE == CapSense_TWO_CHANNELS_DESIGN)
  82:Generated_Source\PSoC5/CapSense_SMS_Wrapper.c ****     uint8 SMS_LIB_TotalSnsCnt_CH0 = CapSense_TOTAL_SENSOR_COUNT__CH0;
  83:Generated_Source\PSoC5/CapSense_SMS_Wrapper.c ****     uint8 SMS_LIB_TotalSnsCnt_CH1 = CapSense_TOTAL_SENSOR_COUNT__CH1;
  84:Generated_Source\PSoC5/CapSense_SMS_Wrapper.c **** #else
  85:Generated_Source\PSoC5/CapSense_SMS_Wrapper.c ****     uint8 SMS_LIB_TotalSnsCnt_CH0 = 0u;
  86:Generated_Source\PSoC5/CapSense_SMS_Wrapper.c ****     uint8 SMS_LIB_TotalSnsCnt_CH1 = 0u;
  87:Generated_Source\PSoC5/CapSense_SMS_Wrapper.c **** #endif  /* (CapSense_DESIGN_TYPE == CapSense_TWO_CHANNELS_DESIGN) */
ARM GAS  C:\Users\USUARIO\AppData\Local\Temp\ccwdyD9g.s 			page 3


  88:Generated_Source\PSoC5/CapSense_SMS_Wrapper.c **** 
  89:Generated_Source\PSoC5/CapSense_SMS_Wrapper.c **** /*******************************************************************************
  90:Generated_Source\PSoC5/CapSense_SMS_Wrapper.c **** * Function Name: SMS_LIB_ScanSensor
  91:Generated_Source\PSoC5/CapSense_SMS_Wrapper.c **** ********************************************************************************
  92:Generated_Source\PSoC5/CapSense_SMS_Wrapper.c **** *
  93:Generated_Source\PSoC5/CapSense_SMS_Wrapper.c **** * Summary:
  94:Generated_Source\PSoC5/CapSense_SMS_Wrapper.c **** *  Wrapper to CapSense_ScanSensor function.
  95:Generated_Source\PSoC5/CapSense_SMS_Wrapper.c **** *
  96:Generated_Source\PSoC5/CapSense_SMS_Wrapper.c **** * Parameters:
  97:Generated_Source\PSoC5/CapSense_SMS_Wrapper.c **** *  SensorNumber:  Sensor number.
  98:Generated_Source\PSoC5/CapSense_SMS_Wrapper.c **** *
  99:Generated_Source\PSoC5/CapSense_SMS_Wrapper.c **** * Return:
 100:Generated_Source\PSoC5/CapSense_SMS_Wrapper.c **** *  None
 101:Generated_Source\PSoC5/CapSense_SMS_Wrapper.c **** *
 102:Generated_Source\PSoC5/CapSense_SMS_Wrapper.c **** * Reentrant:
 103:Generated_Source\PSoC5/CapSense_SMS_Wrapper.c **** *  No
 104:Generated_Source\PSoC5/CapSense_SMS_Wrapper.c **** *
 105:Generated_Source\PSoC5/CapSense_SMS_Wrapper.c **** *******************************************************************************/
 106:Generated_Source\PSoC5/CapSense_SMS_Wrapper.c **** void SMS_LIB_ScanSensor(uint8 SensorNumber) 
 107:Generated_Source\PSoC5/CapSense_SMS_Wrapper.c **** {
  28              		.loc 1 107 0
  29              		.cfi_startproc
  30              		@ args = 0, pretend = 0, frame = 0
  31              		@ frame_needed = 0, uses_anonymous_args = 0
  32              	.LVL0:
  33 0000 08B5     		push	{r3, lr}
  34              		.cfi_def_cfa_offset 8
  35              		.cfi_offset 3, -8
  36              		.cfi_offset 14, -4
 108:Generated_Source\PSoC5/CapSense_SMS_Wrapper.c ****     CapSense_ScanSensor(SensorNumber);
  37              		.loc 1 108 0
  38 0002 FFF7FEFF 		bl	CapSense_ScanSensor
  39              	.LVL1:
  40 0006 08BD     		pop	{r3, pc}
  41              		.cfi_endproc
  42              	.LFE0:
  43              		.size	SMS_LIB_ScanSensor, .-SMS_LIB_ScanSensor
  44              		.section	.text.SMS_LIB_IsBusy,"ax",%progbits
  45              		.align	2
  46              		.global	SMS_LIB_IsBusy
  47              		.thumb
  48              		.thumb_func
  49              		.type	SMS_LIB_IsBusy, %function
  50              	SMS_LIB_IsBusy:
  51              	.LFB1:
 109:Generated_Source\PSoC5/CapSense_SMS_Wrapper.c **** }
 110:Generated_Source\PSoC5/CapSense_SMS_Wrapper.c **** 
 111:Generated_Source\PSoC5/CapSense_SMS_Wrapper.c **** /*******************************************************************************
 112:Generated_Source\PSoC5/CapSense_SMS_Wrapper.c **** * Function Name: SMS_LIB_IsBusy
 113:Generated_Source\PSoC5/CapSense_SMS_Wrapper.c **** ********************************************************************************
 114:Generated_Source\PSoC5/CapSense_SMS_Wrapper.c **** *
 115:Generated_Source\PSoC5/CapSense_SMS_Wrapper.c **** * Summary:
 116:Generated_Source\PSoC5/CapSense_SMS_Wrapper.c **** *  Wrapper to CapSense_IsBusy function.
 117:Generated_Source\PSoC5/CapSense_SMS_Wrapper.c **** *  
 118:Generated_Source\PSoC5/CapSense_SMS_Wrapper.c **** * Parameters:
 119:Generated_Source\PSoC5/CapSense_SMS_Wrapper.c **** *  None
 120:Generated_Source\PSoC5/CapSense_SMS_Wrapper.c **** *
ARM GAS  C:\Users\USUARIO\AppData\Local\Temp\ccwdyD9g.s 			page 4


 121:Generated_Source\PSoC5/CapSense_SMS_Wrapper.c **** * Return:
 122:Generated_Source\PSoC5/CapSense_SMS_Wrapper.c **** *  None
 123:Generated_Source\PSoC5/CapSense_SMS_Wrapper.c **** *
 124:Generated_Source\PSoC5/CapSense_SMS_Wrapper.c **** *******************************************************************************/
 125:Generated_Source\PSoC5/CapSense_SMS_Wrapper.c **** uint8 SMS_LIB_IsBusy(void) 
 126:Generated_Source\PSoC5/CapSense_SMS_Wrapper.c **** {
  52              		.loc 1 126 0
  53              		.cfi_startproc
  54              		@ args = 0, pretend = 0, frame = 0
  55              		@ frame_needed = 0, uses_anonymous_args = 0
  56 0000 08B5     		push	{r3, lr}
  57              		.cfi_def_cfa_offset 8
  58              		.cfi_offset 3, -8
  59              		.cfi_offset 14, -4
 127:Generated_Source\PSoC5/CapSense_SMS_Wrapper.c ****     return CapSense_IsBusy();
  60              		.loc 1 127 0
  61 0002 FFF7FEFF 		bl	CapSense_IsBusy
  62              	.LVL2:
 128:Generated_Source\PSoC5/CapSense_SMS_Wrapper.c **** }
  63              		.loc 1 128 0
  64 0006 08BD     		pop	{r3, pc}
  65              		.cfi_endproc
  66              	.LFE1:
  67              		.size	SMS_LIB_IsBusy, .-SMS_LIB_IsBusy
  68              		.section	.text.CapSense_CalculateThresholds,"ax",%progbits
  69              		.align	2
  70              		.global	CapSense_CalculateThresholds
  71              		.thumb
  72              		.thumb_func
  73              		.type	CapSense_CalculateThresholds, %function
  74              	CapSense_CalculateThresholds:
  75              	.LFB2:
 129:Generated_Source\PSoC5/CapSense_SMS_Wrapper.c **** 
 130:Generated_Source\PSoC5/CapSense_SMS_Wrapper.c **** 
 131:Generated_Source\PSoC5/CapSense_SMS_Wrapper.c **** /*******************************************************************************
 132:Generated_Source\PSoC5/CapSense_SMS_Wrapper.c **** * Function Name: CapSense_CalculateThresholds
 133:Generated_Source\PSoC5/CapSense_SMS_Wrapper.c **** ********************************************************************************
 134:Generated_Source\PSoC5/CapSense_SMS_Wrapper.c **** *
 135:Generated_Source\PSoC5/CapSense_SMS_Wrapper.c **** * Summary:
 136:Generated_Source\PSoC5/CapSense_SMS_Wrapper.c **** *  Wrapper to SMS_LIB_CalculateThresholds function.
 137:Generated_Source\PSoC5/CapSense_SMS_Wrapper.c **** *
 138:Generated_Source\PSoC5/CapSense_SMS_Wrapper.c **** * Parameters:
 139:Generated_Source\PSoC5/CapSense_SMS_Wrapper.c **** *  SensorNumber:  Sensor number.
 140:Generated_Source\PSoC5/CapSense_SMS_Wrapper.c **** *
 141:Generated_Source\PSoC5/CapSense_SMS_Wrapper.c **** * Return:
 142:Generated_Source\PSoC5/CapSense_SMS_Wrapper.c **** *  None
 143:Generated_Source\PSoC5/CapSense_SMS_Wrapper.c **** *
 144:Generated_Source\PSoC5/CapSense_SMS_Wrapper.c **** * Reentrant:
 145:Generated_Source\PSoC5/CapSense_SMS_Wrapper.c **** *  No
 146:Generated_Source\PSoC5/CapSense_SMS_Wrapper.c **** *
 147:Generated_Source\PSoC5/CapSense_SMS_Wrapper.c **** *******************************************************************************/
 148:Generated_Source\PSoC5/CapSense_SMS_Wrapper.c **** void CapSense_CalculateThresholds(uint8 SensorNumber) 
 149:Generated_Source\PSoC5/CapSense_SMS_Wrapper.c **** {
  76              		.loc 1 149 0
  77              		.cfi_startproc
  78              		@ args = 0, pretend = 0, frame = 0
  79              		@ frame_needed = 0, uses_anonymous_args = 0
ARM GAS  C:\Users\USUARIO\AppData\Local\Temp\ccwdyD9g.s 			page 5


  80              	.LVL3:
  81 0000 08B5     		push	{r3, lr}
  82              		.cfi_def_cfa_offset 8
  83              		.cfi_offset 3, -8
  84              		.cfi_offset 14, -4
 150:Generated_Source\PSoC5/CapSense_SMS_Wrapper.c ****     SMS_LIB_V3_50_CalculateThresholds(SensorNumber);
  85              		.loc 1 150 0
  86 0002 FFF7FEFF 		bl	SMS_LIB_V3_50_CalculateThresholds
  87              	.LVL4:
  88 0006 08BD     		pop	{r3, pc}
  89              		.cfi_endproc
  90              	.LFE2:
  91              		.size	CapSense_CalculateThresholds, .-CapSense_CalculateThresholds
  92              		.section	.text.CapSense_AutoTune,"ax",%progbits
  93              		.align	2
  94              		.global	CapSense_AutoTune
  95              		.thumb
  96              		.thumb_func
  97              		.type	CapSense_AutoTune, %function
  98              	CapSense_AutoTune:
  99              	.LFB3:
 151:Generated_Source\PSoC5/CapSense_SMS_Wrapper.c **** }
 152:Generated_Source\PSoC5/CapSense_SMS_Wrapper.c **** 
 153:Generated_Source\PSoC5/CapSense_SMS_Wrapper.c **** 
 154:Generated_Source\PSoC5/CapSense_SMS_Wrapper.c **** /*******************************************************************************
 155:Generated_Source\PSoC5/CapSense_SMS_Wrapper.c **** * Function Name: CapSense_AutoTune
 156:Generated_Source\PSoC5/CapSense_SMS_Wrapper.c **** ********************************************************************************
 157:Generated_Source\PSoC5/CapSense_SMS_Wrapper.c **** *
 158:Generated_Source\PSoC5/CapSense_SMS_Wrapper.c **** * Summary:
 159:Generated_Source\PSoC5/CapSense_SMS_Wrapper.c **** *  Wrapper for SMS_LIB_AutoTune1Ch or SMS_LIB_AutoTune2Ch function.
 160:Generated_Source\PSoC5/CapSense_SMS_Wrapper.c **** *
 161:Generated_Source\PSoC5/CapSense_SMS_Wrapper.c **** * Parameters:
 162:Generated_Source\PSoC5/CapSense_SMS_Wrapper.c **** *  None
 163:Generated_Source\PSoC5/CapSense_SMS_Wrapper.c **** *
 164:Generated_Source\PSoC5/CapSense_SMS_Wrapper.c **** * Return:
 165:Generated_Source\PSoC5/CapSense_SMS_Wrapper.c **** *  None
 166:Generated_Source\PSoC5/CapSense_SMS_Wrapper.c **** *
 167:Generated_Source\PSoC5/CapSense_SMS_Wrapper.c **** * Reentrant:
 168:Generated_Source\PSoC5/CapSense_SMS_Wrapper.c **** *  No
 169:Generated_Source\PSoC5/CapSense_SMS_Wrapper.c **** *
 170:Generated_Source\PSoC5/CapSense_SMS_Wrapper.c **** *******************************************************************************/
 171:Generated_Source\PSoC5/CapSense_SMS_Wrapper.c **** void CapSense_AutoTune(void) 
 172:Generated_Source\PSoC5/CapSense_SMS_Wrapper.c **** {
 100              		.loc 1 172 0
 101              		.cfi_startproc
 102              		@ args = 0, pretend = 0, frame = 0
 103              		@ frame_needed = 0, uses_anonymous_args = 0
 104 0000 08B5     		push	{r3, lr}
 105              		.cfi_def_cfa_offset 8
 106              		.cfi_offset 3, -8
 107              		.cfi_offset 14, -4
 173:Generated_Source\PSoC5/CapSense_SMS_Wrapper.c ****     #if (CapSense_DESIGN_TYPE == CapSense_ONE_CHANNEL_DESIGN)
 174:Generated_Source\PSoC5/CapSense_SMS_Wrapper.c ****         SMS_LIB_V3_50_AutoTune1Ch();
 108              		.loc 1 174 0
 109 0002 FFF7FEFF 		bl	SMS_LIB_V3_50_AutoTune1Ch
 110              	.LVL5:
 111 0006 08BD     		pop	{r3, pc}
ARM GAS  C:\Users\USUARIO\AppData\Local\Temp\ccwdyD9g.s 			page 6


 112              		.cfi_endproc
 113              	.LFE3:
 114              		.size	CapSense_AutoTune, .-CapSense_AutoTune
 115              		.section	.text.SMS_LIB_SetPrescaler,"ax",%progbits
 116              		.align	2
 117              		.global	SMS_LIB_SetPrescaler
 118              		.thumb
 119              		.thumb_func
 120              		.type	SMS_LIB_SetPrescaler, %function
 121              	SMS_LIB_SetPrescaler:
 122              	.LFB4:
 175:Generated_Source\PSoC5/CapSense_SMS_Wrapper.c ****     #elif (CapSense_DESIGN_TYPE == CapSense_TWO_CHANNELS_DESIGN)
 176:Generated_Source\PSoC5/CapSense_SMS_Wrapper.c ****         SMS_LIB_V3_50_AutoTune2Ch();
 177:Generated_Source\PSoC5/CapSense_SMS_Wrapper.c ****     #endif /* (CapSense_DESIGN_TYPE == CapSense_ONE_CHANNEL_DESIGN) */
 178:Generated_Source\PSoC5/CapSense_SMS_Wrapper.c **** }
 179:Generated_Source\PSoC5/CapSense_SMS_Wrapper.c **** 
 180:Generated_Source\PSoC5/CapSense_SMS_Wrapper.c **** /*******************************************************************************
 181:Generated_Source\PSoC5/CapSense_SMS_Wrapper.c **** * Function Name: SMS_LIB_SetPrescaler
 182:Generated_Source\PSoC5/CapSense_SMS_Wrapper.c **** ********************************************************************************
 183:Generated_Source\PSoC5/CapSense_SMS_Wrapper.c **** *
 184:Generated_Source\PSoC5/CapSense_SMS_Wrapper.c **** * Summary:
 185:Generated_Source\PSoC5/CapSense_SMS_Wrapper.c **** *  Empty wrapper for version compliance.
 186:Generated_Source\PSoC5/CapSense_SMS_Wrapper.c **** *
 187:Generated_Source\PSoC5/CapSense_SMS_Wrapper.c **** * Parameters:
 188:Generated_Source\PSoC5/CapSense_SMS_Wrapper.c **** *  prescaler:  prascaler value.
 189:Generated_Source\PSoC5/CapSense_SMS_Wrapper.c **** *
 190:Generated_Source\PSoC5/CapSense_SMS_Wrapper.c **** * Return:
 191:Generated_Source\PSoC5/CapSense_SMS_Wrapper.c **** *  None
 192:Generated_Source\PSoC5/CapSense_SMS_Wrapper.c **** *
 193:Generated_Source\PSoC5/CapSense_SMS_Wrapper.c **** *******************************************************************************/
 194:Generated_Source\PSoC5/CapSense_SMS_Wrapper.c **** void SMS_LIB_SetPrescaler(uint8 prescaler) 
 195:Generated_Source\PSoC5/CapSense_SMS_Wrapper.c **** {
 123              		.loc 1 195 0
 124              		.cfi_startproc
 125              		@ args = 0, pretend = 0, frame = 0
 126              		@ frame_needed = 0, uses_anonymous_args = 0
 127              		@ link register save eliminated.
 128              	.LVL6:
 129 0000 7047     		bx	lr
 130              		.cfi_endproc
 131              	.LFE4:
 132              		.size	SMS_LIB_SetPrescaler, .-SMS_LIB_SetPrescaler
 133 0002 00BF     		.section	.text.SMS_LIB_V3_50_SetAnalogSwitchesSrc_PRS,"ax",%progbits
 134              		.align	2
 135              		.global	SMS_LIB_V3_50_SetAnalogSwitchesSrc_PRS
 136              		.thumb
 137              		.thumb_func
 138              		.type	SMS_LIB_V3_50_SetAnalogSwitchesSrc_PRS, %function
 139              	SMS_LIB_V3_50_SetAnalogSwitchesSrc_PRS:
 140              	.LFB5:
 196:Generated_Source\PSoC5/CapSense_SMS_Wrapper.c ****     prescaler = prescaler;
 197:Generated_Source\PSoC5/CapSense_SMS_Wrapper.c **** }
 198:Generated_Source\PSoC5/CapSense_SMS_Wrapper.c **** 
 199:Generated_Source\PSoC5/CapSense_SMS_Wrapper.c **** void SMS_LIB_V3_50_SetAnalogSwitchesSrc_PRS(void) 
 200:Generated_Source\PSoC5/CapSense_SMS_Wrapper.c **** {
 141              		.loc 1 200 0
 142              		.cfi_startproc
ARM GAS  C:\Users\USUARIO\AppData\Local\Temp\ccwdyD9g.s 			page 7


 143              		@ args = 0, pretend = 0, frame = 0
 144              		@ frame_needed = 0, uses_anonymous_args = 0
 145              		.loc 1 200 0
 146 0000 08B5     		push	{r3, lr}
 147              		.cfi_def_cfa_offset 8
 148              		.cfi_offset 3, -8
 149              		.cfi_offset 14, -4
 201:Generated_Source\PSoC5/CapSense_SMS_Wrapper.c **** 	CapSense_SetAnalogSwitchesSource(CapSense_ANALOG_SWITCHES_SRC_PRS);
 150              		.loc 1 201 0
 151 0002 0220     		movs	r0, #2
 152 0004 FFF7FEFF 		bl	CapSense_SetAnalogSwitchesSource
 153              	.LVL7:
 154 0008 08BD     		pop	{r3, pc}
 155              		.cfi_endproc
 156              	.LFE5:
 157              		.size	SMS_LIB_V3_50_SetAnalogSwitchesSrc_PRS, .-SMS_LIB_V3_50_SetAnalogSwitchesSrc_PRS
 158 000a 00BF     		.section	.text.SMS_LIB_V3_50_SetAnalogSwitchesSrc_Prescaler,"ax",%progbits
 159              		.align	2
 160              		.global	SMS_LIB_V3_50_SetAnalogSwitchesSrc_Prescaler
 161              		.thumb
 162              		.thumb_func
 163              		.type	SMS_LIB_V3_50_SetAnalogSwitchesSrc_Prescaler, %function
 164              	SMS_LIB_V3_50_SetAnalogSwitchesSrc_Prescaler:
 165              	.LFB6:
 202:Generated_Source\PSoC5/CapSense_SMS_Wrapper.c **** }
 203:Generated_Source\PSoC5/CapSense_SMS_Wrapper.c **** 
 204:Generated_Source\PSoC5/CapSense_SMS_Wrapper.c **** void SMS_LIB_V3_50_SetAnalogSwitchesSrc_Prescaler(void) 
 205:Generated_Source\PSoC5/CapSense_SMS_Wrapper.c **** {
 166              		.loc 1 205 0
 167              		.cfi_startproc
 168              		@ args = 0, pretend = 0, frame = 0
 169              		@ frame_needed = 0, uses_anonymous_args = 0
 170 0000 08B5     		push	{r3, lr}
 171              		.cfi_def_cfa_offset 8
 172              		.cfi_offset 3, -8
 173              		.cfi_offset 14, -4
 206:Generated_Source\PSoC5/CapSense_SMS_Wrapper.c **** 	CapSense_SetAnalogSwitchesSource(CapSense_ANALOG_SWITCHES_SRC_PRESCALER);
 174              		.loc 1 206 0
 175 0002 0120     		movs	r0, #1
 176 0004 FFF7FEFF 		bl	CapSense_SetAnalogSwitchesSource
 177              	.LVL8:
 178 0008 08BD     		pop	{r3, pc}
 179              		.cfi_endproc
 180              	.LFE6:
 181              		.size	SMS_LIB_V3_50_SetAnalogSwitchesSrc_Prescaler, .-SMS_LIB_V3_50_SetAnalogSwitchesSrc_Prescaler
 182              		.global	SMS_LIB_TotalSnsCnt_CH1
 183              		.global	SMS_LIB_TotalSnsCnt_CH0
 184              		.global	SMS_LIB_EndOfWidgInd
 185              		.global	SMS_LIB_TotalScanSlCnt
 186              		.global	SMS_LIB_TotalSnsCnt
 187              		.global	SMS_LIB_Var2
 188              		.global	SMS_LIB_Var1
 189              		.comm	SMS_LIB_Table9,4,4
 190              		.comm	SMS_LIB_Table8,4,4
 191              		.comm	SMS_LIB_Table7,4,4
 192              		.comm	SMS_LIB_Table6,4,4
 193              		.comm	SMS_LIB_Table5,8,4
ARM GAS  C:\Users\USUARIO\AppData\Local\Temp\ccwdyD9g.s 			page 8


 194              		.comm	SMS_LIB_Table4,8,4
 195              		.comm	SMS_LIB_Table3,4,4
 196              		.comm	SMS_LIB_Table2,4,4
 197              		.global	SMS_LIB_PrescalerTbl
 198              		.global	SMS_LIB_SensorSensitivity
 199              		.global	SMS_LIB_SensorBaseline
 200              		.global	SMS_LIB_SensorRaw
 201              		.global	SMS_LIB_prescaler
 202              		.global	SMS_LIB_idacSettings
 203              		.global	SMS_LIB_fingerThreshold
 204              		.global	SMS_LIB_rawDataIndex
 205              		.global	SMS_LIB_numberOfSensors
 206              		.global	SMS_LIB_widgetNumber
 207              		.global	SMS_LIB_widgetResolution
 208              		.global	SMS_LIB_hysteresis
 209              		.global	SMS_LIB_noiseThreshold
 210 000a 00BF     		.section	.rodata
 211              		.align	2
 212              		.type	SMS_LIB_PrescalerTbl, %object
 213              		.size	SMS_LIB_PrescalerTbl, 32
 214              	SMS_LIB_PrescalerTbl:
 215 0000 01       		.byte	1
 216 0001 01       		.byte	1
 217 0002 01       		.byte	1
 218 0003 01       		.byte	1
 219 0004 01       		.byte	1
 220 0005 01       		.byte	1
 221 0006 02       		.byte	2
 222 0007 02       		.byte	2
 223 0008 02       		.byte	2
 224 0009 02       		.byte	2
 225 000a 02       		.byte	2
 226 000b 03       		.byte	3
 227 000c 03       		.byte	3
 228 000d 03       		.byte	3
 229 000e 03       		.byte	3
 230 000f 03       		.byte	3
 231 0010 03       		.byte	3
 232 0011 04       		.byte	4
 233 0012 04       		.byte	4
 234 0013 04       		.byte	4
 235 0014 04       		.byte	4
 236 0015 04       		.byte	4
 237 0016 04       		.byte	4
 238 0017 05       		.byte	5
 239 0018 05       		.byte	5
 240 0019 05       		.byte	5
 241 001a 05       		.byte	5
 242 001b 05       		.byte	5
 243 001c 05       		.byte	5
 244 001d 06       		.byte	6
 245 001e 06       		.byte	6
 246 001f 06       		.byte	6
 247              		.type	SMS_LIB_SensorSensitivity, %object
 248              		.size	SMS_LIB_SensorSensitivity, 4
 249              	SMS_LIB_SensorSensitivity:
 250 0020 02       		.byte	2
ARM GAS  C:\Users\USUARIO\AppData\Local\Temp\ccwdyD9g.s 			page 9


 251 0021 02       		.byte	2
 252 0022 02       		.byte	2
 253 0023 02       		.byte	2
 254              		.data
 255              		.align	2
 256              		.type	SMS_LIB_EndOfWidgInd, %object
 257              		.size	SMS_LIB_EndOfWidgInd, 1
 258              	SMS_LIB_EndOfWidgInd:
 259 0000 04       		.byte	4
 260              		.type	SMS_LIB_TotalScanSlCnt, %object
 261              		.size	SMS_LIB_TotalScanSlCnt, 1
 262              	SMS_LIB_TotalScanSlCnt:
 263 0001 04       		.byte	4
 264              		.type	SMS_LIB_TotalSnsCnt, %object
 265              		.size	SMS_LIB_TotalSnsCnt, 1
 266              	SMS_LIB_TotalSnsCnt:
 267 0002 04       		.byte	4
 268 0003 00       		.space	1
 269              		.type	SMS_LIB_Var2, %object
 270              		.size	SMS_LIB_Var2, 2
 271              	SMS_LIB_Var2:
 272 0004 F229     		.short	10738
 273              		.type	SMS_LIB_Var1, %object
 274              		.size	SMS_LIB_Var1, 1
 275              	SMS_LIB_Var1:
 276 0006 05       		.byte	5
 277 0007 00       		.space	1
 278              		.type	SMS_LIB_SensorBaseline, %object
 279              		.size	SMS_LIB_SensorBaseline, 4
 280              	SMS_LIB_SensorBaseline:
 281 0008 00000000 		.word	CapSense_sensorBaseline
 282              		.type	SMS_LIB_SensorRaw, %object
 283              		.size	SMS_LIB_SensorRaw, 4
 284              	SMS_LIB_SensorRaw:
 285 000c 00000000 		.word	CapSense_sensorRaw
 286              		.type	SMS_LIB_prescaler, %object
 287              		.size	SMS_LIB_prescaler, 4
 288              	SMS_LIB_prescaler:
 289 0010 00000000 		.word	CapSense_analogSwitchDivider
 290              		.type	SMS_LIB_idacSettings, %object
 291              		.size	SMS_LIB_idacSettings, 4
 292              	SMS_LIB_idacSettings:
 293 0014 00000000 		.word	CapSense_idacSettings
 294              		.type	SMS_LIB_fingerThreshold, %object
 295              		.size	SMS_LIB_fingerThreshold, 4
 296              	SMS_LIB_fingerThreshold:
 297 0018 00000000 		.word	CapSense_fingerThreshold
 298              		.type	SMS_LIB_rawDataIndex, %object
 299              		.size	SMS_LIB_rawDataIndex, 4
 300              	SMS_LIB_rawDataIndex:
 301 001c 00000000 		.word	CapSense_rawDataIndex
 302              		.type	SMS_LIB_numberOfSensors, %object
 303              		.size	SMS_LIB_numberOfSensors, 4
 304              	SMS_LIB_numberOfSensors:
 305 0020 00000000 		.word	CapSense_numberOfSensors
 306              		.type	SMS_LIB_widgetNumber, %object
 307              		.size	SMS_LIB_widgetNumber, 4
ARM GAS  C:\Users\USUARIO\AppData\Local\Temp\ccwdyD9g.s 			page 10


 308              	SMS_LIB_widgetNumber:
 309 0024 00000000 		.word	CapSense_widgetNumber
 310              		.type	SMS_LIB_widgetResolution, %object
 311              		.size	SMS_LIB_widgetResolution, 4
 312              	SMS_LIB_widgetResolution:
 313 0028 00000000 		.word	CapSense_widgetResolution
 314              		.type	SMS_LIB_hysteresis, %object
 315              		.size	SMS_LIB_hysteresis, 4
 316              	SMS_LIB_hysteresis:
 317 002c 00000000 		.word	CapSense_hysteresis
 318              		.type	SMS_LIB_noiseThreshold, %object
 319              		.size	SMS_LIB_noiseThreshold, 4
 320              	SMS_LIB_noiseThreshold:
 321 0030 00000000 		.word	CapSense_noiseThreshold
 322              		.bss
 323              		.type	SMS_LIB_TotalSnsCnt_CH1, %object
 324              		.size	SMS_LIB_TotalSnsCnt_CH1, 1
 325              	SMS_LIB_TotalSnsCnt_CH1:
 326 0000 00       		.space	1
 327              		.type	SMS_LIB_TotalSnsCnt_CH0, %object
 328              		.size	SMS_LIB_TotalSnsCnt_CH0, 1
 329              	SMS_LIB_TotalSnsCnt_CH0:
 330 0001 00       		.space	1
 331              		.text
 332              	.Letext0:
 333              		.file 2 "Generated_Source\\PSoC5\\cytypes.h"
 334              		.file 3 "Generated_Source\\PSoC5\\CapSense.h"
 335              		.file 4 "Generated_Source\\PSoC5\\CapSense_CSHL.h"
 336              		.section	.debug_info,"",%progbits
 337              	.Ldebug_info0:
 338 0000 AF040000 		.4byte	0x4af
 339 0004 0400     		.2byte	0x4
 340 0006 00000000 		.4byte	.Ldebug_abbrev0
 341 000a 04       		.byte	0x4
 342 000b 01       		.uleb128 0x1
 343 000c 18040000 		.4byte	.LASF68
 344 0010 0C       		.byte	0xc
 345 0011 21020000 		.4byte	.LASF69
 346 0015 4A030000 		.4byte	.LASF70
 347 0019 00000000 		.4byte	.Ldebug_ranges0+0
 348 001d 00000000 		.4byte	0
 349 0021 00000000 		.4byte	.Ldebug_line0
 350 0025 02       		.uleb128 0x2
 351 0026 01       		.byte	0x1
 352 0027 06       		.byte	0x6
 353 0028 2C010000 		.4byte	.LASF0
 354 002c 02       		.uleb128 0x2
 355 002d 01       		.byte	0x1
 356 002e 08       		.byte	0x8
 357 002f C2030000 		.4byte	.LASF1
 358 0033 02       		.uleb128 0x2
 359 0034 02       		.byte	0x2
 360 0035 05       		.byte	0x5
 361 0036 F9030000 		.4byte	.LASF2
 362 003a 02       		.uleb128 0x2
 363 003b 02       		.byte	0x2
 364 003c 07       		.byte	0x7
ARM GAS  C:\Users\USUARIO\AppData\Local\Temp\ccwdyD9g.s 			page 11


 365 003d DC010000 		.4byte	.LASF3
 366 0041 02       		.uleb128 0x2
 367 0042 04       		.byte	0x4
 368 0043 05       		.byte	0x5
 369 0044 66010000 		.4byte	.LASF4
 370 0048 02       		.uleb128 0x2
 371 0049 04       		.byte	0x4
 372 004a 07       		.byte	0x7
 373 004b CA010000 		.4byte	.LASF5
 374 004f 02       		.uleb128 0x2
 375 0050 08       		.byte	0x8
 376 0051 05       		.byte	0x5
 377 0052 1E010000 		.4byte	.LASF6
 378 0056 02       		.uleb128 0x2
 379 0057 08       		.byte	0x8
 380 0058 07       		.byte	0x7
 381 0059 F4000000 		.4byte	.LASF7
 382 005d 03       		.uleb128 0x3
 383 005e 04       		.byte	0x4
 384 005f 05       		.byte	0x5
 385 0060 696E7400 		.ascii	"int\000"
 386 0064 02       		.uleb128 0x2
 387 0065 04       		.byte	0x4
 388 0066 07       		.byte	0x7
 389 0067 BD010000 		.4byte	.LASF8
 390 006b 04       		.uleb128 0x4
 391 006c 6F010000 		.4byte	.LASF9
 392 0070 02       		.byte	0x2
 393 0071 9201     		.2byte	0x192
 394 0073 2C000000 		.4byte	0x2c
 395 0077 04       		.uleb128 0x4
 396 0078 00000000 		.4byte	.LASF10
 397 007c 02       		.byte	0x2
 398 007d 9301     		.2byte	0x193
 399 007f 3A000000 		.4byte	0x3a
 400 0083 02       		.uleb128 0x2
 401 0084 04       		.byte	0x4
 402 0085 04       		.byte	0x4
 403 0086 3A030000 		.4byte	.LASF11
 404 008a 02       		.uleb128 0x2
 405 008b 08       		.byte	0x8
 406 008c 04       		.byte	0x4
 407 008d 75010000 		.4byte	.LASF12
 408 0091 02       		.uleb128 0x2
 409 0092 01       		.byte	0x1
 410 0093 08       		.byte	0x8
 411 0094 3B050000 		.4byte	.LASF13
 412 0098 02       		.uleb128 0x2
 413 0099 08       		.byte	0x8
 414 009a 04       		.byte	0x4
 415 009b D0020000 		.4byte	.LASF14
 416 009f 02       		.uleb128 0x2
 417 00a0 04       		.byte	0x4
 418 00a1 07       		.byte	0x7
 419 00a2 AF020000 		.4byte	.LASF15
 420 00a6 05       		.uleb128 0x5
 421 00a7 DE040000 		.4byte	.LASF16
ARM GAS  C:\Users\USUARIO\AppData\Local\Temp\ccwdyD9g.s 			page 12


 422 00ab 01       		.byte	0x1
 423 00ac 6A       		.byte	0x6a
 424 00ad 00000000 		.4byte	.LFB0
 425 00b1 08000000 		.4byte	.LFE0-.LFB0
 426 00b5 01       		.uleb128 0x1
 427 00b6 9C       		.byte	0x9c
 428 00b7 D4000000 		.4byte	0xd4
 429 00bb 06       		.uleb128 0x6
 430 00bc 59010000 		.4byte	.LASF18
 431 00c0 01       		.byte	0x1
 432 00c1 6A       		.byte	0x6a
 433 00c2 6B000000 		.4byte	0x6b
 434 00c6 00000000 		.4byte	.LLST0
 435 00ca 07       		.uleb128 0x7
 436 00cb 06000000 		.4byte	.LVL1
 437 00cf 7B040000 		.4byte	0x47b
 438 00d3 00       		.byte	0
 439 00d4 08       		.uleb128 0x8
 440 00d5 D0030000 		.4byte	.LASF71
 441 00d9 01       		.byte	0x1
 442 00da 7D       		.byte	0x7d
 443 00db 6B000000 		.4byte	0x6b
 444 00df 00000000 		.4byte	.LFB1
 445 00e3 08000000 		.4byte	.LFE1-.LFB1
 446 00e7 01       		.uleb128 0x1
 447 00e8 9C       		.byte	0x9c
 448 00e9 F7000000 		.4byte	0xf7
 449 00ed 07       		.uleb128 0x7
 450 00ee 06000000 		.4byte	.LVL2
 451 00f2 86040000 		.4byte	0x486
 452 00f6 00       		.byte	0
 453 00f7 05       		.uleb128 0x5
 454 00f8 04020000 		.4byte	.LASF17
 455 00fc 01       		.byte	0x1
 456 00fd 94       		.byte	0x94
 457 00fe 00000000 		.4byte	.LFB2
 458 0102 08000000 		.4byte	.LFE2-.LFB2
 459 0106 01       		.uleb128 0x1
 460 0107 9C       		.byte	0x9c
 461 0108 25010000 		.4byte	0x125
 462 010c 06       		.uleb128 0x6
 463 010d 59010000 		.4byte	.LASF18
 464 0111 01       		.byte	0x1
 465 0112 94       		.byte	0x94
 466 0113 6B000000 		.4byte	0x6b
 467 0117 21000000 		.4byte	.LLST1
 468 011b 07       		.uleb128 0x7
 469 011c 06000000 		.4byte	.LVL4
 470 0120 91040000 		.4byte	0x491
 471 0124 00       		.byte	0
 472 0125 05       		.uleb128 0x5
 473 0126 69020000 		.4byte	.LASF19
 474 012a 01       		.byte	0x1
 475 012b AB       		.byte	0xab
 476 012c 00000000 		.4byte	.LFB3
 477 0130 08000000 		.4byte	.LFE3-.LFB3
 478 0134 01       		.uleb128 0x1
ARM GAS  C:\Users\USUARIO\AppData\Local\Temp\ccwdyD9g.s 			page 13


 479 0135 9C       		.byte	0x9c
 480 0136 44010000 		.4byte	0x144
 481 013a 07       		.uleb128 0x7
 482 013b 06000000 		.4byte	.LVL5
 483 013f 9C040000 		.4byte	0x49c
 484 0143 00       		.byte	0
 485 0144 05       		.uleb128 0x5
 486 0145 EE050000 		.4byte	.LASF20
 487 0149 01       		.byte	0x1
 488 014a C2       		.byte	0xc2
 489 014b 00000000 		.4byte	.LFB4
 490 014f 02000000 		.4byte	.LFE4-.LFB4
 491 0153 01       		.uleb128 0x1
 492 0154 9C       		.byte	0x9c
 493 0155 69010000 		.4byte	0x169
 494 0159 06       		.uleb128 0x6
 495 015a 40030000 		.4byte	.LASF21
 496 015e 01       		.byte	0x1
 497 015f C2       		.byte	0xc2
 498 0160 6B000000 		.4byte	0x6b
 499 0164 42000000 		.4byte	.LLST2
 500 0168 00       		.byte	0
 501 0169 05       		.uleb128 0x5
 502 016a 75000000 		.4byte	.LASF22
 503 016e 01       		.byte	0x1
 504 016f C7       		.byte	0xc7
 505 0170 00000000 		.4byte	.LFB5
 506 0174 0A000000 		.4byte	.LFE5-.LFB5
 507 0178 01       		.uleb128 0x1
 508 0179 9C       		.byte	0x9c
 509 017a 8E010000 		.4byte	0x18e
 510 017e 09       		.uleb128 0x9
 511 017f 08000000 		.4byte	.LVL7
 512 0183 A7040000 		.4byte	0x4a7
 513 0187 0A       		.uleb128 0xa
 514 0188 01       		.uleb128 0x1
 515 0189 50       		.byte	0x50
 516 018a 01       		.uleb128 0x1
 517 018b 32       		.byte	0x32
 518 018c 00       		.byte	0
 519 018d 00       		.byte	0
 520 018e 05       		.uleb128 0x5
 521 018f 57050000 		.4byte	.LASF23
 522 0193 01       		.byte	0x1
 523 0194 CC       		.byte	0xcc
 524 0195 00000000 		.4byte	.LFB6
 525 0199 0A000000 		.4byte	.LFE6-.LFB6
 526 019d 01       		.uleb128 0x1
 527 019e 9C       		.byte	0x9c
 528 019f B3010000 		.4byte	0x1b3
 529 01a3 09       		.uleb128 0x9
 530 01a4 08000000 		.4byte	.LVL8
 531 01a8 A7040000 		.4byte	0x4a7
 532 01ac 0A       		.uleb128 0xa
 533 01ad 01       		.uleb128 0x1
 534 01ae 50       		.byte	0x50
 535 01af 01       		.uleb128 0x1
ARM GAS  C:\Users\USUARIO\AppData\Local\Temp\ccwdyD9g.s 			page 14


 536 01b0 31       		.byte	0x31
 537 01b1 00       		.byte	0
 538 01b2 00       		.byte	0
 539 01b3 0B       		.uleb128 0xb
 540 01b4 77000000 		.4byte	0x77
 541 01b8 C3010000 		.4byte	0x1c3
 542 01bc 0C       		.uleb128 0xc
 543 01bd 9F000000 		.4byte	0x9f
 544 01c1 03       		.byte	0x3
 545 01c2 00       		.byte	0
 546 01c3 0D       		.uleb128 0xd
 547 01c4 DB050000 		.4byte	.LASF24
 548 01c8 03       		.byte	0x3
 549 01c9 BC02     		.2byte	0x2bc
 550 01cb B3010000 		.4byte	0x1b3
 551 01cf 0B       		.uleb128 0xb
 552 01d0 DF010000 		.4byte	0x1df
 553 01d4 DF010000 		.4byte	0x1df
 554 01d8 0C       		.uleb128 0xc
 555 01d9 9F000000 		.4byte	0x9f
 556 01dd 03       		.byte	0x3
 557 01de 00       		.byte	0
 558 01df 0E       		.uleb128 0xe
 559 01e0 6B000000 		.4byte	0x6b
 560 01e4 0D       		.uleb128 0xd
 561 01e5 7C010000 		.4byte	.LASF25
 562 01e9 04       		.byte	0x4
 563 01ea 0701     		.2byte	0x107
 564 01ec F0010000 		.4byte	0x1f0
 565 01f0 0E       		.uleb128 0xe
 566 01f1 CF010000 		.4byte	0x1cf
 567 01f5 0D       		.uleb128 0xd
 568 01f6 14050000 		.4byte	.LASF26
 569 01fa 04       		.byte	0x4
 570 01fb 0901     		.2byte	0x109
 571 01fd B3010000 		.4byte	0x1b3
 572 0201 0B       		.uleb128 0xb
 573 0202 6B000000 		.4byte	0x6b
 574 0206 11020000 		.4byte	0x211
 575 020a 0C       		.uleb128 0xc
 576 020b 9F000000 		.4byte	0x9f
 577 020f 03       		.byte	0x3
 578 0210 00       		.byte	0
 579 0211 0F       		.uleb128 0xf
 580 0212 B8020000 		.4byte	.LASF27
 581 0216 01       		.byte	0x1
 582 0217 17       		.byte	0x17
 583 0218 01020000 		.4byte	0x201
 584 021c 0F       		.uleb128 0xf
 585 021d 34000000 		.4byte	.LASF28
 586 0221 01       		.byte	0x1
 587 0222 18       		.byte	0x18
 588 0223 01020000 		.4byte	0x201
 589 0227 0F       		.uleb128 0xf
 590 0228 DF030000 		.4byte	.LASF29
 591 022c 01       		.byte	0x1
 592 022d 19       		.byte	0x19
ARM GAS  C:\Users\USUARIO\AppData\Local\Temp\ccwdyD9g.s 			page 15


 593 022e 01020000 		.4byte	0x201
 594 0232 0F       		.uleb128 0xf
 595 0233 45060000 		.4byte	.LASF30
 596 0237 01       		.byte	0x1
 597 0238 1A       		.byte	0x1a
 598 0239 3D020000 		.4byte	0x23d
 599 023d 0E       		.uleb128 0xe
 600 023e CF010000 		.4byte	0x1cf
 601 0242 0F       		.uleb128 0xf
 602 0243 A6040000 		.4byte	.LASF31
 603 0247 01       		.byte	0x1
 604 0248 1B       		.byte	0x1b
 605 0249 4D020000 		.4byte	0x24d
 606 024d 0E       		.uleb128 0xe
 607 024e CF010000 		.4byte	0x1cf
 608 0252 0F       		.uleb128 0xf
 609 0253 0B030000 		.4byte	.LASF32
 610 0257 01       		.byte	0x1
 611 0258 1D       		.byte	0x1d
 612 0259 01020000 		.4byte	0x201
 613 025d 0F       		.uleb128 0xf
 614 025e 24030000 		.4byte	.LASF33
 615 0262 01       		.byte	0x1
 616 0263 1E       		.byte	0x1e
 617 0264 01020000 		.4byte	0x201
 618 0268 0F       		.uleb128 0xf
 619 0269 7B020000 		.4byte	.LASF34
 620 026d 01       		.byte	0x1
 621 026e 1F       		.byte	0x1f
 622 026f 01020000 		.4byte	0x201
 623 0273 10       		.uleb128 0x10
 624 0274 98020000 		.4byte	.LASF35
 625 0278 01       		.byte	0x1
 626 0279 25       		.byte	0x25
 627 027a 84020000 		.4byte	0x284
 628 027e 05       		.uleb128 0x5
 629 027f 03       		.byte	0x3
 630 0280 00000000 		.4byte	SMS_LIB_noiseThreshold
 631 0284 11       		.uleb128 0x11
 632 0285 04       		.byte	0x4
 633 0286 6B000000 		.4byte	0x6b
 634 028a 10       		.uleb128 0x10
 635 028b 0B010000 		.4byte	.LASF36
 636 028f 01       		.byte	0x1
 637 0290 26       		.byte	0x26
 638 0291 84020000 		.4byte	0x284
 639 0295 05       		.uleb128 0x5
 640 0296 03       		.byte	0x3
 641 0297 00000000 		.4byte	SMS_LIB_hysteresis
 642 029b 10       		.uleb128 0x10
 643 029c C3000000 		.4byte	.LASF37
 644 02a0 01       		.byte	0x1
 645 02a1 28       		.byte	0x28
 646 02a2 84020000 		.4byte	0x284
 647 02a6 05       		.uleb128 0x5
 648 02a7 03       		.byte	0x3
 649 02a8 00000000 		.4byte	SMS_LIB_widgetResolution
ARM GAS  C:\Users\USUARIO\AppData\Local\Temp\ccwdyD9g.s 			page 16


 650 02ac 10       		.uleb128 0x10
 651 02ad 9C000000 		.4byte	.LASF38
 652 02b1 01       		.byte	0x1
 653 02b2 2A       		.byte	0x2a
 654 02b3 BD020000 		.4byte	0x2bd
 655 02b7 05       		.uleb128 0x5
 656 02b8 03       		.byte	0x3
 657 02b9 00000000 		.4byte	SMS_LIB_widgetNumber
 658 02bd 11       		.uleb128 0x11
 659 02be 04       		.byte	0x4
 660 02bf DF010000 		.4byte	0x1df
 661 02c3 10       		.uleb128 0x10
 662 02c4 DC000000 		.4byte	.LASF39
 663 02c8 01       		.byte	0x1
 664 02c9 2B       		.byte	0x2b
 665 02ca BD020000 		.4byte	0x2bd
 666 02ce 05       		.uleb128 0x5
 667 02cf 03       		.byte	0x3
 668 02d0 00000000 		.4byte	SMS_LIB_numberOfSensors
 669 02d4 10       		.uleb128 0x10
 670 02d5 DC020000 		.4byte	.LASF40
 671 02d9 01       		.byte	0x1
 672 02da 2C       		.byte	0x2c
 673 02db BD020000 		.4byte	0x2bd
 674 02df 05       		.uleb128 0x5
 675 02e0 03       		.byte	0x3
 676 02e1 00000000 		.4byte	SMS_LIB_rawDataIndex
 677 02e5 10       		.uleb128 0x10
 678 02e6 03060000 		.4byte	.LASF41
 679 02ea 01       		.byte	0x1
 680 02eb 2E       		.byte	0x2e
 681 02ec 84020000 		.4byte	0x284
 682 02f0 05       		.uleb128 0x5
 683 02f1 03       		.byte	0x3
 684 02f2 00000000 		.4byte	SMS_LIB_fingerThreshold
 685 02f6 10       		.uleb128 0x10
 686 02f7 03040000 		.4byte	.LASF42
 687 02fb 01       		.byte	0x1
 688 02fc 2F       		.byte	0x2f
 689 02fd 84020000 		.4byte	0x284
 690 0301 05       		.uleb128 0x5
 691 0302 03       		.byte	0x3
 692 0303 00000000 		.4byte	SMS_LIB_idacSettings
 693 0307 10       		.uleb128 0x10
 694 0308 B1000000 		.4byte	.LASF43
 695 030c 01       		.byte	0x1
 696 030d 30       		.byte	0x30
 697 030e 84020000 		.4byte	0x284
 698 0312 05       		.uleb128 0x5
 699 0313 03       		.byte	0x3
 700 0314 00000000 		.4byte	SMS_LIB_prescaler
 701 0318 10       		.uleb128 0x10
 702 0319 84050000 		.4byte	.LASF44
 703 031d 01       		.byte	0x1
 704 031e 32       		.byte	0x32
 705 031f 29030000 		.4byte	0x329
 706 0323 05       		.uleb128 0x5
ARM GAS  C:\Users\USUARIO\AppData\Local\Temp\ccwdyD9g.s 			page 17


 707 0324 03       		.byte	0x3
 708 0325 00000000 		.4byte	SMS_LIB_SensorRaw
 709 0329 11       		.uleb128 0x11
 710 032a 04       		.byte	0x4
 711 032b 77000000 		.4byte	0x77
 712 032f 10       		.uleb128 0x10
 713 0330 40050000 		.4byte	.LASF45
 714 0334 01       		.byte	0x1
 715 0335 33       		.byte	0x33
 716 0336 29030000 		.4byte	0x329
 717 033a 05       		.uleb128 0x5
 718 033b 03       		.byte	0x3
 719 033c 00000000 		.4byte	SMS_LIB_SensorBaseline
 720 0340 10       		.uleb128 0x10
 721 0341 4F020000 		.4byte	.LASF46
 722 0345 01       		.byte	0x1
 723 0346 35       		.byte	0x35
 724 0347 51030000 		.4byte	0x351
 725 034b 05       		.uleb128 0x5
 726 034c 03       		.byte	0x3
 727 034d 00000000 		.4byte	SMS_LIB_SensorSensitivity
 728 0351 0E       		.uleb128 0xe
 729 0352 CF010000 		.4byte	0x1cf
 730 0356 0B       		.uleb128 0xb
 731 0357 DF010000 		.4byte	0x1df
 732 035b 66030000 		.4byte	0x366
 733 035f 0C       		.uleb128 0xc
 734 0360 9F000000 		.4byte	0x9f
 735 0364 1F       		.byte	0x1f
 736 0365 00       		.byte	0
 737 0366 10       		.uleb128 0x10
 738 0367 EF010000 		.4byte	.LASF47
 739 036b 01       		.byte	0x1
 740 036c 3A       		.byte	0x3a
 741 036d 77030000 		.4byte	0x377
 742 0371 05       		.uleb128 0x5
 743 0372 03       		.byte	0x3
 744 0373 00000000 		.4byte	SMS_LIB_PrescalerTbl
 745 0377 0E       		.uleb128 0xe
 746 0378 56030000 		.4byte	0x356
 747 037c 10       		.uleb128 0x10
 748 037d F1040000 		.4byte	.LASF48
 749 0381 01       		.byte	0x1
 750 0382 40       		.byte	0x40
 751 0383 01020000 		.4byte	0x201
 752 0387 05       		.uleb128 0x5
 753 0388 03       		.byte	0x3
 754 0389 00000000 		.4byte	SMS_LIB_Table2
 755 038d 10       		.uleb128 0x10
 756 038e 07000000 		.4byte	.LASF49
 757 0392 01       		.byte	0x1
 758 0393 41       		.byte	0x41
 759 0394 01020000 		.4byte	0x201
 760 0398 05       		.uleb128 0x5
 761 0399 03       		.byte	0x3
 762 039a 00000000 		.4byte	SMS_LIB_Table3
 763 039e 10       		.uleb128 0x10
ARM GAS  C:\Users\USUARIO\AppData\Local\Temp\ccwdyD9g.s 			page 18


 764 039f 16000000 		.4byte	.LASF50
 765 03a3 01       		.byte	0x1
 766 03a4 42       		.byte	0x42
 767 03a5 B3010000 		.4byte	0x1b3
 768 03a9 05       		.uleb128 0x5
 769 03aa 03       		.byte	0x3
 770 03ab 00000000 		.4byte	SMS_LIB_Table4
 771 03af 10       		.uleb128 0x10
 772 03b0 25000000 		.4byte	.LASF51
 773 03b4 01       		.byte	0x1
 774 03b5 43       		.byte	0x43
 775 03b6 B3010000 		.4byte	0x1b3
 776 03ba 05       		.uleb128 0x5
 777 03bb 03       		.byte	0x3
 778 03bc 00000000 		.4byte	SMS_LIB_Table5
 779 03c0 10       		.uleb128 0x10
 780 03c1 2C050000 		.4byte	.LASF52
 781 03c5 01       		.byte	0x1
 782 03c6 44       		.byte	0x44
 783 03c7 01020000 		.4byte	0x201
 784 03cb 05       		.uleb128 0x5
 785 03cc 03       		.byte	0x3
 786 03cd 00000000 		.4byte	SMS_LIB_Table6
 787 03d1 10       		.uleb128 0x10
 788 03d2 48000000 		.4byte	.LASF53
 789 03d6 01       		.byte	0x1
 790 03d7 45       		.byte	0x45
 791 03d8 01020000 		.4byte	0x201
 792 03dc 05       		.uleb128 0x5
 793 03dd 03       		.byte	0x3
 794 03de 00000000 		.4byte	SMS_LIB_Table7
 795 03e2 10       		.uleb128 0x10
 796 03e3 57000000 		.4byte	.LASF54
 797 03e7 01       		.byte	0x1
 798 03e8 47       		.byte	0x47
 799 03e9 01020000 		.4byte	0x201
 800 03ed 05       		.uleb128 0x5
 801 03ee 03       		.byte	0x3
 802 03ef 00000000 		.4byte	SMS_LIB_Table8
 803 03f3 10       		.uleb128 0x10
 804 03f4 66000000 		.4byte	.LASF55
 805 03f8 01       		.byte	0x1
 806 03f9 48       		.byte	0x48
 807 03fa 01020000 		.4byte	0x201
 808 03fe 05       		.uleb128 0x5
 809 03ff 03       		.byte	0x3
 810 0400 00000000 		.4byte	SMS_LIB_Table9
 811 0404 10       		.uleb128 0x10
 812 0405 1B060000 		.4byte	.LASF56
 813 0409 01       		.byte	0x1
 814 040a 4A       		.byte	0x4a
 815 040b 6B000000 		.4byte	0x6b
 816 040f 05       		.uleb128 0x5
 817 0410 03       		.byte	0x3
 818 0411 00000000 		.4byte	SMS_LIB_Var1
 819 0415 10       		.uleb128 0x10
 820 0416 28060000 		.4byte	.LASF57
ARM GAS  C:\Users\USUARIO\AppData\Local\Temp\ccwdyD9g.s 			page 19


 821 041a 01       		.byte	0x1
 822 041b 4B       		.byte	0x4b
 823 041c 77000000 		.4byte	0x77
 824 0420 05       		.uleb128 0x5
 825 0421 03       		.byte	0x3
 826 0422 00000000 		.4byte	SMS_LIB_Var2
 827 0426 10       		.uleb128 0x10
 828 0427 00050000 		.4byte	.LASF58
 829 042b 01       		.byte	0x1
 830 042c 4D       		.byte	0x4d
 831 042d 6B000000 		.4byte	0x6b
 832 0431 05       		.uleb128 0x5
 833 0432 03       		.byte	0x3
 834 0433 00000000 		.4byte	SMS_LIB_TotalSnsCnt
 835 0437 10       		.uleb128 0x10
 836 0438 92010000 		.4byte	.LASF59
 837 043c 01       		.byte	0x1
 838 043d 4E       		.byte	0x4e
 839 043e 6B000000 		.4byte	0x6b
 840 0442 05       		.uleb128 0x5
 841 0443 03       		.byte	0x3
 842 0444 00000000 		.4byte	SMS_LIB_TotalScanSlCnt
 843 0448 10       		.uleb128 0x10
 844 0449 C6050000 		.4byte	.LASF60
 845 044d 01       		.byte	0x1
 846 044e 4F       		.byte	0x4f
 847 044f 6B000000 		.4byte	0x6b
 848 0453 05       		.uleb128 0x5
 849 0454 03       		.byte	0x3
 850 0455 00000000 		.4byte	SMS_LIB_EndOfWidgInd
 851 0459 10       		.uleb128 0x10
 852 045a 96050000 		.4byte	.LASF61
 853 045e 01       		.byte	0x1
 854 045f 55       		.byte	0x55
 855 0460 6B000000 		.4byte	0x6b
 856 0464 05       		.uleb128 0x5
 857 0465 03       		.byte	0x3
 858 0466 00000000 		.4byte	SMS_LIB_TotalSnsCnt_CH0
 859 046a 10       		.uleb128 0x10
 860 046b AE050000 		.4byte	.LASF62
 861 046f 01       		.byte	0x1
 862 0470 56       		.byte	0x56
 863 0471 6B000000 		.4byte	0x6b
 864 0475 05       		.uleb128 0x5
 865 0476 03       		.byte	0x3
 866 0477 00000000 		.4byte	SMS_LIB_TotalSnsCnt_CH1
 867 047b 12       		.uleb128 0x12
 868 047c A9010000 		.4byte	.LASF63
 869 0480 A9010000 		.4byte	.LASF63
 870 0484 03       		.byte	0x3
 871 0485 9A       		.byte	0x9a
 872 0486 12       		.uleb128 0x12
 873 0487 35060000 		.4byte	.LASF64
 874 048b 35060000 		.4byte	.LASF64
 875 048f 03       		.byte	0x3
 876 0490 99       		.byte	0x99
 877 0491 12       		.uleb128 0x12
ARM GAS  C:\Users\USUARIO\AppData\Local\Temp\ccwdyD9g.s 			page 20


 878 0492 BC040000 		.4byte	.LASF65
 879 0496 BC040000 		.4byte	.LASF65
 880 049a 01       		.byte	0x1
 881 049b 21       		.byte	0x21
 882 049c 12       		.uleb128 0x12
 883 049d F1020000 		.4byte	.LASF66
 884 04a1 F1020000 		.4byte	.LASF66
 885 04a5 01       		.byte	0x1
 886 04a6 22       		.byte	0x22
 887 04a7 12       		.uleb128 0x12
 888 04a8 38010000 		.4byte	.LASF67
 889 04ac 38010000 		.4byte	.LASF67
 890 04b0 03       		.byte	0x3
 891 04b1 A2       		.byte	0xa2
 892 04b2 00       		.byte	0
 893              		.section	.debug_abbrev,"",%progbits
 894              	.Ldebug_abbrev0:
 895 0000 01       		.uleb128 0x1
 896 0001 11       		.uleb128 0x11
 897 0002 01       		.byte	0x1
 898 0003 25       		.uleb128 0x25
 899 0004 0E       		.uleb128 0xe
 900 0005 13       		.uleb128 0x13
 901 0006 0B       		.uleb128 0xb
 902 0007 03       		.uleb128 0x3
 903 0008 0E       		.uleb128 0xe
 904 0009 1B       		.uleb128 0x1b
 905 000a 0E       		.uleb128 0xe
 906 000b 55       		.uleb128 0x55
 907 000c 17       		.uleb128 0x17
 908 000d 11       		.uleb128 0x11
 909 000e 01       		.uleb128 0x1
 910 000f 10       		.uleb128 0x10
 911 0010 17       		.uleb128 0x17
 912 0011 00       		.byte	0
 913 0012 00       		.byte	0
 914 0013 02       		.uleb128 0x2
 915 0014 24       		.uleb128 0x24
 916 0015 00       		.byte	0
 917 0016 0B       		.uleb128 0xb
 918 0017 0B       		.uleb128 0xb
 919 0018 3E       		.uleb128 0x3e
 920 0019 0B       		.uleb128 0xb
 921 001a 03       		.uleb128 0x3
 922 001b 0E       		.uleb128 0xe
 923 001c 00       		.byte	0
 924 001d 00       		.byte	0
 925 001e 03       		.uleb128 0x3
 926 001f 24       		.uleb128 0x24
 927 0020 00       		.byte	0
 928 0021 0B       		.uleb128 0xb
 929 0022 0B       		.uleb128 0xb
 930 0023 3E       		.uleb128 0x3e
 931 0024 0B       		.uleb128 0xb
 932 0025 03       		.uleb128 0x3
 933 0026 08       		.uleb128 0x8
 934 0027 00       		.byte	0
ARM GAS  C:\Users\USUARIO\AppData\Local\Temp\ccwdyD9g.s 			page 21


 935 0028 00       		.byte	0
 936 0029 04       		.uleb128 0x4
 937 002a 16       		.uleb128 0x16
 938 002b 00       		.byte	0
 939 002c 03       		.uleb128 0x3
 940 002d 0E       		.uleb128 0xe
 941 002e 3A       		.uleb128 0x3a
 942 002f 0B       		.uleb128 0xb
 943 0030 3B       		.uleb128 0x3b
 944 0031 05       		.uleb128 0x5
 945 0032 49       		.uleb128 0x49
 946 0033 13       		.uleb128 0x13
 947 0034 00       		.byte	0
 948 0035 00       		.byte	0
 949 0036 05       		.uleb128 0x5
 950 0037 2E       		.uleb128 0x2e
 951 0038 01       		.byte	0x1
 952 0039 3F       		.uleb128 0x3f
 953 003a 19       		.uleb128 0x19
 954 003b 03       		.uleb128 0x3
 955 003c 0E       		.uleb128 0xe
 956 003d 3A       		.uleb128 0x3a
 957 003e 0B       		.uleb128 0xb
 958 003f 3B       		.uleb128 0x3b
 959 0040 0B       		.uleb128 0xb
 960 0041 27       		.uleb128 0x27
 961 0042 19       		.uleb128 0x19
 962 0043 11       		.uleb128 0x11
 963 0044 01       		.uleb128 0x1
 964 0045 12       		.uleb128 0x12
 965 0046 06       		.uleb128 0x6
 966 0047 40       		.uleb128 0x40
 967 0048 18       		.uleb128 0x18
 968 0049 9742     		.uleb128 0x2117
 969 004b 19       		.uleb128 0x19
 970 004c 01       		.uleb128 0x1
 971 004d 13       		.uleb128 0x13
 972 004e 00       		.byte	0
 973 004f 00       		.byte	0
 974 0050 06       		.uleb128 0x6
 975 0051 05       		.uleb128 0x5
 976 0052 00       		.byte	0
 977 0053 03       		.uleb128 0x3
 978 0054 0E       		.uleb128 0xe
 979 0055 3A       		.uleb128 0x3a
 980 0056 0B       		.uleb128 0xb
 981 0057 3B       		.uleb128 0x3b
 982 0058 0B       		.uleb128 0xb
 983 0059 49       		.uleb128 0x49
 984 005a 13       		.uleb128 0x13
 985 005b 02       		.uleb128 0x2
 986 005c 17       		.uleb128 0x17
 987 005d 00       		.byte	0
 988 005e 00       		.byte	0
 989 005f 07       		.uleb128 0x7
 990 0060 898201   		.uleb128 0x4109
 991 0063 00       		.byte	0
ARM GAS  C:\Users\USUARIO\AppData\Local\Temp\ccwdyD9g.s 			page 22


 992 0064 11       		.uleb128 0x11
 993 0065 01       		.uleb128 0x1
 994 0066 31       		.uleb128 0x31
 995 0067 13       		.uleb128 0x13
 996 0068 00       		.byte	0
 997 0069 00       		.byte	0
 998 006a 08       		.uleb128 0x8
 999 006b 2E       		.uleb128 0x2e
 1000 006c 01       		.byte	0x1
 1001 006d 3F       		.uleb128 0x3f
 1002 006e 19       		.uleb128 0x19
 1003 006f 03       		.uleb128 0x3
 1004 0070 0E       		.uleb128 0xe
 1005 0071 3A       		.uleb128 0x3a
 1006 0072 0B       		.uleb128 0xb
 1007 0073 3B       		.uleb128 0x3b
 1008 0074 0B       		.uleb128 0xb
 1009 0075 27       		.uleb128 0x27
 1010 0076 19       		.uleb128 0x19
 1011 0077 49       		.uleb128 0x49
 1012 0078 13       		.uleb128 0x13
 1013 0079 11       		.uleb128 0x11
 1014 007a 01       		.uleb128 0x1
 1015 007b 12       		.uleb128 0x12
 1016 007c 06       		.uleb128 0x6
 1017 007d 40       		.uleb128 0x40
 1018 007e 18       		.uleb128 0x18
 1019 007f 9742     		.uleb128 0x2117
 1020 0081 19       		.uleb128 0x19
 1021 0082 01       		.uleb128 0x1
 1022 0083 13       		.uleb128 0x13
 1023 0084 00       		.byte	0
 1024 0085 00       		.byte	0
 1025 0086 09       		.uleb128 0x9
 1026 0087 898201   		.uleb128 0x4109
 1027 008a 01       		.byte	0x1
 1028 008b 11       		.uleb128 0x11
 1029 008c 01       		.uleb128 0x1
 1030 008d 31       		.uleb128 0x31
 1031 008e 13       		.uleb128 0x13
 1032 008f 00       		.byte	0
 1033 0090 00       		.byte	0
 1034 0091 0A       		.uleb128 0xa
 1035 0092 8A8201   		.uleb128 0x410a
 1036 0095 00       		.byte	0
 1037 0096 02       		.uleb128 0x2
 1038 0097 18       		.uleb128 0x18
 1039 0098 9142     		.uleb128 0x2111
 1040 009a 18       		.uleb128 0x18
 1041 009b 00       		.byte	0
 1042 009c 00       		.byte	0
 1043 009d 0B       		.uleb128 0xb
 1044 009e 01       		.uleb128 0x1
 1045 009f 01       		.byte	0x1
 1046 00a0 49       		.uleb128 0x49
 1047 00a1 13       		.uleb128 0x13
 1048 00a2 01       		.uleb128 0x1
ARM GAS  C:\Users\USUARIO\AppData\Local\Temp\ccwdyD9g.s 			page 23


 1049 00a3 13       		.uleb128 0x13
 1050 00a4 00       		.byte	0
 1051 00a5 00       		.byte	0
 1052 00a6 0C       		.uleb128 0xc
 1053 00a7 21       		.uleb128 0x21
 1054 00a8 00       		.byte	0
 1055 00a9 49       		.uleb128 0x49
 1056 00aa 13       		.uleb128 0x13
 1057 00ab 2F       		.uleb128 0x2f
 1058 00ac 0B       		.uleb128 0xb
 1059 00ad 00       		.byte	0
 1060 00ae 00       		.byte	0
 1061 00af 0D       		.uleb128 0xd
 1062 00b0 34       		.uleb128 0x34
 1063 00b1 00       		.byte	0
 1064 00b2 03       		.uleb128 0x3
 1065 00b3 0E       		.uleb128 0xe
 1066 00b4 3A       		.uleb128 0x3a
 1067 00b5 0B       		.uleb128 0xb
 1068 00b6 3B       		.uleb128 0x3b
 1069 00b7 05       		.uleb128 0x5
 1070 00b8 49       		.uleb128 0x49
 1071 00b9 13       		.uleb128 0x13
 1072 00ba 3F       		.uleb128 0x3f
 1073 00bb 19       		.uleb128 0x19
 1074 00bc 3C       		.uleb128 0x3c
 1075 00bd 19       		.uleb128 0x19
 1076 00be 00       		.byte	0
 1077 00bf 00       		.byte	0
 1078 00c0 0E       		.uleb128 0xe
 1079 00c1 26       		.uleb128 0x26
 1080 00c2 00       		.byte	0
 1081 00c3 49       		.uleb128 0x49
 1082 00c4 13       		.uleb128 0x13
 1083 00c5 00       		.byte	0
 1084 00c6 00       		.byte	0
 1085 00c7 0F       		.uleb128 0xf
 1086 00c8 34       		.uleb128 0x34
 1087 00c9 00       		.byte	0
 1088 00ca 03       		.uleb128 0x3
 1089 00cb 0E       		.uleb128 0xe
 1090 00cc 3A       		.uleb128 0x3a
 1091 00cd 0B       		.uleb128 0xb
 1092 00ce 3B       		.uleb128 0x3b
 1093 00cf 0B       		.uleb128 0xb
 1094 00d0 49       		.uleb128 0x49
 1095 00d1 13       		.uleb128 0x13
 1096 00d2 3F       		.uleb128 0x3f
 1097 00d3 19       		.uleb128 0x19
 1098 00d4 3C       		.uleb128 0x3c
 1099 00d5 19       		.uleb128 0x19
 1100 00d6 00       		.byte	0
 1101 00d7 00       		.byte	0
 1102 00d8 10       		.uleb128 0x10
 1103 00d9 34       		.uleb128 0x34
 1104 00da 00       		.byte	0
 1105 00db 03       		.uleb128 0x3
ARM GAS  C:\Users\USUARIO\AppData\Local\Temp\ccwdyD9g.s 			page 24


 1106 00dc 0E       		.uleb128 0xe
 1107 00dd 3A       		.uleb128 0x3a
 1108 00de 0B       		.uleb128 0xb
 1109 00df 3B       		.uleb128 0x3b
 1110 00e0 0B       		.uleb128 0xb
 1111 00e1 49       		.uleb128 0x49
 1112 00e2 13       		.uleb128 0x13
 1113 00e3 3F       		.uleb128 0x3f
 1114 00e4 19       		.uleb128 0x19
 1115 00e5 02       		.uleb128 0x2
 1116 00e6 18       		.uleb128 0x18
 1117 00e7 00       		.byte	0
 1118 00e8 00       		.byte	0
 1119 00e9 11       		.uleb128 0x11
 1120 00ea 0F       		.uleb128 0xf
 1121 00eb 00       		.byte	0
 1122 00ec 0B       		.uleb128 0xb
 1123 00ed 0B       		.uleb128 0xb
 1124 00ee 49       		.uleb128 0x49
 1125 00ef 13       		.uleb128 0x13
 1126 00f0 00       		.byte	0
 1127 00f1 00       		.byte	0
 1128 00f2 12       		.uleb128 0x12
 1129 00f3 2E       		.uleb128 0x2e
 1130 00f4 00       		.byte	0
 1131 00f5 3F       		.uleb128 0x3f
 1132 00f6 19       		.uleb128 0x19
 1133 00f7 3C       		.uleb128 0x3c
 1134 00f8 19       		.uleb128 0x19
 1135 00f9 6E       		.uleb128 0x6e
 1136 00fa 0E       		.uleb128 0xe
 1137 00fb 03       		.uleb128 0x3
 1138 00fc 0E       		.uleb128 0xe
 1139 00fd 3A       		.uleb128 0x3a
 1140 00fe 0B       		.uleb128 0xb
 1141 00ff 3B       		.uleb128 0x3b
 1142 0100 0B       		.uleb128 0xb
 1143 0101 00       		.byte	0
 1144 0102 00       		.byte	0
 1145 0103 00       		.byte	0
 1146              		.section	.debug_loc,"",%progbits
 1147              	.Ldebug_loc0:
 1148              	.LLST0:
 1149 0000 00000000 		.4byte	.LVL0
 1150 0004 05000000 		.4byte	.LVL1-1
 1151 0008 0100     		.2byte	0x1
 1152 000a 50       		.byte	0x50
 1153 000b 05000000 		.4byte	.LVL1-1
 1154 000f 08000000 		.4byte	.LFE0
 1155 0013 0400     		.2byte	0x4
 1156 0015 F3       		.byte	0xf3
 1157 0016 01       		.uleb128 0x1
 1158 0017 50       		.byte	0x50
 1159 0018 9F       		.byte	0x9f
 1160 0019 00000000 		.4byte	0
 1161 001d 00000000 		.4byte	0
 1162              	.LLST1:
ARM GAS  C:\Users\USUARIO\AppData\Local\Temp\ccwdyD9g.s 			page 25


 1163 0021 00000000 		.4byte	.LVL3
 1164 0025 05000000 		.4byte	.LVL4-1
 1165 0029 0100     		.2byte	0x1
 1166 002b 50       		.byte	0x50
 1167 002c 05000000 		.4byte	.LVL4-1
 1168 0030 08000000 		.4byte	.LFE2
 1169 0034 0400     		.2byte	0x4
 1170 0036 F3       		.byte	0xf3
 1171 0037 01       		.uleb128 0x1
 1172 0038 50       		.byte	0x50
 1173 0039 9F       		.byte	0x9f
 1174 003a 00000000 		.4byte	0
 1175 003e 00000000 		.4byte	0
 1176              	.LLST2:
 1177 0042 00000000 		.4byte	.LVL6
 1178 0046 00000000 		.4byte	.LVL6
 1179 004a 0100     		.2byte	0x1
 1180 004c 50       		.byte	0x50
 1181 004d 00000000 		.4byte	.LVL6
 1182 0051 02000000 		.4byte	.LFE4
 1183 0055 0400     		.2byte	0x4
 1184 0057 F3       		.byte	0xf3
 1185 0058 01       		.uleb128 0x1
 1186 0059 50       		.byte	0x50
 1187 005a 9F       		.byte	0x9f
 1188 005b 00000000 		.4byte	0
 1189 005f 00000000 		.4byte	0
 1190              		.section	.debug_aranges,"",%progbits
 1191 0000 4C000000 		.4byte	0x4c
 1192 0004 0200     		.2byte	0x2
 1193 0006 00000000 		.4byte	.Ldebug_info0
 1194 000a 04       		.byte	0x4
 1195 000b 00       		.byte	0
 1196 000c 0000     		.2byte	0
 1197 000e 0000     		.2byte	0
 1198 0010 00000000 		.4byte	.LFB0
 1199 0014 08000000 		.4byte	.LFE0-.LFB0
 1200 0018 00000000 		.4byte	.LFB1
 1201 001c 08000000 		.4byte	.LFE1-.LFB1
 1202 0020 00000000 		.4byte	.LFB2
 1203 0024 08000000 		.4byte	.LFE2-.LFB2
 1204 0028 00000000 		.4byte	.LFB3
 1205 002c 08000000 		.4byte	.LFE3-.LFB3
 1206 0030 00000000 		.4byte	.LFB4
 1207 0034 02000000 		.4byte	.LFE4-.LFB4
 1208 0038 00000000 		.4byte	.LFB5
 1209 003c 0A000000 		.4byte	.LFE5-.LFB5
 1210 0040 00000000 		.4byte	.LFB6
 1211 0044 0A000000 		.4byte	.LFE6-.LFB6
 1212 0048 00000000 		.4byte	0
 1213 004c 00000000 		.4byte	0
 1214              		.section	.debug_ranges,"",%progbits
 1215              	.Ldebug_ranges0:
 1216 0000 00000000 		.4byte	.LFB0
 1217 0004 08000000 		.4byte	.LFE0
 1218 0008 00000000 		.4byte	.LFB1
 1219 000c 08000000 		.4byte	.LFE1
ARM GAS  C:\Users\USUARIO\AppData\Local\Temp\ccwdyD9g.s 			page 26


 1220 0010 00000000 		.4byte	.LFB2
 1221 0014 08000000 		.4byte	.LFE2
 1222 0018 00000000 		.4byte	.LFB3
 1223 001c 08000000 		.4byte	.LFE3
 1224 0020 00000000 		.4byte	.LFB4
 1225 0024 02000000 		.4byte	.LFE4
 1226 0028 00000000 		.4byte	.LFB5
 1227 002c 0A000000 		.4byte	.LFE5
 1228 0030 00000000 		.4byte	.LFB6
 1229 0034 0A000000 		.4byte	.LFE6
 1230 0038 00000000 		.4byte	0
 1231 003c 00000000 		.4byte	0
 1232              		.section	.debug_line,"",%progbits
 1233              	.Ldebug_line0:
 1234 0000 F0000000 		.section	.debug_str,"MS",%progbits,1
 1234      02007200 
 1234      00000201 
 1234      FB0E0D00 
 1234      01010101 
 1235              	.LASF10:
 1236 0000 75696E74 		.ascii	"uint16\000"
 1236      313600
 1237              	.LASF49:
 1238 0007 534D535F 		.ascii	"SMS_LIB_Table3\000"
 1238      4C49425F 
 1238      5461626C 
 1238      653300
 1239              	.LASF50:
 1240 0016 534D535F 		.ascii	"SMS_LIB_Table4\000"
 1240      4C49425F 
 1240      5461626C 
 1240      653400
 1241              	.LASF51:
 1242 0025 534D535F 		.ascii	"SMS_LIB_Table5\000"
 1242      4C49425F 
 1242      5461626C 
 1242      653500
 1243              	.LASF28:
 1244 0034 43617053 		.ascii	"CapSense_hysteresis\000"
 1244      656E7365 
 1244      5F687973 
 1244      74657265 
 1244      73697300 
 1245              	.LASF53:
 1246 0048 534D535F 		.ascii	"SMS_LIB_Table7\000"
 1246      4C49425F 
 1246      5461626C 
 1246      653700
 1247              	.LASF54:
 1248 0057 534D535F 		.ascii	"SMS_LIB_Table8\000"
 1248      4C49425F 
 1248      5461626C 
 1248      653800
 1249              	.LASF55:
 1250 0066 534D535F 		.ascii	"SMS_LIB_Table9\000"
 1250      4C49425F 
 1250      5461626C 
ARM GAS  C:\Users\USUARIO\AppData\Local\Temp\ccwdyD9g.s 			page 27


 1250      653900
 1251              	.LASF22:
 1252 0075 534D535F 		.ascii	"SMS_LIB_V3_50_SetAnalogSwitchesSrc_PRS\000"
 1252      4C49425F 
 1252      56335F35 
 1252      305F5365 
 1252      74416E61 
 1253              	.LASF38:
 1254 009c 534D535F 		.ascii	"SMS_LIB_widgetNumber\000"
 1254      4C49425F 
 1254      77696467 
 1254      65744E75 
 1254      6D626572 
 1255              	.LASF43:
 1256 00b1 534D535F 		.ascii	"SMS_LIB_prescaler\000"
 1256      4C49425F 
 1256      70726573 
 1256      63616C65 
 1256      7200
 1257              	.LASF37:
 1258 00c3 534D535F 		.ascii	"SMS_LIB_widgetResolution\000"
 1258      4C49425F 
 1258      77696467 
 1258      65745265 
 1258      736F6C75 
 1259              	.LASF39:
 1260 00dc 534D535F 		.ascii	"SMS_LIB_numberOfSensors\000"
 1260      4C49425F 
 1260      6E756D62 
 1260      65724F66 
 1260      53656E73 
 1261              	.LASF7:
 1262 00f4 6C6F6E67 		.ascii	"long long unsigned int\000"
 1262      206C6F6E 
 1262      6720756E 
 1262      7369676E 
 1262      65642069 
 1263              	.LASF36:
 1264 010b 534D535F 		.ascii	"SMS_LIB_hysteresis\000"
 1264      4C49425F 
 1264      68797374 
 1264      65726573 
 1264      697300
 1265              	.LASF6:
 1266 011e 6C6F6E67 		.ascii	"long long int\000"
 1266      206C6F6E 
 1266      6720696E 
 1266      7400
 1267              	.LASF0:
 1268 012c 7369676E 		.ascii	"signed char\000"
 1268      65642063 
 1268      68617200 
 1269              	.LASF67:
 1270 0138 43617053 		.ascii	"CapSense_SetAnalogSwitchesSource\000"
 1270      656E7365 
 1270      5F536574 
 1270      416E616C 
ARM GAS  C:\Users\USUARIO\AppData\Local\Temp\ccwdyD9g.s 			page 28


 1270      6F675377 
 1271              	.LASF18:
 1272 0159 53656E73 		.ascii	"SensorNumber\000"
 1272      6F724E75 
 1272      6D626572 
 1272      00
 1273              	.LASF4:
 1274 0166 6C6F6E67 		.ascii	"long int\000"
 1274      20696E74 
 1274      00
 1275              	.LASF9:
 1276 016f 75696E74 		.ascii	"uint8\000"
 1276      3800
 1277              	.LASF12:
 1278 0175 646F7562 		.ascii	"double\000"
 1278      6C6500
 1279              	.LASF25:
 1280 017c 43617053 		.ascii	"CapSense_widgetNumber\000"
 1280      656E7365 
 1280      5F776964 
 1280      6765744E 
 1280      756D6265 
 1281              	.LASF59:
 1282 0192 534D535F 		.ascii	"SMS_LIB_TotalScanSlCnt\000"
 1282      4C49425F 
 1282      546F7461 
 1282      6C536361 
 1282      6E536C43 
 1283              	.LASF63:
 1284 01a9 43617053 		.ascii	"CapSense_ScanSensor\000"
 1284      656E7365 
 1284      5F536361 
 1284      6E53656E 
 1284      736F7200 
 1285              	.LASF8:
 1286 01bd 756E7369 		.ascii	"unsigned int\000"
 1286      676E6564 
 1286      20696E74 
 1286      00
 1287              	.LASF5:
 1288 01ca 6C6F6E67 		.ascii	"long unsigned int\000"
 1288      20756E73 
 1288      69676E65 
 1288      6420696E 
 1288      7400
 1289              	.LASF3:
 1290 01dc 73686F72 		.ascii	"short unsigned int\000"
 1290      7420756E 
 1290      7369676E 
 1290      65642069 
 1290      6E7400
 1291              	.LASF47:
 1292 01ef 534D535F 		.ascii	"SMS_LIB_PrescalerTbl\000"
 1292      4C49425F 
 1292      50726573 
 1292      63616C65 
 1292      7254626C 
ARM GAS  C:\Users\USUARIO\AppData\Local\Temp\ccwdyD9g.s 			page 29


 1293              	.LASF17:
 1294 0204 43617053 		.ascii	"CapSense_CalculateThresholds\000"
 1294      656E7365 
 1294      5F43616C 
 1294      63756C61 
 1294      74655468 
 1295              	.LASF69:
 1296 0221 47656E65 		.ascii	"Generated_Source\\PSoC5\\CapSense_SMS_Wrapper.c\000"
 1296      72617465 
 1296      645F536F 
 1296      75726365 
 1296      5C50536F 
 1297              	.LASF46:
 1298 024f 534D535F 		.ascii	"SMS_LIB_SensorSensitivity\000"
 1298      4C49425F 
 1298      53656E73 
 1298      6F725365 
 1298      6E736974 
 1299              	.LASF19:
 1300 0269 43617053 		.ascii	"CapSense_AutoTune\000"
 1300      656E7365 
 1300      5F417574 
 1300      6F54756E 
 1300      6500
 1301              	.LASF34:
 1302 027b 43617053 		.ascii	"CapSense_analogSwitchDivider\000"
 1302      656E7365 
 1302      5F616E61 
 1302      6C6F6753 
 1302      77697463 
 1303              	.LASF35:
 1304 0298 534D535F 		.ascii	"SMS_LIB_noiseThreshold\000"
 1304      4C49425F 
 1304      6E6F6973 
 1304      65546872 
 1304      6573686F 
 1305              	.LASF15:
 1306 02af 73697A65 		.ascii	"sizetype\000"
 1306      74797065 
 1306      00
 1307              	.LASF27:
 1308 02b8 43617053 		.ascii	"CapSense_noiseThreshold\000"
 1308      656E7365 
 1308      5F6E6F69 
 1308      73655468 
 1308      72657368 
 1309              	.LASF14:
 1310 02d0 6C6F6E67 		.ascii	"long double\000"
 1310      20646F75 
 1310      626C6500 
 1311              	.LASF40:
 1312 02dc 534D535F 		.ascii	"SMS_LIB_rawDataIndex\000"
 1312      4C49425F 
 1312      72617744 
 1312      61746149 
 1312      6E646578 
 1313              	.LASF66:
ARM GAS  C:\Users\USUARIO\AppData\Local\Temp\ccwdyD9g.s 			page 30


 1314 02f1 534D535F 		.ascii	"SMS_LIB_V3_50_AutoTune1Ch\000"
 1314      4C49425F 
 1314      56335F35 
 1314      305F4175 
 1314      746F5475 
 1315              	.LASF32:
 1316 030b 43617053 		.ascii	"CapSense_fingerThreshold\000"
 1316      656E7365 
 1316      5F66696E 
 1316      67657254 
 1316      68726573 
 1317              	.LASF33:
 1318 0324 43617053 		.ascii	"CapSense_idacSettings\000"
 1318      656E7365 
 1318      5F696461 
 1318      63536574 
 1318      74696E67 
 1319              	.LASF11:
 1320 033a 666C6F61 		.ascii	"float\000"
 1320      7400
 1321              	.LASF21:
 1322 0340 70726573 		.ascii	"prescaler\000"
 1322      63616C65 
 1322      7200
 1323              	.LASF70:
 1324 034a 443A5C4C 		.ascii	"D:\\Laboratorio\\Mufla\\2020\\Mufla 14L Touch Avant"
 1324      61626F72 
 1324      61746F72 
 1324      696F5C4D 
 1324      75666C61 
 1325 0379 696B6120 		.ascii	"ika #0045882XX OP202019\\Mufla Doble Display\\Firmw"
 1325      23303034 
 1325      35383832 
 1325      5858204F 
 1325      50323032 
 1326 03aa 61726520 		.ascii	"are Psoc\\LCD2\\LCD.cydsn\000"
 1326      50736F63 
 1326      5C4C4344 
 1326      325C4C43 
 1326      442E6379 
 1327              	.LASF1:
 1328 03c2 756E7369 		.ascii	"unsigned char\000"
 1328      676E6564 
 1328      20636861 
 1328      7200
 1329              	.LASF71:
 1330 03d0 534D535F 		.ascii	"SMS_LIB_IsBusy\000"
 1330      4C49425F 
 1330      49734275 
 1330      737900
 1331              	.LASF29:
 1332 03df 43617053 		.ascii	"CapSense_widgetResolution\000"
 1332      656E7365 
 1332      5F776964 
 1332      67657452 
 1332      65736F6C 
 1333              	.LASF2:
ARM GAS  C:\Users\USUARIO\AppData\Local\Temp\ccwdyD9g.s 			page 31


 1334 03f9 73686F72 		.ascii	"short int\000"
 1334      7420696E 
 1334      7400
 1335              	.LASF42:
 1336 0403 534D535F 		.ascii	"SMS_LIB_idacSettings\000"
 1336      4C49425F 
 1336      69646163 
 1336      53657474 
 1336      696E6773 
 1337              	.LASF68:
 1338 0418 474E5520 		.ascii	"GNU C11 5.4.1 20160609 (release) [ARM/embedded-5-br"
 1338      43313120 
 1338      352E342E 
 1338      31203230 
 1338      31363036 
 1339 044b 616E6368 		.ascii	"anch revision 237715] -mcpu=cortex-m3 -mthumb -g -O"
 1339      20726576 
 1339      6973696F 
 1339      6E203233 
 1339      37373135 
 1340 047e 67202D66 		.ascii	"g -ffunction-sections -ffat-lto-objects\000"
 1340      66756E63 
 1340      74696F6E 
 1340      2D736563 
 1340      74696F6E 
 1341              	.LASF31:
 1342 04a6 43617053 		.ascii	"CapSense_rawDataIndex\000"
 1342      656E7365 
 1342      5F726177 
 1342      44617461 
 1342      496E6465 
 1343              	.LASF65:
 1344 04bc 534D535F 		.ascii	"SMS_LIB_V3_50_CalculateThresholds\000"
 1344      4C49425F 
 1344      56335F35 
 1344      305F4361 
 1344      6C63756C 
 1345              	.LASF16:
 1346 04de 534D535F 		.ascii	"SMS_LIB_ScanSensor\000"
 1346      4C49425F 
 1346      5363616E 
 1346      53656E73 
 1346      6F7200
 1347              	.LASF48:
 1348 04f1 534D535F 		.ascii	"SMS_LIB_Table2\000"
 1348      4C49425F 
 1348      5461626C 
 1348      653200
 1349              	.LASF58:
 1350 0500 534D535F 		.ascii	"SMS_LIB_TotalSnsCnt\000"
 1350      4C49425F 
 1350      546F7461 
 1350      6C536E73 
 1350      436E7400 
 1351              	.LASF26:
 1352 0514 43617053 		.ascii	"CapSense_sensorBaseline\000"
 1352      656E7365 
ARM GAS  C:\Users\USUARIO\AppData\Local\Temp\ccwdyD9g.s 			page 32


 1352      5F73656E 
 1352      736F7242 
 1352      6173656C 
 1353              	.LASF52:
 1354 052c 534D535F 		.ascii	"SMS_LIB_Table6\000"
 1354      4C49425F 
 1354      5461626C 
 1354      653600
 1355              	.LASF13:
 1356 053b 63686172 		.ascii	"char\000"
 1356      00
 1357              	.LASF45:
 1358 0540 534D535F 		.ascii	"SMS_LIB_SensorBaseline\000"
 1358      4C49425F 
 1358      53656E73 
 1358      6F724261 
 1358      73656C69 
 1359              	.LASF23:
 1360 0557 534D535F 		.ascii	"SMS_LIB_V3_50_SetAnalogSwitchesSrc_Prescaler\000"
 1360      4C49425F 
 1360      56335F35 
 1360      305F5365 
 1360      74416E61 
 1361              	.LASF44:
 1362 0584 534D535F 		.ascii	"SMS_LIB_SensorRaw\000"
 1362      4C49425F 
 1362      53656E73 
 1362      6F725261 
 1362      7700
 1363              	.LASF61:
 1364 0596 534D535F 		.ascii	"SMS_LIB_TotalSnsCnt_CH0\000"
 1364      4C49425F 
 1364      546F7461 
 1364      6C536E73 
 1364      436E745F 
 1365              	.LASF62:
 1366 05ae 534D535F 		.ascii	"SMS_LIB_TotalSnsCnt_CH1\000"
 1366      4C49425F 
 1366      546F7461 
 1366      6C536E73 
 1366      436E745F 
 1367              	.LASF60:
 1368 05c6 534D535F 		.ascii	"SMS_LIB_EndOfWidgInd\000"
 1368      4C49425F 
 1368      456E644F 
 1368      66576964 
 1368      67496E64 
 1369              	.LASF24:
 1370 05db 43617053 		.ascii	"CapSense_sensorRaw\000"
 1370      656E7365 
 1370      5F73656E 
 1370      736F7252 
 1370      617700
 1371              	.LASF20:
 1372 05ee 534D535F 		.ascii	"SMS_LIB_SetPrescaler\000"
 1372      4C49425F 
 1372      53657450 
ARM GAS  C:\Users\USUARIO\AppData\Local\Temp\ccwdyD9g.s 			page 33


 1372      72657363 
 1372      616C6572 
 1373              	.LASF41:
 1374 0603 534D535F 		.ascii	"SMS_LIB_fingerThreshold\000"
 1374      4C49425F 
 1374      66696E67 
 1374      65725468 
 1374      72657368 
 1375              	.LASF56:
 1376 061b 534D535F 		.ascii	"SMS_LIB_Var1\000"
 1376      4C49425F 
 1376      56617231 
 1376      00
 1377              	.LASF57:
 1378 0628 534D535F 		.ascii	"SMS_LIB_Var2\000"
 1378      4C49425F 
 1378      56617232 
 1378      00
 1379              	.LASF64:
 1380 0635 43617053 		.ascii	"CapSense_IsBusy\000"
 1380      656E7365 
 1380      5F497342 
 1380      75737900 
 1381              	.LASF30:
 1382 0645 43617053 		.ascii	"CapSense_numberOfSensors\000"
 1382      656E7365 
 1382      5F6E756D 
 1382      6265724F 
 1382      6653656E 
 1383              		.ident	"GCC: (GNU Tools for ARM Embedded Processors) 5.4.1 20160609 (release) [ARM/embedded-5-bran
