
ROM used: 43676 (44%)
          43676 (44%) including unused fragments

          7 Average locations per line
          18 Average locations per statement

RAM used: 1913 (57%) at main() level
          1969 (59%) worst case

Stack used: 6 worst case (out of 31 total available)

Lines Stmts  %   Files
----- ----- ---  -----
 2324  1926  79  Mufla.c
  461     0   0  C:\Program Files (x86)\PICC\Devices\18F4685.h
  354    78   3  HDM64GS12.c
  556   167   7  GRAPHICS.c
   68     0   0  imagen.h
 2172   260  11  MATH.h
----- -----
 5935  2431 Total

Page ROM  %  RAM   Vol Diff  Functions:
---- --- --- ---   --- ----  ----------
0     40   0   1             @delay_ms1
0    168   0   1   580  3.2  glcd_init
0    184   0   7   609  5.4  glcd_update
0    188   0   9   466  7.8  glcd_pixel
0     90   0  10   317  4.7  glcd_fillScreen
0     54   0   2   257  2.8  glcd_writeByte
0    286   0   0             @const95
0    250   0   0             @const98
0    318   0  17  1475  8.8  glcd_line
0    194   0   6  1036  5.8  glcd_rect
0     84   0   6             @MULS1616
0    554   1  12  1822  8.6  glcd_circle
0     78   0   2             @MUL88
0    440   1  20  1550 11.2  glcd_text57
0   1052   1   0             @const174
0    122   0  10             @FLT
0     60   0   4             @SFTOI
0     54   0   2             @ITOF
0    350   0  14             @DIVFF
0    632   1  16             @ADDFF
0    246   0  11             @MULFF
0     80   0   2             @SITOF
0    730   1   4   577  5.7  ActualizaRecta
0     86   0   5   100  2.1  sensores
0    550   1   5   483  7.1  Leer_Sensor
0     34   0   5             @MUL1616
0   2886   3   4  3992  9.0  Controla
0     44   0   3             @DIV88
0    120   0   6             @DIVS1616
0    294   0   8  1050  5.1  displayMenu
0   1016   1  19  3268  5.5  displayTemps
0     32   0   1             @SPRINTF
0    190   0   9             @PRINTF_LU_429
0     32   0   0             @const435
0    454   1  16  1613  5.0  displayTiempo
0    134   0   2             @PRINTF_U_429
0    440   1  17  1550  5.0  displayTemperatura
0    178   0   6   483  7.8  glcd_imagen
0    178   0   1   843  5.8  temp1s
0    112   0  16   330  3.4  displayT
0    182   0  15   603  4.5  displayContrasena
0    224   0   6             @PRINTF_D_429
0   2976   3   7 10219  9.5  MuestraSegmento
0     34   0   0             @const506
0     42   0   0             @const507
0     34   0   0             @const508
0     44   0   0             @const509
0     38   0   0             @const510
0     40   0   0             @const511
0  24116  28   6110326 15.0  MAIN
0     42   0   0             @const537
0     42   0   0             @const538
0     42   0   0             @const539
0     40   0   0             @const540
0     36   0   0             @const541
0     40   0   0             @const543
0     42   0   0             @const545
0     36   0   0             @const546
0     48   0   0             @const547
0     46   0   0             @const549
0     46   0   0             @const551
0     38   0   0             @const553
0     44   0   0             @const555
0     42   0   0             @const557
0     40   0   0             @const558
0     42   0   0             @const559
0     42   0   0             @const560
0     42   0   0             @const561
0     42   0   0             @const562
0     42   0   0             @const563
0     42   0   0             @const564
0     42   0   0             @const565
0     42   0   0             @const566
0     38   0   0             @const567
0     40   0   0             @const578
0     40   0   0             @const585
0     40   0   0             @const586
0     42   0   0             @const592
0     52   0   0             @const593
0     50   0   0             @const594
0     46   0   0             @const595
0     46   0   0             @const596
0     48   0   0             @const597
0     46   0   0             @const598
0     52   0   0             @const599
0     46   0   0             @const600
0     34   0   0             @const601
0     34   0   0             @const602
0     34   0   0             @const603
0     36   0   0             @const604
0     34   0   0             @const605
0     34   0   0             @const606
0     34   0   0             @const607
0     34   0   0             @const608
0     34   0   0             @const609
0     34   0   0             @const610
0     34   0   0             @const611
0     34   0   0             @const612
0     34   0   0             @const613
0     34   0   0             @const614
0     36   0   0             @const615
0     36   0   0             @const618
0     38   0   0             @const619
0     32   0   0             @const620
0     36   0   0             @const621
0     32   0   0             @const622
0     36   0   0             @const623
0     36   0   0             @const625
0     50   0   0             @const626
0     48   0   0             @const627
0     40   0   0             @const628
0     38   0   0             @const630
0     40   0   0             @const632
0     40   0   0             @const634
0     42   0   0             @const636
0     42   0   0             @const638
0     38   0   0             @const642
0     38   0   0             @const643
0     36   0   0             @const644

Program metrics:
    Functions               23
    Statements              2431
    Comments                919
    Volume (V)              173930
    Difficilty (D)          147.7
    Effort to implement (E) 25687997
    Time to implement (T)   396 hours, 25 minutes
    Est Delivered Bugs (B)  29
    Cyclomatic Complexity   353
    Maintainability (MI)    28

 Segment     Used  Free
-----------  ----  ----
00000-00002     4  0  
00004-00006     0  4  
00008-0009C   150  0  
0009E-0FFFE  43522  21856  
10000-17FFE     0  32768  



