
ROM used: 52548 (53%)
          52548 (53%) including unused fragments

          8 Average locations per line
          18 Average locations per statement

RAM used: 2148 (65%) at main() level
          2206 (66%) worst case

Stack used: 6 worst case (out of 31 total available)

Lines Stmts  %   Files
----- ----- ---  -----
 2011  1782  60  Mufla.c
  461     0   0  18F4685.h
  354    78   3  HDM64GS12.c
  556   167   6  GRAPHICS.c
   68     0   0  imagen.h
 2172   260   9  MATH.h
  801   665  23  Funciones.h
----- -----
 6423  2952 Total

Page ROM  %  RAM   Vol Diff  Functions:
---- --- --- ---   --- ----  ----------
0     40   0   1             @delay_ms1
0    168   0   1   580  3.2  glcd_init
0    184   0   7   609  5.4  glcd_update
0    188   0   9   466  7.8  glcd_pixel
0     90   0  10   317  4.7  glcd_fillScreen
0     54   0   2   257  2.8  glcd_writeByte
0    286   0   0             @const95
0    250   0   0             @const98
0    318   0  17  1475  8.8  glcd_line
0    194   0   6  1036  5.8  glcd_rect
0     84   0   6             @MULS1616
0    554   1  12  1822  8.6  glcd_circle
0     78   0   2             @MUL88
0    440   0  20  1550 11.2  glcd_text57
0   1052   1   0             @const174
0    122   0  10             @FLT
0     60   0   4             @SFTOI
0     54   0   2             @ITOF
0    350   0  14             @DIVFF
0    632   1  16             @ADDFF
0    246   0  11             @MULFF
0     80   0   2             @SITOF
0    730   1   4   577  5.7  ActualizaRecta
0     90   0   5   100  2.1  sensores
0    552   1   5   486  7.6  Leer_Sensor
0     34   0   5             @MUL1616
0   4074   4   6  5000  9.0  Controla
0     44   0   3             @DIV88
0    120   0   6             @DIVS1616
0    294   0   8  1050  5.1  displayMenu
0   1016   1  19  3268  5.5  displayTemps
0     32   0   1             @SPRINTF
0    190   0   9             @PRINTF_LU_449
0     32   0   0             @const455
0    454   0  16  1613  5.0  displayTiempo
0    134   0   2             @PRINTF_U_449
0    440   0  17  1550  5.0  displayTemperatura
0    178   0   6   483  7.8  glcd_imagen
0    112   0  16   330  3.4  displayT
0    122   0  18   330  3.4  displayFloat
0     68   0   5             @FTOSD
0    128   0  13             @DIV3232
0    438   0  13             @PRINTF_L32D_449FPFPF
0    182   0  15   603  4.5  displayContrasena
0    224   0   6             @PRINTF_D_449
0   3234   3   7 11201 10.0  MuestraSegmento
0     34   0   0             @const535
0     40   0   0             @const536
0     34   0   0             @const537
0     44   0   0             @const538
0     38   0   0             @const539
0     40   0   0             @const540
0     34   0   0    98  1.7  ConfigInicial
0   3228   3   6  7437  7.5  LeeEEPROM
0   1518   1   9  6799 10.6  PidePassword
0     36   0   0             @const557
0     40   0   0             @const559
0     42   0   0             @const561
0    180   0   1   858  6.3  temp1s
0  25938  25   4122075 14.5  MAIN
0     42   0   0             @const566
0     48   0   0             @const567
0     46   0   0             @const568
0     40   0   0             @const569
0     36   0   0             @const575
0     48   0   0             @const576
0     46   0   0             @const578
0     46   0   0             @const580
0     38   0   0             @const582
0     44   0   0             @const584
0     42   0   0             @const586
0     40   0   0             @const587
0     42   0   0             @const588
0     42   0   0             @const589
0     42   0   0             @const590
0     42   0   0             @const591
0     42   0   0             @const592
0     42   0   0             @const593
0     42   0   0             @const594
0     42   0   0             @const595
0     38   0   0             @const596
0     40   0   0             @const607
0     40   0   0             @const614
0     40   0   0             @const615
0     42   0   0             @const621
0     52   0   0             @const622
0     50   0   0             @const623
0     46   0   0             @const624
0     46   0   0             @const625
0     48   0   0             @const626
0     46   0   0             @const627
0     52   0   0             @const628
0     48   0   0             @const629
0     36   0   0             @const630
0     36   0   0             @const633
0     38   0   0             @const634
0     32   0   0             @const635
0     36   0   0             @const636
0     32   0   0             @const637
0     36   0   0             @const638
0     36   0   0             @const640
0     50   0   0             @const641
0     50   0   0             @const642
0     48   0   0             @const643
0     52   0   0             @const644
0     44   0   0             @const646
0     40   0   0             @const648
0     42   0   0             @const650
0     38   0   0             @const652
0     40   0   0             @const654
0     40   0   0             @const656
0     42   0   0             @const658
0     42   0   0             @const660
0     44   0   0             @const662
0     42   0   0             @const664
0     38   0   0             @const666
0     44   0   0             @const668
0     32   0   0             @const669
0     32   0   0             @const670
0     32   0   0             @const671
0     38   0   0             @const673
0     38   0   0             @const674
0     36   0   0             @const675
0     38   0   0             @const677
0     38   0   0             @const678

Program metrics:
    Functions               27
    Statements              2952
    Comments                959
    Volume (V)              213963
    Difficilty (D)          172.2
    Effort to implement (E) 36854706
    Time to implement (T)   568 hours, 45 minutes
    Est Delivered Bugs (B)  37
    Cyclomatic Complexity   436
    Maintainability (MI)    54

 Segment     Used  Free
-----------  ----  ----
00000-00002     4  0  
00004-00006     0  4  
00008-0009C   150  0  
0009E-0FFFE  52394  12984  
10000-17FFE     0  32768  



