ARM GAS  C:\Users\USUARIO\AppData\Local\Temp\ccvcAljy.s 			page 1


   1              		.syntax unified
   2              		.cpu cortex-m3
   3              		.fpu softvfp
   4              		.eabi_attribute 20, 1
   5              		.eabi_attribute 21, 1
   6              		.eabi_attribute 23, 3
   7              		.eabi_attribute 24, 1
   8              		.eabi_attribute 25, 1
   9              		.eabi_attribute 26, 1
  10              		.eabi_attribute 30, 1
  11              		.eabi_attribute 34, 1
  12              		.eabi_attribute 18, 4
  13              		.thumb
  14              		.syntax unified
  15              		.file	"cymetadata.c"
  16              		.text
  17              	.Ltext0:
  18              		.cfi_sections	.debug_frame
  19              		.global	cy_metadata
  20              		.global	cy_meta_flashprotect
  21              		.global	cy_meta_wonvl
  22              		.global	cy_meta_custnvl
  23              		.global	cy_meta_configecc
  24              		.section	.cyconfigecc,"a",%progbits
  25              		.align	2
  26              		.type	cy_meta_configecc, %object
  27              		.size	cy_meta_configecc, 984
  28              	cy_meta_configecc:
  29 0000 02       		.byte	2
  30 0001 4F       		.byte	79
  31 0002 00       		.byte	0
  32 0003 40       		.byte	64
  33 0004 03       		.byte	3
  34 0005 65       		.byte	101
  35 0006 00       		.byte	0
  36 0007 40       		.byte	64
  37 0008 01       		.byte	1
  38 0009 07       		.byte	7
  39 000a 01       		.byte	1
  40 000b 40       		.byte	64
  41 000c 01       		.byte	1
  42 000d 09       		.byte	9
  43 000e 01       		.byte	1
  44 000f 40       		.byte	64
  45 0010 04       		.byte	4
  46 0011 14       		.byte	20
  47 0012 01       		.byte	1
  48 0013 40       		.byte	64
  49 0014 02       		.byte	2
  50 0015 15       		.byte	21
  51 0016 01       		.byte	1
  52 0017 40       		.byte	64
  53 0018 04       		.byte	4
  54 0019 17       		.byte	23
  55 001a 01       		.byte	1
  56 001b 40       		.byte	64
  57 001c 6D       		.byte	109
ARM GAS  C:\Users\USUARIO\AppData\Local\Temp\ccvcAljy.s 			page 2


  58 001d 18       		.byte	24
  59 001e 01       		.byte	1
  60 001f 40       		.byte	64
  61 0020 3D       		.byte	61
  62 0021 19       		.byte	25
  63 0022 01       		.byte	1
  64 0023 40       		.byte	64
  65 0024 0F       		.byte	15
  66 0025 1A       		.byte	26
  67 0026 01       		.byte	1
  68 0027 40       		.byte	64
  69 0028 4F       		.byte	79
  70 0029 1B       		.byte	27
  71 002a 01       		.byte	1
  72 002b 40       		.byte	64
  73 002c 03       		.byte	3
  74 002d 40       		.byte	64
  75 002e 01       		.byte	1
  76 002f 40       		.byte	64
  77 0030 02       		.byte	2
  78 0031 41       		.byte	65
  79 0032 01       		.byte	1
  80 0033 40       		.byte	64
  81 0034 04       		.byte	4
  82 0035 42       		.byte	66
  83 0036 01       		.byte	1
  84 0037 40       		.byte	64
  85 0038 03       		.byte	3
  86 0039 43       		.byte	67
  87 003a 01       		.byte	1
  88 003b 40       		.byte	64
  89 003c 02       		.byte	2
  90 003d 44       		.byte	68
  91 003e 01       		.byte	1
  92 003f 40       		.byte	64
  93 0040 01       		.byte	1
  94 0041 45       		.byte	69
  95 0042 01       		.byte	1
  96 0043 40       		.byte	64
  97 0044 05       		.byte	5
  98 0045 46       		.byte	70
  99 0046 01       		.byte	1
 100 0047 40       		.byte	64
 101 0048 03       		.byte	3
 102 0049 47       		.byte	71
 103 004a 01       		.byte	1
 104 004b 40       		.byte	64
 105 004c 0A       		.byte	10
 106 004d 48       		.byte	72
 107 004e 01       		.byte	1
 108 004f 40       		.byte	64
 109 0050 05       		.byte	5
 110 0051 4C       		.byte	76
 111 0052 01       		.byte	1
 112 0053 40       		.byte	64
 113 0054 0B       		.byte	11
 114 0055 4D       		.byte	77
ARM GAS  C:\Users\USUARIO\AppData\Local\Temp\ccvcAljy.s 			page 3


 115 0056 01       		.byte	1
 116 0057 40       		.byte	64
 117 0058 02       		.byte	2
 118 0059 50       		.byte	80
 119 005a 01       		.byte	1
 120 005b 40       		.byte	64
 121 005c 01       		.byte	1
 122 005d 51       		.byte	81
 123 005e 01       		.byte	1
 124 005f 40       		.byte	64
 125 0060 01       		.byte	1
 126 0061 80       		.byte	-128
 127 0062 0A       		.byte	10
 128 0063 36       		.byte	54
 129 0064 88       		.byte	-120
 130 0065 0F       		.byte	15
 131 0066 8A       		.byte	-118
 132 0067 72       		.byte	114
 133 0068 8B       		.byte	-117
 134 0069 38       		.byte	56
 135 006a EE       		.byte	-18
 136 006b 01       		.byte	1
 137 006c EE       		.byte	-18
 138 006d 01       		.byte	1
 139 006e 39       		.byte	57
 140 006f 20       		.byte	32
 141 0070 3F       		.byte	63
 142 0071 10       		.byte	16
 143 0072 59       		.byte	89
 144 0073 04       		.byte	4
 145 0074 5F       		.byte	95
 146 0075 01       		.byte	1
 147 0076 20       		.byte	32
 148 0077 08       		.byte	8
 149 0078 A4       		.byte	-92
 150 0079 04       		.byte	4
 151 007a 88       		.byte	-120
 152 007b 04       		.byte	4
 153 007c E2       		.byte	-30
 154 007d 20       		.byte	32
 155 007e E6       		.byte	-26
 156 007f 04       		.byte	4
 157 0080 EC       		.byte	-20
 158 0081 10       		.byte	16
 159 0082 00       		.byte	0
 160 0083 20       		.byte	32
 161 0084 04       		.byte	4
 162 0085 14       		.byte	20
 163 0086 05       		.byte	5
 164 0087 53       		.byte	83
 165 0088 07       		.byte	7
 166 0089 04       		.byte	4
 167 008a 08       		.byte	8
 168 008b 0C       		.byte	12
 169 008c 0A       		.byte	10
 170 008d 11       		.byte	17
 171 008e 0C       		.byte	12
ARM GAS  C:\Users\USUARIO\AppData\Local\Temp\ccvcAljy.s 			page 4


 172 008f 09       		.byte	9
 173 0090 0D       		.byte	13
 174 0091 03       		.byte	3
 175 0092 0E       		.byte	14
 176 0093 10       		.byte	16
 177 0094 0F       		.byte	15
 178 0095 44       		.byte	68
 179 0096 13       		.byte	19
 180 0097 08       		.byte	8
 181 0098 15       		.byte	21
 182 0099 53       		.byte	83
 183 009a 17       		.byte	23
 184 009b 0C       		.byte	12
 185 009c 1C       		.byte	28
 186 009d 40       		.byte	64
 187 009e 1E       		.byte	30
 188 009f 03       		.byte	3
 189 00a0 21       		.byte	33
 190 00a1 20       		.byte	32
 191 00a2 23       		.byte	35
 192 00a3 45       		.byte	69
 193 00a4 24       		.byte	36
 194 00a5 10       		.byte	16
 195 00a6 25       		.byte	37
 196 00a7 0A       		.byte	10
 197 00a8 27       		.byte	39
 198 00a9 54       		.byte	84
 199 00aa 28       		.byte	40
 200 00ab 10       		.byte	16
 201 00ac 2A       		.byte	42
 202 00ad 0C       		.byte	12
 203 00ae 2C       		.byte	44
 204 00af 1C       		.byte	28
 205 00b0 2E       		.byte	46
 206 00b1 02       		.byte	2
 207 00b2 32       		.byte	50
 208 00b3 40       		.byte	64
 209 00b4 33       		.byte	51
 210 00b5 0F       		.byte	15
 211 00b6 34       		.byte	52
 212 00b7 20       		.byte	32
 213 00b8 35       		.byte	53
 214 00b9 40       		.byte	64
 215 00ba 36       		.byte	54
 216 00bb 1F       		.byte	31
 217 00bc 37       		.byte	55
 218 00bd 30       		.byte	48
 219 00be 39       		.byte	57
 220 00bf 80       		.byte	-128
 221 00c0 3B       		.byte	59
 222 00c1 08       		.byte	8
 223 00c2 3E       		.byte	62
 224 00c3 14       		.byte	20
 225 00c4 3F       		.byte	63
 226 00c5 10       		.byte	16
 227 00c6 40       		.byte	64
 228 00c7 24       		.byte	36
ARM GAS  C:\Users\USUARIO\AppData\Local\Temp\ccvcAljy.s 			page 5


 229 00c8 41       		.byte	65
 230 00c9 06       		.byte	6
 231 00ca 45       		.byte	69
 232 00cb E0       		.byte	-32
 233 00cc 46       		.byte	70
 234 00cd BC       		.byte	-68
 235 00ce 48       		.byte	72
 236 00cf 0E       		.byte	14
 237 00d0 49       		.byte	73
 238 00d1 FF       		.byte	-1
 239 00d2 4A       		.byte	74
 240 00d3 FF       		.byte	-1
 241 00d4 4B       		.byte	75
 242 00d5 FF       		.byte	-1
 243 00d6 4E       		.byte	78
 244 00d7 F0       		.byte	-16
 245 00d8 4F       		.byte	79
 246 00d9 44       		.byte	68
 247 00da 50       		.byte	80
 248 00db 0C       		.byte	12
 249 00dc 54       		.byte	84
 250 00dd 01       		.byte	1
 251 00de 58       		.byte	88
 252 00df 04       		.byte	4
 253 00e0 59       		.byte	89
 254 00e1 04       		.byte	4
 255 00e2 5A       		.byte	90
 256 00e3 04       		.byte	4
 257 00e4 5B       		.byte	91
 258 00e5 04       		.byte	4
 259 00e6 5C       		.byte	92
 260 00e7 11       		.byte	17
 261 00e8 5D       		.byte	93
 262 00e9 11       		.byte	17
 263 00ea 5F       		.byte	95
 264 00eb 01       		.byte	1
 265 00ec 66       		.byte	102
 266 00ed C0       		.byte	-64
 267 00ee 6A       		.byte	106
 268 00ef 40       		.byte	64
 269 00f0 6B       		.byte	107
 270 00f1 02       		.byte	2
 271 00f2 81       		.byte	-127
 272 00f3 01       		.byte	1
 273 00f4 83       		.byte	-125
 274 00f5 06       		.byte	6
 275 00f6 84       		.byte	-124
 276 00f7 40       		.byte	64
 277 00f8 85       		.byte	-123
 278 00f9 77       		.byte	119
 279 00fa 88       		.byte	-120
 280 00fb 40       		.byte	64
 281 00fc 89       		.byte	-119
 282 00fd 77       		.byte	119
 283 00fe 8D       		.byte	-115
 284 00ff 12       		.byte	18
 285 0100 8E       		.byte	-114
ARM GAS  C:\Users\USUARIO\AppData\Local\Temp\ccvcAljy.s 			page 6


 286 0101 40       		.byte	64
 287 0102 8F       		.byte	-113
 288 0103 29       		.byte	41
 289 0104 92       		.byte	-110
 290 0105 8C       		.byte	-116
 291 0106 96       		.byte	-106
 292 0107 08       		.byte	8
 293 0108 98       		.byte	-104
 294 0109 31       		.byte	49
 295 010a 9A       		.byte	-102
 296 010b 0E       		.byte	14
 297 010c 9D       		.byte	-99
 298 010d 40       		.byte	64
 299 010e A2       		.byte	-94
 300 010f 13       		.byte	19
 301 0110 A6       		.byte	-90
 302 0111 40       		.byte	64
 303 0112 A8       		.byte	-88
 304 0113 31       		.byte	49
 305 0114 AA       		.byte	-86
 306 0115 86       		.byte	-122
 307 0116 AC       		.byte	-84
 308 0117 AC       		.byte	-84
 309 0118 AD       		.byte	-83
 310 0119 24       		.byte	36
 311 011a AE       		.byte	-82
 312 011b 03       		.byte	3
 313 011c AF       		.byte	-81
 314 011d 11       		.byte	17
 315 011e B0       		.byte	-80
 316 011f 30       		.byte	48
 317 0120 B1       		.byte	-79
 318 0121 07       		.byte	7
 319 0122 B2       		.byte	-78
 320 0123 0F       		.byte	15
 321 0124 B3       		.byte	-77
 322 0125 40       		.byte	64
 323 0126 B4       		.byte	-76
 324 0127 8A       		.byte	-118
 325 0128 B5       		.byte	-75
 326 0129 08       		.byte	8
 327 012a B6       		.byte	-74
 328 012b 40       		.byte	64
 329 012c B7       		.byte	-73
 330 012d 30       		.byte	48
 331 012e B8       		.byte	-72
 332 012f 82       		.byte	-126
 333 0130 BA       		.byte	-70
 334 0131 28       		.byte	40
 335 0132 BE       		.byte	-66
 336 0133 01       		.byte	1
 337 0134 C0       		.byte	-64
 338 0135 04       		.byte	4
 339 0136 C7       		.byte	-57
 340 0137 04       		.byte	4
 341 0138 C9       		.byte	-55
 342 0139 FF       		.byte	-1
ARM GAS  C:\Users\USUARIO\AppData\Local\Temp\ccvcAljy.s 			page 7


 343 013a CA       		.byte	-54
 344 013b 07       		.byte	7
 345 013c CB       		.byte	-53
 346 013d FF       		.byte	-1
 347 013e CC       		.byte	-52
 348 013f 40       		.byte	64
 349 0140 CD       		.byte	-51
 350 0141 20       		.byte	32
 351 0142 CE       		.byte	-50
 352 0143 F0       		.byte	-16
 353 0144 CF       		.byte	-49
 354 0145 05       		.byte	5
 355 0146 D0       		.byte	-48
 356 0147 08       		.byte	8
 357 0148 D8       		.byte	-40
 358 0149 04       		.byte	4
 359 014a D9       		.byte	-39
 360 014b 04       		.byte	4
 361 014c DA       		.byte	-38
 362 014d 04       		.byte	4
 363 014e DC       		.byte	-36
 364 014f 11       		.byte	17
 365 0150 DD       		.byte	-35
 366 0151 01       		.byte	1
 367 0152 DF       		.byte	-33
 368 0153 01       		.byte	1
 369 0154 E0       		.byte	-32
 370 0155 40       		.byte	64
 371 0156 E1       		.byte	-31
 372 0157 A8       		.byte	-88
 373 0158 E2       		.byte	-30
 374 0159 40       		.byte	64
 375 015a E3       		.byte	-29
 376 015b 20       		.byte	32
 377 015c 00       		.byte	0
 378 015d 24       		.byte	36
 379 015e 02       		.byte	2
 380 015f 01       		.byte	1
 381 0160 05       		.byte	5
 382 0161 22       		.byte	34
 383 0162 06       		.byte	6
 384 0163 10       		.byte	16
 385 0164 07       		.byte	7
 386 0165 01       		.byte	1
 387 0166 08       		.byte	8
 388 0167 01       		.byte	1
 389 0168 09       		.byte	9
 390 0169 08       		.byte	8
 391 016a 0A       		.byte	10
 392 016b 04       		.byte	4
 393 016c 0D       		.byte	13
 394 016d 80       		.byte	-128
 395 016e 10       		.byte	16
 396 016f 80       		.byte	-128
 397 0170 11       		.byte	17
 398 0171 48       		.byte	72
 399 0172 12       		.byte	18
ARM GAS  C:\Users\USUARIO\AppData\Local\Temp\ccvcAljy.s 			page 8


 400 0173 48       		.byte	72
 401 0174 15       		.byte	21
 402 0175 48       		.byte	72
 403 0176 17       		.byte	23
 404 0177 20       		.byte	32
 405 0178 19       		.byte	25
 406 0179 A8       		.byte	-88
 407 017a 1A       		.byte	26
 408 017b 44       		.byte	68
 409 017c 1D       		.byte	29
 410 017d 80       		.byte	-128
 411 017e 1E       		.byte	30
 412 017f 08       		.byte	8
 413 0180 1F       		.byte	31
 414 0181 08       		.byte	8
 415 0182 20       		.byte	32
 416 0183 12       		.byte	18
 417 0184 21       		.byte	33
 418 0185 01       		.byte	1
 419 0186 22       		.byte	34
 420 0187 10       		.byte	16
 421 0188 23       		.byte	35
 422 0189 40       		.byte	64
 423 018a 24       		.byte	36
 424 018b 08       		.byte	8
 425 018c 26       		.byte	38
 426 018d 08       		.byte	8
 427 018e 27       		.byte	39
 428 018f 21       		.byte	33
 429 0190 29       		.byte	41
 430 0191 40       		.byte	64
 431 0192 2C       		.byte	44
 432 0193 80       		.byte	-128
 433 0194 2D       		.byte	45
 434 0195 08       		.byte	8
 435 0196 32       		.byte	50
 436 0197 40       		.byte	64
 437 0198 34       		.byte	52
 438 0199 01       		.byte	1
 439 019a 36       		.byte	54
 440 019b 08       		.byte	8
 441 019c 37       		.byte	55
 442 019d 01       		.byte	1
 443 019e 39       		.byte	57
 444 019f 16       		.byte	22
 445 01a0 3B       		.byte	59
 446 01a1 80       		.byte	-128
 447 01a2 3E       		.byte	62
 448 01a3 04       		.byte	4
 449 01a4 3F       		.byte	63
 450 01a5 80       		.byte	-128
 451 01a6 42       		.byte	66
 452 01a7 40       		.byte	64
 453 01a8 46       		.byte	70
 454 01a9 40       		.byte	64
 455 01aa 47       		.byte	71
 456 01ab 20       		.byte	32
ARM GAS  C:\Users\USUARIO\AppData\Local\Temp\ccvcAljy.s 			page 9


 457 01ac 48       		.byte	72
 458 01ad 81       		.byte	-127
 459 01ae 49       		.byte	73
 460 01af 40       		.byte	64
 461 01b0 4D       		.byte	77
 462 01b1 22       		.byte	34
 463 01b2 51       		.byte	81
 464 01b3 0C       		.byte	12
 465 01b4 56       		.byte	86
 466 01b5 10       		.byte	16
 467 01b6 57       		.byte	87
 468 01b7 C0       		.byte	-64
 469 01b8 5C       		.byte	92
 470 01b9 A0       		.byte	-96
 471 01ba 5D       		.byte	93
 472 01bb 02       		.byte	2
 473 01bc 5E       		.byte	94
 474 01bd 08       		.byte	8
 475 01be 82       		.byte	-126
 476 01bf 02       		.byte	2
 477 01c0 C0       		.byte	-64
 478 01c1 F7       		.byte	-9
 479 01c2 C2       		.byte	-62
 480 01c3 8E       		.byte	-114
 481 01c4 C4       		.byte	-60
 482 01c5 EF       		.byte	-17
 483 01c6 CA       		.byte	-54
 484 01c7 C8       		.byte	-56
 485 01c8 CC       		.byte	-52
 486 01c9 C8       		.byte	-56
 487 01ca CE       		.byte	-50
 488 01cb 5F       		.byte	95
 489 01cc D0       		.byte	-48
 490 01cd A1       		.byte	-95
 491 01ce D2       		.byte	-46
 492 01cf 20       		.byte	32
 493 01d0 D6       		.byte	-42
 494 01d1 F0       		.byte	-16
 495 01d2 E0       		.byte	-32
 496 01d3 20       		.byte	32
 497 01d4 EC       		.byte	-20
 498 01d5 10       		.byte	16
 499 01d6 9A       		.byte	-102
 500 01d7 01       		.byte	1
 501 01d8 A6       		.byte	-90
 502 01d9 01       		.byte	1
 503 01da AB       		.byte	-85
 504 01db 01       		.byte	1
 505 01dc AF       		.byte	-81
 506 01dd 01       		.byte	1
 507 01de B0       		.byte	-80
 508 01df 01       		.byte	1
 509 01e0 B3       		.byte	-77
 510 01e1 01       		.byte	1
 511 01e2 BE       		.byte	-66
 512 01e3 01       		.byte	1
 513 01e4 BF       		.byte	-65
ARM GAS  C:\Users\USUARIO\AppData\Local\Temp\ccvcAljy.s 			page 10


 514 01e5 04       		.byte	4
 515 01e6 D4       		.byte	-44
 516 01e7 18       		.byte	24
 517 01e8 D6       		.byte	-42
 518 01e9 04       		.byte	4
 519 01ea D8       		.byte	-40
 520 01eb 04       		.byte	4
 521 01ec D9       		.byte	-39
 522 01ed 04       		.byte	4
 523 01ee DB       		.byte	-37
 524 01ef 04       		.byte	4
 525 01f0 DD       		.byte	-35
 526 01f1 10       		.byte	16
 527 01f2 DF       		.byte	-33
 528 01f3 01       		.byte	1
 529 01f4 00       		.byte	0
 530 01f5 66       		.byte	102
 531 01f6 02       		.byte	2
 532 01f7 81       		.byte	-127
 533 01f8 08       		.byte	8
 534 01f9 01       		.byte	1
 535 01fa 09       		.byte	9
 536 01fb 84       		.byte	-124
 537 01fc 0A       		.byte	10
 538 01fd 10       		.byte	16
 539 01fe 0B       		.byte	11
 540 01ff 40       		.byte	64
 541 0200 0F       		.byte	15
 542 0201 04       		.byte	4
 543 0202 10       		.byte	16
 544 0203 86       		.byte	-122
 545 0204 13       		.byte	19
 546 0205 28       		.byte	40
 547 0206 15       		.byte	21
 548 0207 08       		.byte	8
 549 0208 18       		.byte	24
 550 0209 05       		.byte	5
 551 020a 19       		.byte	25
 552 020b 01       		.byte	1
 553 020c 1A       		.byte	26
 554 020d 10       		.byte	16
 555 020e 1F       		.byte	31
 556 020f 01       		.byte	1
 557 0210 20       		.byte	32
 558 0211 60       		.byte	96
 559 0212 22       		.byte	34
 560 0213 08       		.byte	8
 561 0214 23       		.byte	35
 562 0215 06       		.byte	6
 563 0216 26       		.byte	38
 564 0217 04       		.byte	4
 565 0218 28       		.byte	40
 566 0219 24       		.byte	36
 567 021a 29       		.byte	41
 568 021b 40       		.byte	64
 569 021c 2A       		.byte	42
 570 021d 01       		.byte	1
ARM GAS  C:\Users\USUARIO\AppData\Local\Temp\ccvcAljy.s 			page 11


 571 021e 2D       		.byte	45
 572 021f 80       		.byte	-128
 573 0220 2F       		.byte	47
 574 0221 04       		.byte	4
 575 0222 30       		.byte	48
 576 0223 01       		.byte	1
 577 0224 32       		.byte	50
 578 0225 98       		.byte	-104
 579 0226 34       		.byte	52
 580 0227 08       		.byte	8
 581 0228 36       		.byte	54
 582 0229 04       		.byte	4
 583 022a 38       		.byte	56
 584 022b 26       		.byte	38
 585 022c 39       		.byte	57
 586 022d 80       		.byte	-128
 587 022e 40       		.byte	64
 588 022f 35       		.byte	53
 589 0230 4A       		.byte	74
 590 0231 0A       		.byte	10
 591 0232 4B       		.byte	75
 592 0233 08       		.byte	8
 593 0234 51       		.byte	81
 594 0235 04       		.byte	4
 595 0236 59       		.byte	89
 596 0237 01       		.byte	1
 597 0238 5F       		.byte	95
 598 0239 02       		.byte	2
 599 023a 64       		.byte	100
 600 023b 08       		.byte	8
 601 023c 66       		.byte	102
 602 023d 02       		.byte	2
 603 023e 67       		.byte	103
 604 023f 02       		.byte	2
 605 0240 69       		.byte	105
 606 0241 14       		.byte	20
 607 0242 6A       		.byte	106
 608 0243 80       		.byte	-128
 609 0244 70       		.byte	112
 610 0245 90       		.byte	-112
 611 0246 71       		.byte	113
 612 0247 40       		.byte	64
 613 0248 73       		.byte	115
 614 0249 28       		.byte	40
 615 024a 80       		.byte	-128
 616 024b 10       		.byte	16
 617 024c 81       		.byte	-127
 618 024d C0       		.byte	-64
 619 024e 82       		.byte	-126
 620 024f 10       		.byte	16
 621 0250 86       		.byte	-122
 622 0251 02       		.byte	2
 623 0252 87       		.byte	-121
 624 0253 04       		.byte	4
 625 0254 88       		.byte	-120
 626 0255 02       		.byte	2
 627 0256 8B       		.byte	-117
ARM GAS  C:\Users\USUARIO\AppData\Local\Temp\ccvcAljy.s 			page 12


 628 0257 40       		.byte	64
 629 0258 8C       		.byte	-116
 630 0259 01       		.byte	1
 631 025a 90       		.byte	-112
 632 025b 10       		.byte	16
 633 025c 92       		.byte	-110
 634 025d 20       		.byte	32
 635 025e 93       		.byte	-109
 636 025f 40       		.byte	64
 637 0260 94       		.byte	-108
 638 0261 04       		.byte	4
 639 0262 95       		.byte	-107
 640 0263 14       		.byte	20
 641 0264 96       		.byte	-106
 642 0265 80       		.byte	-128
 643 0266 97       		.byte	-105
 644 0267 80       		.byte	-128
 645 0268 99       		.byte	-103
 646 0269 80       		.byte	-128
 647 026a 9E       		.byte	-98
 648 026b 03       		.byte	3
 649 026c A0       		.byte	-96
 650 026d 01       		.byte	1
 651 026e A4       		.byte	-92
 652 026f 10       		.byte	16
 653 0270 A5       		.byte	-91
 654 0271 04       		.byte	4
 655 0272 AF       		.byte	-81
 656 0273 08       		.byte	8
 657 0274 B0       		.byte	-80
 658 0275 20       		.byte	32
 659 0276 B3       		.byte	-77
 660 0277 80       		.byte	-128
 661 0278 B4       		.byte	-76
 662 0279 84       		.byte	-124
 663 027a B5       		.byte	-75
 664 027b 48       		.byte	72
 665 027c C0       		.byte	-64
 666 027d 0F       		.byte	15
 667 027e C2       		.byte	-62
 668 027f 4D       		.byte	77
 669 0280 C4       		.byte	-60
 670 0281 2F       		.byte	47
 671 0282 CA       		.byte	-54
 672 0283 3F       		.byte	63
 673 0284 CC       		.byte	-52
 674 0285 0F       		.byte	15
 675 0286 CE       		.byte	-50
 676 0287 0F       		.byte	15
 677 0288 D0       		.byte	-48
 678 0289 0E       		.byte	14
 679 028a D2       		.byte	-46
 680 028b 0C       		.byte	12
 681 028c D6       		.byte	-42
 682 028d 81       		.byte	-127
 683 028e D8       		.byte	-40
 684 028f B0       		.byte	-80
ARM GAS  C:\Users\USUARIO\AppData\Local\Temp\ccvcAljy.s 			page 13


 685 0290 EC       		.byte	-20
 686 0291 02       		.byte	2
 687 0292 33       		.byte	51
 688 0293 88       		.byte	-120
 689 0294 36       		.byte	54
 690 0295 80       		.byte	-128
 691 0296 CC       		.byte	-52
 692 0297 70       		.byte	112
 693 0298 A6       		.byte	-90
 694 0299 80       		.byte	-128
 695 029a A7       		.byte	-89
 696 029b 88       		.byte	-120
 697 029c 12       		.byte	18
 698 029d 80       		.byte	-128
 699 029e A6       		.byte	-90
 700 029f 80       		.byte	-128
 701 02a0 A7       		.byte	-89
 702 02a1 88       		.byte	-120
 703 02a2 C4       		.byte	-60
 704 02a3 10       		.byte	16
 705 02a4 A7       		.byte	-89
 706 02a5 80       		.byte	-128
 707 02a6 AB       		.byte	-85
 708 02a7 08       		.byte	8
 709 02a8 EE       		.byte	-18
 710 02a9 80       		.byte	-128
 711 02aa 7F       		.byte	127
 712 02ab 10       		.byte	16
 713 02ac DE       		.byte	-34
 714 02ad 01       		.byte	1
 715 02ae 97       		.byte	-105
 716 02af 20       		.byte	32
 717 02b0 1A       		.byte	26
 718 02b1 80       		.byte	-128
 719 02b2 45       		.byte	69
 720 02b3 02       		.byte	2
 721 02b4 97       		.byte	-105
 722 02b5 20       		.byte	32
 723 02b6 C6       		.byte	-58
 724 02b7 08       		.byte	8
 725 02b8 D0       		.byte	-48
 726 02b9 01       		.byte	1
 727 02ba 97       		.byte	-105
 728 02bb 20       		.byte	32
 729 02bc A5       		.byte	-91
 730 02bd 02       		.byte	2
 731 02be AA       		.byte	-86
 732 02bf 40       		.byte	64
 733 02c0 27       		.byte	39
 734 02c1 04       		.byte	4
 735 02c2 64       		.byte	100
 736 02c3 10       		.byte	16
 737 02c4 83       		.byte	-125
 738 02c5 80       		.byte	-128
 739 02c6 88       		.byte	-120
 740 02c7 10       		.byte	16
 741 02c8 9F       		.byte	-97
ARM GAS  C:\Users\USUARIO\AppData\Local\Temp\ccvcAljy.s 			page 14


 742 02c9 04       		.byte	4
 743 02ca A7       		.byte	-89
 744 02cb 80       		.byte	-128
 745 02cc B7       		.byte	-73
 746 02cd 04       		.byte	4
 747 02ce C8       		.byte	-56
 748 02cf 20       		.byte	32
 749 02d0 D8       		.byte	-40
 750 02d1 80       		.byte	-128
 751 02d2 E6       		.byte	-26
 752 02d3 20       		.byte	32
 753 02d4 8B       		.byte	-117
 754 02d5 10       		.byte	16
 755 02d6 97       		.byte	-105
 756 02d7 20       		.byte	32
 757 02d8 B5       		.byte	-75
 758 02d9 02       		.byte	2
 759 02da E0       		.byte	-32
 760 02db 04       		.byte	4
 761 02dc EC       		.byte	-20
 762 02dd 08       		.byte	8
 763 02de 10       		.byte	16
 764 02df 80       		.byte	-128
 765 02e0 12       		.byte	18
 766 02e1 80       		.byte	-128
 767 02e2 74       		.byte	116
 768 02e3 04       		.byte	4
 769 02e4 88       		.byte	-120
 770 02e5 80       		.byte	-128
 771 02e6 8E       		.byte	-114
 772 02e7 80       		.byte	-128
 773 02e8 A0       		.byte	-96
 774 02e9 04       		.byte	4
 775 02ea AC       		.byte	-84
 776 02eb 04       		.byte	4
 777 02ec C4       		.byte	-60
 778 02ed 08       		.byte	8
 779 02ee DE       		.byte	-34
 780 02ef 04       		.byte	4
 781 02f0 E2       		.byte	-30
 782 02f1 02       		.byte	2
 783 02f2 E6       		.byte	-26
 784 02f3 01       		.byte	1
 785 02f4 10       		.byte	16
 786 02f5 02       		.byte	2
 787 02f6 1C       		.byte	28
 788 02f7 02       		.byte	2
 789 02f8 00       		.byte	0
 790 02f9 3F       		.byte	63
 791 02fa 00       		.byte	0
 792 02fb 00       		.byte	0
 793 02fc 80       		.byte	-128
 794 02fd 80       		.byte	-128
 795 02fe 00       		.byte	0
 796 02ff 00       		.byte	0
 797 0300 40       		.byte	64
 798 0301 00       		.byte	0
ARM GAS  C:\Users\USUARIO\AppData\Local\Temp\ccvcAljy.s 			page 15


 799 0302 00       		.byte	0
 800 0303 00       		.byte	0
 801 0304 02       		.byte	2
 802 0305 44       		.byte	68
 803 0306 80       		.byte	-128
 804 0307 00       		.byte	0
 805 0308 33       		.byte	51
 806 0309 E7       		.byte	-25
 807 030a 0C       		.byte	12
 808 030b 18       		.byte	24
 809 030c 3F       		.byte	63
 810 030d 08       		.byte	8
 811 030e 00       		.byte	0
 812 030f 00       		.byte	0
 813 0310 1C       		.byte	28
 814 0311 1C       		.byte	28
 815 0312 23       		.byte	35
 816 0313 E1       		.byte	-31
 817 0314 03       		.byte	3
 818 0315 C0       		.byte	-64
 819 0316 40       		.byte	64
 820 0317 00       		.byte	0
 821 0318 1F       		.byte	31
 822 0319 FF       		.byte	-1
 823 031a 20       		.byte	32
 824 031b 00       		.byte	0
 825 031c 00       		.byte	0
 826 031d 00       		.byte	0
 827 031e 00       		.byte	0
 828 031f 04       		.byte	4
 829 0320 00       		.byte	0
 830 0321 80       		.byte	-128
 831 0322 23       		.byte	35
 832 0323 00       		.byte	0
 833 0324 08       		.byte	8
 834 0325 3C       		.byte	60
 835 0326 00       		.byte	0
 836 0327 C2       		.byte	-62
 837 0328 04       		.byte	4
 838 0329 00       		.byte	0
 839 032a 00       		.byte	0
 840 032b E3       		.byte	-29
 841 032c 0C       		.byte	12
 842 032d 18       		.byte	24
 843 032e 00       		.byte	0
 844 032f 00       		.byte	0
 845 0330 01       		.byte	1
 846 0331 10       		.byte	16
 847 0332 80       		.byte	-128
 848 0333 00       		.byte	0
 849 0334 10       		.byte	16
 850 0335 1F       		.byte	31
 851 0336 2C       		.byte	44
 852 0337 00       		.byte	0
 853 0338 0F       		.byte	15
 854 0339 38       		.byte	56
 855 033a C0       		.byte	-64
ARM GAS  C:\Users\USUARIO\AppData\Local\Temp\ccvcAljy.s 			page 16


 856 033b C0       		.byte	-64
 857 033c 00       		.byte	0
 858 033d 00       		.byte	0
 859 033e 28       		.byte	40
 860 033f 0A       		.byte	10
 861 0340 00       		.byte	0
 862 0341 00       		.byte	0
 863 0342 41       		.byte	65
 864 0343 00       		.byte	0
 865 0344 23       		.byte	35
 866 0345 06       		.byte	6
 867 0346 05       		.byte	5
 868 0347 00       		.byte	0
 869 0348 01       		.byte	1
 870 0349 0E       		.byte	14
 871 034a 00       		.byte	0
 872 034b 0C       		.byte	12
 873 034c 11       		.byte	17
 874 034d FF       		.byte	-1
 875 034e FF       		.byte	-1
 876 034f FF       		.byte	-1
 877 0350 62       		.byte	98
 878 0351 A0       		.byte	-96
 879 0352 F0       		.byte	-16
 880 0353 41       		.byte	65
 881 0354 0C       		.byte	12
 882 0355 00       		.byte	0
 883 0356 00       		.byte	0
 884 0357 00       		.byte	0
 885 0358 00       		.byte	0
 886 0359 00       		.byte	0
 887 035a 02       		.byte	2
 888 035b 13       		.byte	19
 889 035c 04       		.byte	4
 890 035d 04       		.byte	4
 891 035e 04       		.byte	4
 892 035f 04       		.byte	4
 893 0360 11       		.byte	17
 894 0361 11       		.byte	17
 895 0362 00       		.byte	0
 896 0363 01       		.byte	1
 897 0364 00       		.byte	0
 898 0365 00       		.byte	0
 899 0366 00       		.byte	0
 900 0367 00       		.byte	0
 901 0368 00       		.byte	0
 902 0369 00       		.byte	0
 903 036a 40       		.byte	64
 904 036b 02       		.byte	2
 905 036c 00       		.byte	0
 906 036d 10       		.byte	16
 907 036e 30       		.byte	48
 908 036f 10       		.byte	16
 909 0370 00       		.byte	0
 910 0371 10       		.byte	16
 911 0372 10       		.byte	16
 912 0373 12       		.byte	18
ARM GAS  C:\Users\USUARIO\AppData\Local\Temp\ccvcAljy.s 			page 17


 913 0374 00       		.byte	0
 914 0375 00       		.byte	0
 915 0376 00       		.byte	0
 916 0377 00       		.byte	0
 917 0378 00       		.byte	0
 918 0379 00       		.byte	0
 919 037a 00       		.byte	0
 920 037b 00       		.byte	0
 921 037c 00       		.byte	0
 922 037d 00       		.byte	0
 923 037e 00       		.byte	0
 924 037f 00       		.byte	0
 925 0380 00       		.byte	0
 926 0381 00       		.byte	0
 927 0382 00       		.byte	0
 928 0383 00       		.byte	0
 929 0384 00       		.byte	0
 930 0385 00       		.byte	0
 931 0386 00       		.byte	0
 932 0387 00       		.byte	0
 933 0388 00       		.byte	0
 934 0389 00       		.byte	0
 935 038a 34       		.byte	52
 936 038b 00       		.byte	0
 937 038c 83       		.byte	-125
 938 038d 00       		.byte	0
 939 038e 40       		.byte	64
 940 038f 83       		.byte	-125
 941 0390 80       		.byte	-128
 942 0391 00       		.byte	0
 943 0392 80       		.byte	-128
 944 0393 00       		.byte	0
 945 0394 00       		.byte	0
 946 0395 00       		.byte	0
 947 0396 00       		.byte	0
 948 0397 00       		.byte	0
 949 0398 0D       		.byte	13
 950 0399 00       		.byte	0
 951 039a 00       		.byte	0
 952 039b 3F       		.byte	63
 953 039c 32       		.byte	50
 954 039d 00       		.byte	0
 955 039e 00       		.byte	0
 956 039f 00       		.byte	0
 957 03a0 00       		.byte	0
 958 03a1 00       		.byte	0
 959 03a2 00       		.byte	0
 960 03a3 00       		.byte	0
 961 03a4 30       		.byte	48
 962 03a5 00       		.byte	0
 963 03a6 00       		.byte	0
 964 03a7 3B       		.byte	59
 965 03a8 3B       		.byte	59
 966 03a9 00       		.byte	0
 967 03aa 00       		.byte	0
 968 03ab 00       		.byte	0
 969 03ac 00       		.byte	0
ARM GAS  C:\Users\USUARIO\AppData\Local\Temp\ccvcAljy.s 			page 18


 970 03ad 00       		.byte	0
 971 03ae 00       		.byte	0
 972 03af 00       		.byte	0
 973 03b0 00       		.byte	0
 974 03b1 3F       		.byte	63
 975 03b2 3F       		.byte	63
 976 03b3 00       		.byte	0
 977 03b4 00       		.byte	0
 978 03b5 00       		.byte	0
 979 03b6 00       		.byte	0
 980 03b7 00       		.byte	0
 981 03b8 00       		.byte	0
 982 03b9 E0       		.byte	-32
 983 03ba E0       		.byte	-32
 984 03bb 00       		.byte	0
 985 03bc 00       		.byte	0
 986 03bd 00       		.byte	0
 987 03be 00       		.byte	0
 988 03bf 00       		.byte	0
 989 03c0 00       		.byte	0
 990 03c1 70       		.byte	112
 991 03c2 70       		.byte	112
 992 03c3 00       		.byte	0
 993 03c4 00       		.byte	0
 994 03c5 00       		.byte	0
 995 03c6 00       		.byte	0
 996 03c7 00       		.byte	0
 997 03c8 00       		.byte	0
 998 03c9 0F       		.byte	15
 999 03ca 0F       		.byte	15
 1000 03cb 00       		.byte	0
 1001 03cc 00       		.byte	0
 1002 03cd 00       		.byte	0
 1003 03ce 00       		.byte	0
 1004 03cf 00       		.byte	0
 1005 03d0 0E       		.byte	14
 1006 03d1 00       		.byte	0
 1007 03d2 18       		.byte	24
 1008 03d3 01       		.byte	1
 1009 03d4 BB       		.byte	-69
 1010 03d5 00       		.byte	0
 1011 03d6 18       		.byte	24
 1012 03d7 01       		.byte	1
 1013              		.section	.cywolatch,"a",%progbits
 1014              		.align	2
 1015              		.type	cy_meta_wonvl, %object
 1016              		.size	cy_meta_wonvl, 4
 1017              	cy_meta_wonvl:
 1018 0000 BC       		.byte	-68
 1019 0001 90       		.byte	-112
 1020 0002 AC       		.byte	-84
 1021 0003 AF       		.byte	-81
 1022              		.section	.cycustnvl,"a",%progbits
 1023              		.align	2
 1024              		.type	cy_meta_custnvl, %object
 1025              		.size	cy_meta_custnvl, 4
 1026              	cy_meta_custnvl:
ARM GAS  C:\Users\USUARIO\AppData\Local\Temp\ccvcAljy.s 			page 19


 1027 0000 00       		.byte	0
 1028 0001 00       		.byte	0
 1029 0002 40       		.byte	64
 1030 0003 05       		.byte	5
 1031              		.section	.cymeta,"a",%progbits
 1032              		.align	2
 1033              		.type	cy_metadata, %object
 1034              		.size	cy_metadata, 12
 1035              	cy_metadata:
 1036 0000 00       		.byte	0
 1037 0001 01       		.byte	1
 1038 0002 2E       		.byte	46
 1039 0003 16       		.byte	22
 1040 0004 00       		.byte	0
 1041 0005 69       		.byte	105
 1042 0006 00       		.byte	0
 1043 0007 01       		.byte	1
 1044 0008 00       		.byte	0
 1045 0009 00       		.byte	0
 1046 000a 00       		.byte	0
 1047 000b 00       		.byte	0
 1048              		.section	.cyflashprotect,"a",%progbits
 1049              		.align	2
 1050              		.type	cy_meta_flashprotect, %object
 1051              		.size	cy_meta_flashprotect, 256
 1052              	cy_meta_flashprotect:
 1053 0000 00000000 		.space	256
 1053      00000000 
 1053      00000000 
 1053      00000000 
 1053      00000000 
 1054              		.text
 1055              	.Letext0:
 1056              		.file 1 "c:\\program files (x86)\\cypress\\psoc creator\\4.4\\psoc creator\\import\\gnu\\arm\\5.4.
 1057              		.file 2 "c:\\program files (x86)\\cypress\\psoc creator\\4.4\\psoc creator\\import\\gnu\\arm\\5.4.
 1058              		.file 3 "Generated_Source\\PSoC5\\cymetadata.c"
 1059              		.section	.debug_info,"",%progbits
 1060              	.Ldebug_info0:
 1061 0000 31010000 		.4byte	0x131
 1062 0004 0400     		.2byte	0x4
 1063 0006 00000000 		.4byte	.Ldebug_abbrev0
 1064 000a 04       		.byte	0x4
 1065 000b 01       		.uleb128 0x1
 1066 000c 8C000000 		.4byte	.LASF17
 1067 0010 0C       		.byte	0xc
 1068 0011 E6010000 		.4byte	.LASF18
 1069 0015 16000000 		.4byte	.LASF19
 1070 0019 00000000 		.4byte	.Ldebug_line0
 1071 001d 02       		.uleb128 0x2
 1072 001e 01       		.byte	0x1
 1073 001f 06       		.byte	0x6
 1074 0020 DA010000 		.4byte	.LASF0
 1075 0024 03       		.uleb128 0x3
 1076 0025 00000000 		.4byte	.LASF9
 1077 0029 01       		.byte	0x1
 1078 002a 1D       		.byte	0x1d
 1079 002b 2F000000 		.4byte	0x2f
ARM GAS  C:\Users\USUARIO\AppData\Local\Temp\ccvcAljy.s 			page 20


 1080 002f 02       		.uleb128 0x2
 1081 0030 01       		.byte	0x1
 1082 0031 08       		.byte	0x8
 1083 0032 7E000000 		.4byte	.LASF1
 1084 0036 02       		.uleb128 0x2
 1085 0037 02       		.byte	0x2
 1086 0038 05       		.byte	0x5
 1087 0039 C7010000 		.4byte	.LASF2
 1088 003d 02       		.uleb128 0x2
 1089 003e 02       		.byte	0x2
 1090 003f 07       		.byte	0x7
 1091 0040 2C010000 		.4byte	.LASF3
 1092 0044 02       		.uleb128 0x2
 1093 0045 04       		.byte	0x4
 1094 0046 05       		.byte	0x5
 1095 0047 D1010000 		.4byte	.LASF4
 1096 004b 02       		.uleb128 0x2
 1097 004c 04       		.byte	0x4
 1098 004d 07       		.byte	0x7
 1099 004e 1A010000 		.4byte	.LASF5
 1100 0052 02       		.uleb128 0x2
 1101 0053 08       		.byte	0x8
 1102 0054 05       		.byte	0x5
 1103 0055 B9010000 		.4byte	.LASF6
 1104 0059 02       		.uleb128 0x2
 1105 005a 08       		.byte	0x8
 1106 005b 07       		.byte	0x7
 1107 005c 6E010000 		.4byte	.LASF7
 1108 0060 04       		.uleb128 0x4
 1109 0061 04       		.byte	0x4
 1110 0062 05       		.byte	0x5
 1111 0063 696E7400 		.ascii	"int\000"
 1112 0067 02       		.uleb128 0x2
 1113 0068 04       		.byte	0x4
 1114 0069 07       		.byte	0x7
 1115 006a 61010000 		.4byte	.LASF8
 1116 006e 03       		.uleb128 0x3
 1117 006f 85010000 		.4byte	.LASF10
 1118 0073 02       		.byte	0x2
 1119 0074 18       		.byte	0x18
 1120 0075 24000000 		.4byte	0x24
 1121 0079 05       		.uleb128 0x5
 1122 007a 91000000 		.4byte	0x91
 1123 007e 8A000000 		.4byte	0x8a
 1124 0082 06       		.uleb128 0x6
 1125 0083 8A000000 		.4byte	0x8a
 1126 0087 D703     		.2byte	0x3d7
 1127 0089 00       		.byte	0
 1128 008a 02       		.uleb128 0x2
 1129 008b 04       		.byte	0x4
 1130 008c 07       		.byte	0x7
 1131 008d B0010000 		.4byte	.LASF11
 1132 0091 07       		.uleb128 0x7
 1133 0092 6E000000 		.4byte	0x6e
 1134 0096 08       		.uleb128 0x8
 1135 0097 4F010000 		.4byte	.LASF12
 1136 009b 03       		.byte	0x3
ARM GAS  C:\Users\USUARIO\AppData\Local\Temp\ccvcAljy.s 			page 21


 1137 009c 1F       		.byte	0x1f
 1138 009d A7000000 		.4byte	0xa7
 1139 00a1 05       		.uleb128 0x5
 1140 00a2 03       		.byte	0x3
 1141 00a3 00000000 		.4byte	cy_meta_configecc
 1142 00a7 07       		.uleb128 0x7
 1143 00a8 79000000 		.4byte	0x79
 1144 00ac 05       		.uleb128 0x5
 1145 00ad 91000000 		.4byte	0x91
 1146 00b1 BC000000 		.4byte	0xbc
 1147 00b5 09       		.uleb128 0x9
 1148 00b6 8A000000 		.4byte	0x8a
 1149 00ba 03       		.byte	0x3
 1150 00bb 00       		.byte	0
 1151 00bc 08       		.uleb128 0x8
 1152 00bd 3F010000 		.4byte	.LASF13
 1153 00c1 03       		.byte	0x3
 1154 00c2 A7       		.byte	0xa7
 1155 00c3 CD000000 		.4byte	0xcd
 1156 00c7 05       		.uleb128 0x5
 1157 00c8 03       		.byte	0x3
 1158 00c9 00000000 		.4byte	cy_meta_custnvl
 1159 00cd 07       		.uleb128 0x7
 1160 00ce AC000000 		.4byte	0xac
 1161 00d2 08       		.uleb128 0x8
 1162 00d3 A2010000 		.4byte	.LASF14
 1163 00d7 03       		.byte	0x3
 1164 00d8 B5       		.byte	0xb5
 1165 00d9 E3000000 		.4byte	0xe3
 1166 00dd 05       		.uleb128 0x5
 1167 00de 03       		.byte	0x3
 1168 00df 00000000 		.4byte	cy_meta_wonvl
 1169 00e3 07       		.uleb128 0x7
 1170 00e4 AC000000 		.4byte	0xac
 1171 00e8 05       		.uleb128 0x5
 1172 00e9 91000000 		.4byte	0x91
 1173 00ed F8000000 		.4byte	0xf8
 1174 00f1 09       		.uleb128 0x9
 1175 00f2 8A000000 		.4byte	0x8a
 1176 00f6 FF       		.byte	0xff
 1177 00f7 00       		.byte	0
 1178 00f8 08       		.uleb128 0x8
 1179 00f9 8D010000 		.4byte	.LASF15
 1180 00fd 03       		.byte	0x3
 1181 00fe C3       		.byte	0xc3
 1182 00ff 09010000 		.4byte	0x109
 1183 0103 05       		.uleb128 0x5
 1184 0104 03       		.byte	0x3
 1185 0105 00000000 		.4byte	cy_meta_flashprotect
 1186 0109 07       		.uleb128 0x7
 1187 010a E8000000 		.4byte	0xe8
 1188 010e 05       		.uleb128 0x5
 1189 010f 91000000 		.4byte	0x91
 1190 0113 1E010000 		.4byte	0x11e
 1191 0117 09       		.uleb128 0x9
 1192 0118 8A000000 		.4byte	0x8a
 1193 011c 0B       		.byte	0xb
ARM GAS  C:\Users\USUARIO\AppData\Local\Temp\ccvcAljy.s 			page 22


 1194 011d 00       		.byte	0
 1195 011e 08       		.uleb128 0x8
 1196 011f 0A000000 		.4byte	.LASF16
 1197 0123 03       		.byte	0x3
 1198 0124 F0       		.byte	0xf0
 1199 0125 2F010000 		.4byte	0x12f
 1200 0129 05       		.uleb128 0x5
 1201 012a 03       		.byte	0x3
 1202 012b 00000000 		.4byte	cy_metadata
 1203 012f 07       		.uleb128 0x7
 1204 0130 0E010000 		.4byte	0x10e
 1205 0134 00       		.byte	0
 1206              		.section	.debug_abbrev,"",%progbits
 1207              	.Ldebug_abbrev0:
 1208 0000 01       		.uleb128 0x1
 1209 0001 11       		.uleb128 0x11
 1210 0002 01       		.byte	0x1
 1211 0003 25       		.uleb128 0x25
 1212 0004 0E       		.uleb128 0xe
 1213 0005 13       		.uleb128 0x13
 1214 0006 0B       		.uleb128 0xb
 1215 0007 03       		.uleb128 0x3
 1216 0008 0E       		.uleb128 0xe
 1217 0009 1B       		.uleb128 0x1b
 1218 000a 0E       		.uleb128 0xe
 1219 000b 10       		.uleb128 0x10
 1220 000c 17       		.uleb128 0x17
 1221 000d 00       		.byte	0
 1222 000e 00       		.byte	0
 1223 000f 02       		.uleb128 0x2
 1224 0010 24       		.uleb128 0x24
 1225 0011 00       		.byte	0
 1226 0012 0B       		.uleb128 0xb
 1227 0013 0B       		.uleb128 0xb
 1228 0014 3E       		.uleb128 0x3e
 1229 0015 0B       		.uleb128 0xb
 1230 0016 03       		.uleb128 0x3
 1231 0017 0E       		.uleb128 0xe
 1232 0018 00       		.byte	0
 1233 0019 00       		.byte	0
 1234 001a 03       		.uleb128 0x3
 1235 001b 16       		.uleb128 0x16
 1236 001c 00       		.byte	0
 1237 001d 03       		.uleb128 0x3
 1238 001e 0E       		.uleb128 0xe
 1239 001f 3A       		.uleb128 0x3a
 1240 0020 0B       		.uleb128 0xb
 1241 0021 3B       		.uleb128 0x3b
 1242 0022 0B       		.uleb128 0xb
 1243 0023 49       		.uleb128 0x49
 1244 0024 13       		.uleb128 0x13
 1245 0025 00       		.byte	0
 1246 0026 00       		.byte	0
 1247 0027 04       		.uleb128 0x4
 1248 0028 24       		.uleb128 0x24
 1249 0029 00       		.byte	0
 1250 002a 0B       		.uleb128 0xb
ARM GAS  C:\Users\USUARIO\AppData\Local\Temp\ccvcAljy.s 			page 23


 1251 002b 0B       		.uleb128 0xb
 1252 002c 3E       		.uleb128 0x3e
 1253 002d 0B       		.uleb128 0xb
 1254 002e 03       		.uleb128 0x3
 1255 002f 08       		.uleb128 0x8
 1256 0030 00       		.byte	0
 1257 0031 00       		.byte	0
 1258 0032 05       		.uleb128 0x5
 1259 0033 01       		.uleb128 0x1
 1260 0034 01       		.byte	0x1
 1261 0035 49       		.uleb128 0x49
 1262 0036 13       		.uleb128 0x13
 1263 0037 01       		.uleb128 0x1
 1264 0038 13       		.uleb128 0x13
 1265 0039 00       		.byte	0
 1266 003a 00       		.byte	0
 1267 003b 06       		.uleb128 0x6
 1268 003c 21       		.uleb128 0x21
 1269 003d 00       		.byte	0
 1270 003e 49       		.uleb128 0x49
 1271 003f 13       		.uleb128 0x13
 1272 0040 2F       		.uleb128 0x2f
 1273 0041 05       		.uleb128 0x5
 1274 0042 00       		.byte	0
 1275 0043 00       		.byte	0
 1276 0044 07       		.uleb128 0x7
 1277 0045 26       		.uleb128 0x26
 1278 0046 00       		.byte	0
 1279 0047 49       		.uleb128 0x49
 1280 0048 13       		.uleb128 0x13
 1281 0049 00       		.byte	0
 1282 004a 00       		.byte	0
 1283 004b 08       		.uleb128 0x8
 1284 004c 34       		.uleb128 0x34
 1285 004d 00       		.byte	0
 1286 004e 03       		.uleb128 0x3
 1287 004f 0E       		.uleb128 0xe
 1288 0050 3A       		.uleb128 0x3a
 1289 0051 0B       		.uleb128 0xb
 1290 0052 3B       		.uleb128 0x3b
 1291 0053 0B       		.uleb128 0xb
 1292 0054 49       		.uleb128 0x49
 1293 0055 13       		.uleb128 0x13
 1294 0056 3F       		.uleb128 0x3f
 1295 0057 19       		.uleb128 0x19
 1296 0058 02       		.uleb128 0x2
 1297 0059 18       		.uleb128 0x18
 1298 005a 00       		.byte	0
 1299 005b 00       		.byte	0
 1300 005c 09       		.uleb128 0x9
 1301 005d 21       		.uleb128 0x21
 1302 005e 00       		.byte	0
 1303 005f 49       		.uleb128 0x49
 1304 0060 13       		.uleb128 0x13
 1305 0061 2F       		.uleb128 0x2f
 1306 0062 0B       		.uleb128 0xb
 1307 0063 00       		.byte	0
ARM GAS  C:\Users\USUARIO\AppData\Local\Temp\ccvcAljy.s 			page 24


 1308 0064 00       		.byte	0
 1309 0065 00       		.byte	0
 1310              		.section	.debug_aranges,"",%progbits
 1311 0000 14000000 		.4byte	0x14
 1312 0004 0200     		.2byte	0x2
 1313 0006 00000000 		.4byte	.Ldebug_info0
 1314 000a 04       		.byte	0x4
 1315 000b 00       		.byte	0
 1316 000c 0000     		.2byte	0
 1317 000e 0000     		.2byte	0
 1318 0010 00000000 		.4byte	0
 1319 0014 00000000 		.4byte	0
 1320              		.section	.debug_line,"",%progbits
 1321              	.Ldebug_line0:
 1322 0000 3D010000 		.section	.debug_str,"MS",%progbits,1
 1322      02003701 
 1322      00000201 
 1322      FB0E0D00 
 1322      01010101 
 1323              	.LASF9:
 1324 0000 5F5F7569 		.ascii	"__uint8_t\000"
 1324      6E74385F 
 1324      7400
 1325              	.LASF16:
 1326 000a 63795F6D 		.ascii	"cy_metadata\000"
 1326      65746164 
 1326      61746100 
 1327              	.LASF19:
 1328 0016 443A5C4C 		.ascii	"D:\\Laboratorio\\Mufla\\2021\\Mufla 3L Psoc Artilab"
 1328      61626F72 
 1328      61746F72 
 1328      696F5C4D 
 1328      75666C61 
 1329 0045 20233030 		.ascii	" #0045886XX OP2021128\\Firmware Psoc\\LCD2\\MuflaGL"
 1329      34353838 
 1329      36585820 
 1329      4F503230 
 1329      32313132 
 1330 0075 43442E63 		.ascii	"CD.cydsn\000"
 1330      7964736E 
 1330      00
 1331              	.LASF1:
 1332 007e 756E7369 		.ascii	"unsigned char\000"
 1332      676E6564 
 1332      20636861 
 1332      7200
 1333              	.LASF17:
 1334 008c 474E5520 		.ascii	"GNU C11 5.4.1 20160609 (release) [ARM/embedded-5-br"
 1334      43313120 
 1334      352E342E 
 1334      31203230 
 1334      31363036 
 1335 00bf 616E6368 		.ascii	"anch revision 237715] -mcpu=cortex-m3 -mthumb -g -O"
 1335      20726576 
 1335      6973696F 
 1335      6E203233 
 1335      37373135 
ARM GAS  C:\Users\USUARIO\AppData\Local\Temp\ccvcAljy.s 			page 25


 1336 00f2 67202D66 		.ascii	"g -ffunction-sections -ffat-lto-objects\000"
 1336      66756E63 
 1336      74696F6E 
 1336      2D736563 
 1336      74696F6E 
 1337              	.LASF5:
 1338 011a 6C6F6E67 		.ascii	"long unsigned int\000"
 1338      20756E73 
 1338      69676E65 
 1338      6420696E 
 1338      7400
 1339              	.LASF3:
 1340 012c 73686F72 		.ascii	"short unsigned int\000"
 1340      7420756E 
 1340      7369676E 
 1340      65642069 
 1340      6E7400
 1341              	.LASF13:
 1342 013f 63795F6D 		.ascii	"cy_meta_custnvl\000"
 1342      6574615F 
 1342      63757374 
 1342      6E766C00 
 1343              	.LASF12:
 1344 014f 63795F6D 		.ascii	"cy_meta_configecc\000"
 1344      6574615F 
 1344      636F6E66 
 1344      69676563 
 1344      6300
 1345              	.LASF8:
 1346 0161 756E7369 		.ascii	"unsigned int\000"
 1346      676E6564 
 1346      20696E74 
 1346      00
 1347              	.LASF7:
 1348 016e 6C6F6E67 		.ascii	"long long unsigned int\000"
 1348      206C6F6E 
 1348      6720756E 
 1348      7369676E 
 1348      65642069 
 1349              	.LASF10:
 1350 0185 75696E74 		.ascii	"uint8_t\000"
 1350      385F7400 
 1351              	.LASF15:
 1352 018d 63795F6D 		.ascii	"cy_meta_flashprotect\000"
 1352      6574615F 
 1352      666C6173 
 1352      6870726F 
 1352      74656374 
 1353              	.LASF14:
 1354 01a2 63795F6D 		.ascii	"cy_meta_wonvl\000"
 1354      6574615F 
 1354      776F6E76 
 1354      6C00
 1355              	.LASF11:
 1356 01b0 73697A65 		.ascii	"sizetype\000"
 1356      74797065 
 1356      00
ARM GAS  C:\Users\USUARIO\AppData\Local\Temp\ccvcAljy.s 			page 26


 1357              	.LASF6:
 1358 01b9 6C6F6E67 		.ascii	"long long int\000"
 1358      206C6F6E 
 1358      6720696E 
 1358      7400
 1359              	.LASF2:
 1360 01c7 73686F72 		.ascii	"short int\000"
 1360      7420696E 
 1360      7400
 1361              	.LASF4:
 1362 01d1 6C6F6E67 		.ascii	"long int\000"
 1362      20696E74 
 1362      00
 1363              	.LASF0:
 1364 01da 7369676E 		.ascii	"signed char\000"
 1364      65642063 
 1364      68617200 
 1365              	.LASF18:
 1366 01e6 47656E65 		.ascii	"Generated_Source\\PSoC5\\cymetadata.c\000"
 1366      72617465 
 1366      645F536F 
 1366      75726365 
 1366      5C50536F 
 1367              		.ident	"GCC: (GNU Tools for ARM Embedded Processors) 5.4.1 20160609 (release) [ARM/embedded-5-bran
