--------------- Build Started: 11/26/2020 16:13:57 Project: MuflaGLCD, Configuration: ARM GCC 5.4-2016-q2-update Debug ---------------
cydsfit.exe -.appdatapath "C:\Users\USUARIO\AppData\Local\Cypress Semiconductor\PSoC Creator\4.3" -.fdsnotice -.fdswarpdepfile=warp_dependencies.txt -.fdselabdepfile=elab_dependencies.txt -.fdsbldfile=generated_files.txt -.fdsreffile=referenced_files.txt -p "D:\Laboratorio\Mufla\2020\Mufla 14L Psoc Avantika #0045884XX OP2020341\Firmware Psoc\LCD2\MuflaGLCD.cydsn\MuflaGLCD.cyprj" -d CY8C5888AXI-LP096 -s "D:\Laboratorio\Mufla\2020\Mufla 14L Psoc Avantika #0045884XX OP2020341\Firmware Psoc\LCD2\MuflaGLCD.cydsn\Generated_Source\PSoC5" -- -yv2 -q10 -ygs -o2 -v3 -.fftcfgtype=LE
Elaborating Design...
HDL Generation...
Synthesis...
Tech Mapping...
Analog Placement...
Log: apr.M0058: The analog placement iterative improvement is 61% done. (App=cydsfit)
Analog Routing...
Analog Code Generation...
Digital Placement...
Digital Routing...
Bitstream Generation...
Bitstream Verification...
Static timing analysis...
API Generation...
Dependency Generation...
Cleanup...
arm-none-eabi-gcc.exe -mcpu=cortex-m3 -mthumb -I. -IGenerated_Source\PSoC5 -Wa,-alh=.\CortexM3\ARM_GCC_541\Debug/main.lst -g -D DEBUG -D CY_CORE_ID=0 -Wall -ffunction-sections -ffat-lto-objects -Og -c main.c -o .\CortexM3\ARM_GCC_541\Debug\main.o
arm-none-eabi-ar.exe -rs .\CortexM3\ARM_GCC_541\Debug\MuflaGLCD.a .\CortexM3\ARM_GCC_541\Debug\CyDmac.o .\CortexM3\ARM_GCC_541\Debug\CyFlash.o .\CortexM3\ARM_GCC_541\Debug\CyLib.o .\CortexM3\ARM_GCC_541\Debug\cyPm.o .\CortexM3\ARM_GCC_541\Debug\CySpc.o .\CortexM3\ARM_GCC_541\Debug\cyutils.o .\CortexM3\ARM_GCC_541\Debug\ADC.o .\CortexM3\ARM_GCC_541\Debug\ADC_PM.o .\CortexM3\ARM_GCC_541\Debug\ADC_INT.o .\CortexM3\ARM_GCC_541\Debug\ADC_Ext_CP_Clk.o .\CortexM3\ARM_GCC_541\Debug\ADC_IRQ.o .\CortexM3\ARM_GCC_541\Debug\ADC_theACLK.o .\CortexM3\ARM_GCC_541\Debug\cy_em_eeprom.o .\CortexM3\ARM_GCC_541\Debug\Reloj.o .\CortexM3\ARM_GCC_541\Debug\Thermocouple_1.o .\CortexM3\ARM_GCC_541\Debug\UART_1.o .\CortexM3\ARM_GCC_541\Debug\UART_1_PM.o .\CortexM3\ARM_GCC_541\Debug\UART_1_INT.o .\CortexM3\ARM_GCC_541\Debug\UART_1_BOOT.o .\CortexM3\ARM_GCC_541\Debug\UART_1_IntClock.o .\CortexM3\ARM_GCC_541\Debug\Timer.o .\CortexM3\ARM_GCC_541\Debug\Timer_PM.o .\CortexM3\ARM_GCC_541\Debug\Tpos.o .\CortexM3\ARM_GCC_541\Debug\Tneg.o .\CortexM3\ARM_GCC_541\Debug\EEPROM.o .\CortexM3\ARM_GCC_541\Debug\RX1.o .\CortexM3\ARM_GCC_541\Debug\SSR.o .\CortexM3\ARM_GCC_541\Debug\DOOR.o .\CortexM3\ARM_GCC_541\Debug\LCD1.o .\CortexM3\ARM_GCC_541\Debug\LCD2.o .\CortexM3\ARM_GCC_541\Debug\ADC_SAR.o .\CortexM3\ARM_GCC_541\Debug\ADC_SAR_INT.o .\CortexM3\ARM_GCC_541\Debug\ADC_SAR_PM.o .\CortexM3\ARM_GCC_541\Debug\LM35.o .\CortexM3\ARM_GCC_541\Debug\ADC_SAR_IRQ.o .\CortexM3\ARM_GCC_541\Debug\ADC_SAR_theACLK.o .\CortexM3\ARM_GCC_541\Debug\VENT1.o .\CortexM3\ARM_GCC_541\Debug\LCD3.o .\CortexM3\ARM_GCC_541\Debug\ENABLE.o .\CortexM3\ARM_GCC_541\Debug\CS_1.o .\CortexM3\ARM_GCC_541\Debug\D_I.o .\CortexM3\ARM_GCC_541\Debug\R_W.o .\CortexM3\ARM_GCC_541\Debug\CS_2.o .\CortexM3\ARM_GCC_541\Debug\RESET.o .\CortexM3\ARM_GCC_541\Debug\DB_0.o .\CortexM3\ARM_GCC_541\Debug\DB_1.o .\CortexM3\ARM_GCC_541\Debug\DB_2.o .\CortexM3\ARM_GCC_541\Debug\DB_3.o .\CortexM3\ARM_GCC_541\Debug\DB_4.o .\CortexM3\ARM_GCC_541\Debug\DB_5.o .\CortexM3\ARM_GCC_541\Debug\DB_6.o .\CortexM3\ARM_GCC_541\Debug\DB_7.o .\CortexM3\ARM_GCC_541\Debug\UP.o .\CortexM3\ARM_GCC_541\Debug\DOWN.o .\CortexM3\ARM_GCC_541\Debug\RIGHT.o .\CortexM3\ARM_GCC_541\Debug\LEFT.o .\CortexM3\ARM_GCC_541\Debug\BUZZER.o .\CortexM3\ARM_GCC_541\Debug\CyBootAsmGnu.o
arm-none-eabi-ar.exe: creating .\CortexM3\ARM_GCC_541\Debug\MuflaGLCD.a
arm-none-eabi-gcc.exe -Wl,--start-group -o "D:\Laboratorio\Mufla\2020\Mufla 14L Psoc Avantika #0045884XX OP2020341\Firmware Psoc\LCD2\MuflaGLCD.cydsn\CortexM3\ARM_GCC_541\Debug\MuflaGLCD.elf" .\CortexM3\ARM_GCC_541\Debug\main.o .\CortexM3\ARM_GCC_541\Debug\coldJnTemp.o .\CortexM3\ARM_GCC_541\Debug\removeoffsetnoise.o .\CortexM3\ARM_GCC_541\Debug\ks0108.o .\CortexM3\ARM_GCC_541\Debug\Funciones.o .\CortexM3\ARM_GCC_541\Debug\cyfitter_cfg.o .\CortexM3\ARM_GCC_541\Debug\cymetadata.o .\CortexM3\ARM_GCC_541\Debug\Cm3Start.o .\CortexM3\ARM_GCC_541\Debug\MuflaGLCD.a "C:\Program Files (x86)\Cypress\PSoC Creator\4.3\PSoC Creator\psoc\content\cycomponentlibrary\CyComponentLibrary.cylib\CortexM3\ARM_GCC_541\Debug\CyComponentLibrary.a" -mcpu=cortex-m3 -mthumb -L Generated_Source\PSoC5 -Wl,-Map,.\CortexM3\ARM_GCC_541\Debug/MuflaGLCD.map -T Generated_Source\PSoC5\cm3gcc.ld -specs=nano.specs -u _printf_float -Wl,--gc-sections -u_printf_float -g -ffunction-sections -Og -ffat-lto-objects -Wl,--end-group
cyelftool.exe -C "D:\Laboratorio\Mufla\2020\Mufla 14L Psoc Avantika #0045884XX OP2020341\Firmware Psoc\LCD2\MuflaGLCD.cydsn\CortexM3\ARM_GCC_541\Debug\MuflaGLCD.elf" --flash_row_size 256 --flash_size 262144 --flash_offset 0x00000000
No ELF section .cychecksum found, creating one
Application checksum calculated and stored in ELF section .cychecksum
Checksum calculated and stored in ELF section .cymeta
cyelftool.exe -S "D:\Laboratorio\Mufla\2020\Mufla 14L Psoc Avantika #0045884XX OP2020341\Firmware Psoc\LCD2\MuflaGLCD.cydsn\CortexM3\ARM_GCC_541\Debug\MuflaGLCD.elf"
Flash used: 48392 of 262144 bytes (18,5 %).
SRAM used: 5545 of 65536 bytes (8,5 %). Stack: 2048 bytes. Heap: 512 bytes.
--------------- Build Succeeded: 11/26/2020 16:14:10 ---------------
