
ROM used: 69740 (71%)
          92532 (94%) including unused fragments

          10 Average locations per line
          20 Average locations per statement

RAM used: 1983 (60%) at main() level
          2041 (61%) worst case

Stack used: 6 worst case (out of 31 total available)

Lines Stmts  %   Files
----- ----- ---  -----
 1716  1527  43  Mufla.c
  461     0   0  C:\Program Files (x86)\PICC\Devices\18F4685.h
  354    78   2  HDM64GS12.c
  556   167   5  GRAPHICS.c
   68     0   0  imagen.h
 2172   260   7  MATH.h
  143    53   2  DS1302.c
 1673  1448  41  Funciones.h
----- -----
 7143  3533 Total

Page ROM  %  RAM   Vol Diff  Functions:
---- --- --- ---   --- ----  ----------
0     40   0   1             @delay_ms1
0      8   0   0             @PUTCHARI_BIU_1
0    168   2   1   580  3.2  glcd_init
0    184   2   7   609  5.4  glcd_update
0    188   2   9   466  7.8  glcd_pixel
0     90   1  10   317  4.7  glcd_fillScreen
0     54   1   2   257  2.8  glcd_writeByte
0    286   3   0             @const98
0    250   3   0             @const101
0    318   4  17  1475  8.8  glcd_line
0    194   2   6  1036  5.8  glcd_rect
0     84   1   6             @MULS1616
0    558   7  12  1822  8.6  glcd_circle
0     78   1   2             @MUL88
0    440   5  20  1550 11.2  glcd_text57
0   1052  13   0             @const177
0    122   1  10             @FLT
0     60   1   4             @SFTOI
0     54   1   2             @ITOF
0    350   4  14             @DIVFF
0    632   8  16             @ADDFF
0    246   3  11             @MULFF
0     80   1   2             @SITOF
0     40   0   2   199  4.3  write_ds1302_byte
0     22   0   2    94  1.8  write_ds1302
0     86   1   3   401  4.9  read_ds1302
0     82   1   2   247  3.7  rtc_init
0     50   1   4   160  5.0  get_bcd
0     44   1   3             @DIV88
0     50   1   3   160  4.2  rm_bcd
0    188   2   7   402  2.2  rtc_set_datetime
 Inline        5   238  3.1  rtc_get_date
 Inline        4   170  3.0  rtc_get_time
0    730   9   4   577  5.7  ActualizaRecta
0     88   1   5   100  2.1  sensores
0    562   7   5   483  7.1  Leer_Sensor
0     34   0   5             @MUL1616
0   4210  50   6  5194  9.0  Controla
0    120   1   6             @DIVS1616
0    294   3   8  1050  5.1  displayMenu
0   1016  12  19  3268  5.5  displayTemps
0     32   0   1             @SPRINTF
0    190   2   9             @PRINTF_LU_519
0     32   0   0             @const525
0    454   5  16  1613  5.0  displayTiempo
0    134   2   2             @PRINTF_U_519
0    460   5  16  1613  5.0  displayTiempo2
0    440   5  17  1550  5.0  displayTemperatura
0    178   2   6   483  7.8  glcd_imagen
0    112   1  16   330  3.4  displayT
0    120   1  18   330  3.4  displayFloat
0     66   1   5             @FTOSD
0    128   2  13             @DIV3232
0    444   5  13             @PRINTF_L32D_519FPFPF
0    182   2  15   603  4.5  displayContrasena
0    224   3   6             @PRINTF_D_519
0   3172  38   7 10886 10.0  MuestraSegmento
0     34   0   0             @const605
0     42   0   0             @const606
0     34   0   0             @const607
0     44   1   0             @const608
0     38   0   0             @const609
0     40   0   0             @const610
0    200   2  16   156  3.5  extraeDecimal
0     34   0   0    98  1.7  ConfigInicial
0   4288  51   6  8927  8.0  LeeEEPROM
0     84   1   3   111  3.8  esBisiesto
0     72   1   5             @DIV1616
0    188   2   1   871  4.8  LimitaDia
0   1604  19  15  5535  6.1  displayFecha
0     32   0   0             @const639
0    786   9  14  2528  6.1  displayHora
0     32   0   0             @const667
0   1302  15  15  3608  6.1  displayFecha2
0     32   0   0             @const685
0    264   3  14   781  4.6  displayHora2
0   9158 109   4 33416  8.5  menuAjustes
0     32   0   0             @const710
0     32   0   0             @const711
0     32   0   0             @const712
0     38   0   0             @const713
0     38   0   0             @const714
0     38   0   0             @const715
0     36   0   0             @const716
0     42   0   0             @const717
0     38   0   0             @const718
0     38   0   0             @const719
0     38   0   0             @const720
0     32   0   0             @const721
0     32   0   0             @const722
0    232   3   1  1103  7.3  temp1s
1  27000 321   4114057 14.0  MAIN
0     42   0   0             @const726
0     40   0   0             @const727
0     38   0   0             @const728
0     32   0   0             @const729
0     42   0   3             @PSTRINGC_19200_31766_31767
0     28   0   0             @const731
0     50   1   4             @PSTRINGCN_19200_31766_31767
0    130   2   2             @PRINTF_U_19200_31766_31767
0     36   0   0             @const737
0     40   0   0             @const739
0     42   0   0             @const741
0     36   0   0             @const742
0     48   1   0             @const743
0     46   1   0             @const745
0     46   1   0             @const747
0     38   0   0             @const749
0     44   1   0             @const751
0     44   1   0             @const753
0     48   1   0             @const755
0     42   0   0             @const757
0     42   0   0             @const760
0     40   0   0             @const761
0     42   0   0             @const762
0     42   0   0             @const763
0     42   0   0             @const764
0     42   0   0             @const765
0     42   0   0             @const766
0     42   0   0             @const767
0     28   0   0             @const768
0     16   0   0             @const769
0     18   0   0             @const770
0     30   0   0             @const771
0     42   0   0             @const772
0     42   0   0             @const773
0     38   0   0             @const774
0     40   0   0             @const785
0     40   0   0             @const792
0     40   0   0             @const793
0     42   0   0             @const799
0     36   0   0             @const800
0     36   0   0             @const801
0     24   0   0             @const803
0     40   0   0             @const804
0    420   5  13             @PRINTF_L32D_19200_31766_31767FPFPF
0     48   1   0             @const808
0     50   1   0             @const809
0     34   0   0             @const810
0     34   0   0             @const811
0     30   0   0             @const814
0     52   1   0             @const815
0     50   1   0             @const816
0     46   1   0             @const817
0     46   1   0             @const818
0     48   1   0             @const819
0     48   1   0             @const820
0     46   1   0             @const821
0     52   1   0             @const822
0     46   1   0             @const823
0     34   0   0             @const824
0     34   0   0             @const825
0     34   0   0             @const826
0     36   0   0             @const827
0     34   0   0             @const828
0     34   0   0             @const829
0     34   0   0             @const830
0     34   0   0             @const831
0     34   0   0             @const832
0     34   0   0             @const833
0     34   0   0             @const834
0     34   0   0             @const835
0     34   0   0             @const836
0     34   0   0             @const837
0     36   0   0             @const838
0     36   0   0             @const841
0     38   0   0             @const842
0     32   0   0             @const843
0     36   0   0             @const844
0     36   0   0             @const846
0     36   0   0             @const848
0     18   0   0             @const849
0     22   0   0             @const850
0     18   0   0             @const851
0     18   0   0             @const852
0     16   0   0             @const853
0     50   1   0             @const854
0     48   1   0             @const855
0     44   1   0             @const856
0     40   0   0             @const858
0     42   0   0             @const860
0     40   0   0             @const864
0     40   0   0             @const866
0     42   0   0             @const868
0     44   1   0             @const872
0     42   0   0             @const874

Program metrics:
    Functions               44
    Statements              3533
    Comments                992
    Volume (V)              278522
    Difficilty (D)          242.9
    Effort to implement (E) 67640847
    Time to implement (T)   1043 hours, 50 minutes
    Est Delivered Bugs (B)  55
    Cyclomatic Complexity   553
    Maintainability (MI)    95

 Segment     Used  Free
-----------  ----  ----
00000-00002     4  0  
00004-00006     0  4  
00008-0009C   150  0  
0009E-0FFFE  42586  22792  
10000-17FFE  27000  5768  



