ARM GAS  C:\Users\USUARIO\AppData\Local\Temp\ccJxqfa3.s 			page 1


   1              		.syntax unified
   2              		.cpu cortex-m3
   3              		.fpu softvfp
   4              		.eabi_attribute 20, 1
   5              		.eabi_attribute 21, 1
   6              		.eabi_attribute 23, 3
   7              		.eabi_attribute 24, 1
   8              		.eabi_attribute 25, 1
   9              		.eabi_attribute 26, 1
  10              		.eabi_attribute 30, 1
  11              		.eabi_attribute 34, 1
  12              		.eabi_attribute 18, 4
  13              		.thumb
  14              		.syntax unified
  15              		.file	"I2C.c"
  16              		.text
  17              	.Ltext0:
  18              		.cfi_sections	.debug_frame
  19              		.section	.text.I2C_Init,"ax",%progbits
  20              		.align	2
  21              		.global	I2C_Init
  22              		.thumb
  23              		.thumb_func
  24              		.type	I2C_Init, %function
  25              	I2C_Init:
  26              	.LFB0:
  27              		.file 1 "Generated_Source\\PSoC5\\I2C.c"
   1:Generated_Source\PSoC5/I2C.c **** /*******************************************************************************
   2:Generated_Source\PSoC5/I2C.c **** * File Name: I2C.c
   3:Generated_Source\PSoC5/I2C.c **** * Version 3.50
   4:Generated_Source\PSoC5/I2C.c **** *
   5:Generated_Source\PSoC5/I2C.c **** * Description:
   6:Generated_Source\PSoC5/I2C.c **** *  This file provides the source code of APIs for the I2C component.
   7:Generated_Source\PSoC5/I2C.c **** *  The actual protocol and operation code resides in the interrupt service
   8:Generated_Source\PSoC5/I2C.c **** *  routine file.
   9:Generated_Source\PSoC5/I2C.c **** *
  10:Generated_Source\PSoC5/I2C.c **** *******************************************************************************
  11:Generated_Source\PSoC5/I2C.c **** * Copyright 2008-2015, Cypress Semiconductor Corporation. All rights reserved.
  12:Generated_Source\PSoC5/I2C.c **** * You may use this file only in accordance with the license, terms, conditions,
  13:Generated_Source\PSoC5/I2C.c **** * disclaimers, and limitations in the end user license agreement accompanying
  14:Generated_Source\PSoC5/I2C.c **** * the software package with which this file was provided.
  15:Generated_Source\PSoC5/I2C.c **** *******************************************************************************/
  16:Generated_Source\PSoC5/I2C.c **** 
  17:Generated_Source\PSoC5/I2C.c **** #include "I2C_PVT.h"
  18:Generated_Source\PSoC5/I2C.c **** 
  19:Generated_Source\PSoC5/I2C.c **** 
  20:Generated_Source\PSoC5/I2C.c **** /**********************************
  21:Generated_Source\PSoC5/I2C.c **** *      System variables
  22:Generated_Source\PSoC5/I2C.c **** **********************************/
  23:Generated_Source\PSoC5/I2C.c **** 
  24:Generated_Source\PSoC5/I2C.c **** uint8 I2C_initVar = 0u; /* Defines if component was initialized */
  25:Generated_Source\PSoC5/I2C.c **** 
  26:Generated_Source\PSoC5/I2C.c **** volatile uint8 I2C_state;  /* Current state of I2C FSM */
  27:Generated_Source\PSoC5/I2C.c **** 
  28:Generated_Source\PSoC5/I2C.c **** 
  29:Generated_Source\PSoC5/I2C.c **** /*******************************************************************************
  30:Generated_Source\PSoC5/I2C.c **** * Function Name: I2C_Init
ARM GAS  C:\Users\USUARIO\AppData\Local\Temp\ccJxqfa3.s 			page 2


  31:Generated_Source\PSoC5/I2C.c **** ********************************************************************************
  32:Generated_Source\PSoC5/I2C.c **** *
  33:Generated_Source\PSoC5/I2C.c **** * Summary:
  34:Generated_Source\PSoC5/I2C.c **** *  Initializes I2C registers with initial values provided from customizer.
  35:Generated_Source\PSoC5/I2C.c **** *
  36:Generated_Source\PSoC5/I2C.c **** * Parameters:
  37:Generated_Source\PSoC5/I2C.c **** *  None.
  38:Generated_Source\PSoC5/I2C.c **** *
  39:Generated_Source\PSoC5/I2C.c **** * Return:
  40:Generated_Source\PSoC5/I2C.c **** *  None.
  41:Generated_Source\PSoC5/I2C.c **** *
  42:Generated_Source\PSoC5/I2C.c **** * Global variables:
  43:Generated_Source\PSoC5/I2C.c **** *  None.
  44:Generated_Source\PSoC5/I2C.c **** *
  45:Generated_Source\PSoC5/I2C.c **** * Reentrant:
  46:Generated_Source\PSoC5/I2C.c **** *  No.
  47:Generated_Source\PSoC5/I2C.c **** *
  48:Generated_Source\PSoC5/I2C.c **** *******************************************************************************/
  49:Generated_Source\PSoC5/I2C.c **** void I2C_Init(void) 
  50:Generated_Source\PSoC5/I2C.c **** {
  28              		.loc 1 50 0
  29              		.cfi_startproc
  30              		@ args = 0, pretend = 0, frame = 0
  31              		@ frame_needed = 0, uses_anonymous_args = 0
  32 0000 38B5     		push	{r3, r4, r5, lr}
  33              		.cfi_def_cfa_offset 16
  34              		.cfi_offset 3, -16
  35              		.cfi_offset 4, -12
  36              		.cfi_offset 5, -8
  37              		.cfi_offset 14, -4
  51:Generated_Source\PSoC5/I2C.c **** #if (I2C_FF_IMPLEMENTED)
  52:Generated_Source\PSoC5/I2C.c ****     /* Configure fixed function block */
  53:Generated_Source\PSoC5/I2C.c ****     I2C_CFG_REG  = I2C_DEFAULT_CFG;
  54:Generated_Source\PSoC5/I2C.c ****     I2C_XCFG_REG = I2C_DEFAULT_XCFG;
  55:Generated_Source\PSoC5/I2C.c ****     I2C_ADDR_REG = I2C_DEFAULT_ADDR;
  56:Generated_Source\PSoC5/I2C.c ****     I2C_CLKDIV1_REG = LO8(I2C_DEFAULT_DIVIDE_FACTOR);
  57:Generated_Source\PSoC5/I2C.c ****     I2C_CLKDIV2_REG = HI8(I2C_DEFAULT_DIVIDE_FACTOR);
  58:Generated_Source\PSoC5/I2C.c **** 
  59:Generated_Source\PSoC5/I2C.c **** #else
  60:Generated_Source\PSoC5/I2C.c ****     uint8 intState;
  61:Generated_Source\PSoC5/I2C.c **** 
  62:Generated_Source\PSoC5/I2C.c ****     /* Configure control and interrupt sources */
  63:Generated_Source\PSoC5/I2C.c ****     I2C_CFG_REG      = I2C_DEFAULT_CFG;
  38              		.loc 1 63 0
  39 0002 0024     		movs	r4, #0
  40 0004 134B     		ldr	r3, .L3
  41 0006 1C70     		strb	r4, [r3]
  64:Generated_Source\PSoC5/I2C.c ****     I2C_INT_MASK_REG = I2C_DEFAULT_INT_MASK;
  42              		.loc 1 64 0
  43 0008 0122     		movs	r2, #1
  44 000a EC3B     		subs	r3, r3, #236
  45 000c 1A70     		strb	r2, [r3]
  65:Generated_Source\PSoC5/I2C.c **** 
  66:Generated_Source\PSoC5/I2C.c ****     /* Enable interrupt generation in status */
  67:Generated_Source\PSoC5/I2C.c ****     intState = CyEnterCriticalSection();
  46              		.loc 1 67 0
  47 000e FFF7FEFF 		bl	CyEnterCriticalSection
ARM GAS  C:\Users\USUARIO\AppData\Local\Temp\ccJxqfa3.s 			page 3


  48              	.LVL0:
  68:Generated_Source\PSoC5/I2C.c ****     I2C_INT_ENABLE_REG |= I2C_INTR_ENABLE;
  49              		.loc 1 68 0
  50 0012 114A     		ldr	r2, .L3+4
  51 0014 1378     		ldrb	r3, [r2]	@ zero_extendqisi2
  52 0016 43F01003 		orr	r3, r3, #16
  53 001a 1370     		strb	r3, [r2]
  69:Generated_Source\PSoC5/I2C.c ****     CyExitCriticalSection(intState);
  54              		.loc 1 69 0
  55 001c FFF7FEFF 		bl	CyExitCriticalSection
  56              	.LVL1:
  70:Generated_Source\PSoC5/I2C.c **** 
  71:Generated_Source\PSoC5/I2C.c ****     /* Configure bit counter */
  72:Generated_Source\PSoC5/I2C.c ****     #if (I2C_MODE_SLAVE_ENABLED)
  73:Generated_Source\PSoC5/I2C.c ****         I2C_PERIOD_REG = I2C_DEFAULT_PERIOD;
  74:Generated_Source\PSoC5/I2C.c ****     #endif  /* (I2C_MODE_SLAVE_ENABLED) */
  75:Generated_Source\PSoC5/I2C.c **** 
  76:Generated_Source\PSoC5/I2C.c ****     /* Configure clock generator */
  77:Generated_Source\PSoC5/I2C.c ****     #if (I2C_MODE_MASTER_ENABLED)
  78:Generated_Source\PSoC5/I2C.c ****         I2C_MCLK_PRD_REG = I2C_DEFAULT_MCLK_PRD;
  57              		.loc 1 78 0
  58 0020 0F22     		movs	r2, #15
  59 0022 0E4B     		ldr	r3, .L3+8
  60 0024 1A70     		strb	r2, [r3]
  79:Generated_Source\PSoC5/I2C.c ****         I2C_MCLK_CMP_REG = I2C_DEFAULT_MCLK_CMP;
  61              		.loc 1 79 0
  62 0026 0822     		movs	r2, #8
  63 0028 1033     		adds	r3, r3, #16
  64 002a 1A70     		strb	r2, [r3]
  80:Generated_Source\PSoC5/I2C.c ****     #endif /* (I2C_MODE_MASTER_ENABLED) */
  81:Generated_Source\PSoC5/I2C.c **** #endif /* (I2C_FF_IMPLEMENTED) */
  82:Generated_Source\PSoC5/I2C.c **** 
  83:Generated_Source\PSoC5/I2C.c **** #if (I2C_TIMEOUT_ENABLED)
  84:Generated_Source\PSoC5/I2C.c ****     I2C_TimeoutInit();
  85:Generated_Source\PSoC5/I2C.c **** #endif /* (I2C_TIMEOUT_ENABLED) */
  86:Generated_Source\PSoC5/I2C.c **** 
  87:Generated_Source\PSoC5/I2C.c ****     /* Configure internal interrupt */
  88:Generated_Source\PSoC5/I2C.c ****     CyIntDisable    (I2C_ISR_NUMBER);
  65              		.loc 1 88 0
  66 002c 1025     		movs	r5, #16
  67 002e 0C4B     		ldr	r3, .L3+12
  68 0030 1D60     		str	r5, [r3]
  89:Generated_Source\PSoC5/I2C.c ****     CyIntSetPriority(I2C_ISR_NUMBER, I2C_ISR_PRIORITY);
  69              		.loc 1 89 0
  70 0032 0721     		movs	r1, #7
  71 0034 0420     		movs	r0, #4
  72 0036 FFF7FEFF 		bl	CyIntSetPriority
  73              	.LVL2:
  90:Generated_Source\PSoC5/I2C.c ****     #if (I2C_INTERN_I2C_INTR_HANDLER)
  91:Generated_Source\PSoC5/I2C.c ****         (void) CyIntSetVector(I2C_ISR_NUMBER, &I2C_ISR);
  74              		.loc 1 91 0
  75 003a 0A49     		ldr	r1, .L3+16
  76 003c 0420     		movs	r0, #4
  77 003e FFF7FEFF 		bl	CyIntSetVector
  78              	.LVL3:
  92:Generated_Source\PSoC5/I2C.c ****     #endif /* (I2C_INTERN_I2C_INTR_HANDLER) */
  93:Generated_Source\PSoC5/I2C.c **** 
ARM GAS  C:\Users\USUARIO\AppData\Local\Temp\ccJxqfa3.s 			page 4


  94:Generated_Source\PSoC5/I2C.c ****     /* Set FSM to default state */
  95:Generated_Source\PSoC5/I2C.c ****     I2C_state = I2C_SM_IDLE;
  79              		.loc 1 95 0
  80 0042 094B     		ldr	r3, .L3+20
  81 0044 1D70     		strb	r5, [r3]
  96:Generated_Source\PSoC5/I2C.c **** 
  97:Generated_Source\PSoC5/I2C.c **** #if (I2C_MODE_SLAVE_ENABLED)
  98:Generated_Source\PSoC5/I2C.c ****     /* Clear status and buffers index */
  99:Generated_Source\PSoC5/I2C.c ****     I2C_slStatus = 0u;
 100:Generated_Source\PSoC5/I2C.c ****     I2C_slRdBufIndex = 0u;
 101:Generated_Source\PSoC5/I2C.c ****     I2C_slWrBufIndex = 0u;
 102:Generated_Source\PSoC5/I2C.c **** 
 103:Generated_Source\PSoC5/I2C.c ****     /* Configure matched address */
 104:Generated_Source\PSoC5/I2C.c ****     I2C_SlaveSetAddress(I2C_DEFAULT_ADDR);
 105:Generated_Source\PSoC5/I2C.c **** #endif /* (I2C_MODE_SLAVE_ENABLED) */
 106:Generated_Source\PSoC5/I2C.c **** 
 107:Generated_Source\PSoC5/I2C.c **** #if (I2C_MODE_MASTER_ENABLED)
 108:Generated_Source\PSoC5/I2C.c ****     /* Clear status and buffers index */
 109:Generated_Source\PSoC5/I2C.c ****     I2C_mstrStatus = 0u;
  82              		.loc 1 109 0
  83 0046 094B     		ldr	r3, .L3+24
  84 0048 1C70     		strb	r4, [r3]
 110:Generated_Source\PSoC5/I2C.c ****     I2C_mstrRdBufIndex = 0u;
  85              		.loc 1 110 0
  86 004a 094B     		ldr	r3, .L3+28
  87 004c 1C70     		strb	r4, [r3]
 111:Generated_Source\PSoC5/I2C.c ****     I2C_mstrWrBufIndex = 0u;
  88              		.loc 1 111 0
  89 004e 094B     		ldr	r3, .L3+32
  90 0050 1C70     		strb	r4, [r3]
  91 0052 38BD     		pop	{r3, r4, r5, pc}
  92              	.L4:
  93              		.align	2
  94              	.L3:
  95 0054 78650040 		.word	1073767800
  96 0058 9C640040 		.word	1073767580
  97 005c 20640040 		.word	1073767456
  98 0060 80E100E0 		.word	-536813184
  99 0064 00000000 		.word	I2C_ISR
 100 0068 00000000 		.word	I2C_state
 101 006c 00000000 		.word	I2C_mstrStatus
 102 0070 00000000 		.word	I2C_mstrRdBufIndex
 103 0074 00000000 		.word	I2C_mstrWrBufIndex
 104              		.cfi_endproc
 105              	.LFE0:
 106              		.size	I2C_Init, .-I2C_Init
 107              		.section	.text.I2C_Enable,"ax",%progbits
 108              		.align	2
 109              		.global	I2C_Enable
 110              		.thumb
 111              		.thumb_func
 112              		.type	I2C_Enable, %function
 113              	I2C_Enable:
 114              	.LFB1:
 112:Generated_Source\PSoC5/I2C.c **** #endif /* (I2C_MODE_MASTER_ENABLED) */
 113:Generated_Source\PSoC5/I2C.c **** }
 114:Generated_Source\PSoC5/I2C.c **** 
ARM GAS  C:\Users\USUARIO\AppData\Local\Temp\ccJxqfa3.s 			page 5


 115:Generated_Source\PSoC5/I2C.c **** 
 116:Generated_Source\PSoC5/I2C.c **** /*******************************************************************************
 117:Generated_Source\PSoC5/I2C.c **** * Function Name: I2C_Enable
 118:Generated_Source\PSoC5/I2C.c **** ********************************************************************************
 119:Generated_Source\PSoC5/I2C.c **** *
 120:Generated_Source\PSoC5/I2C.c **** * Summary:
 121:Generated_Source\PSoC5/I2C.c **** *  Enables I2C operations.
 122:Generated_Source\PSoC5/I2C.c **** *
 123:Generated_Source\PSoC5/I2C.c **** * Parameters:
 124:Generated_Source\PSoC5/I2C.c **** *  None.
 125:Generated_Source\PSoC5/I2C.c **** *
 126:Generated_Source\PSoC5/I2C.c **** * Return:
 127:Generated_Source\PSoC5/I2C.c **** *  None.
 128:Generated_Source\PSoC5/I2C.c **** *
 129:Generated_Source\PSoC5/I2C.c **** * Global variables:
 130:Generated_Source\PSoC5/I2C.c **** *  None.
 131:Generated_Source\PSoC5/I2C.c **** *
 132:Generated_Source\PSoC5/I2C.c **** *******************************************************************************/
 133:Generated_Source\PSoC5/I2C.c **** void I2C_Enable(void) 
 134:Generated_Source\PSoC5/I2C.c **** {
 115              		.loc 1 134 0
 116              		.cfi_startproc
 117              		@ args = 0, pretend = 0, frame = 0
 118              		@ frame_needed = 0, uses_anonymous_args = 0
 119              		@ link register save eliminated.
 135:Generated_Source\PSoC5/I2C.c **** #if (I2C_FF_IMPLEMENTED)
 136:Generated_Source\PSoC5/I2C.c ****     uint8 intState;
 137:Generated_Source\PSoC5/I2C.c **** 
 138:Generated_Source\PSoC5/I2C.c ****     /* Enable power to block */
 139:Generated_Source\PSoC5/I2C.c ****     intState = CyEnterCriticalSection();
 140:Generated_Source\PSoC5/I2C.c ****     I2C_ACT_PWRMGR_REG  |= I2C_ACT_PWR_EN;
 141:Generated_Source\PSoC5/I2C.c ****     I2C_STBY_PWRMGR_REG |= I2C_STBY_PWR_EN;
 142:Generated_Source\PSoC5/I2C.c ****     CyExitCriticalSection(intState);
 143:Generated_Source\PSoC5/I2C.c **** #else
 144:Generated_Source\PSoC5/I2C.c ****     #if (I2C_MODE_SLAVE_ENABLED)
 145:Generated_Source\PSoC5/I2C.c ****         /* Enable bit counter */
 146:Generated_Source\PSoC5/I2C.c ****         uint8 intState = CyEnterCriticalSection();
 147:Generated_Source\PSoC5/I2C.c ****         I2C_COUNTER_AUX_CTL_REG |= I2C_CNT7_ENABLE;
 148:Generated_Source\PSoC5/I2C.c ****         CyExitCriticalSection(intState);
 149:Generated_Source\PSoC5/I2C.c ****     #endif /* (I2C_MODE_SLAVE_ENABLED) */
 150:Generated_Source\PSoC5/I2C.c **** 
 151:Generated_Source\PSoC5/I2C.c ****     /* Enable slave or master bits */
 152:Generated_Source\PSoC5/I2C.c ****     I2C_CFG_REG |= I2C_ENABLE_MS;
 120              		.loc 1 152 0
 121 0000 024A     		ldr	r2, .L6
 122 0002 1378     		ldrb	r3, [r2]	@ zero_extendqisi2
 123 0004 43F00203 		orr	r3, r3, #2
 124 0008 1370     		strb	r3, [r2]
 125 000a 7047     		bx	lr
 126              	.L7:
 127              		.align	2
 128              	.L6:
 129 000c 78650040 		.word	1073767800
 130              		.cfi_endproc
 131              	.LFE1:
 132              		.size	I2C_Enable, .-I2C_Enable
 133              		.section	.text.I2C_Start,"ax",%progbits
ARM GAS  C:\Users\USUARIO\AppData\Local\Temp\ccJxqfa3.s 			page 6


 134              		.align	2
 135              		.global	I2C_Start
 136              		.thumb
 137              		.thumb_func
 138              		.type	I2C_Start, %function
 139              	I2C_Start:
 140              	.LFB2:
 153:Generated_Source\PSoC5/I2C.c **** #endif /* (I2C_FF_IMPLEMENTED) */
 154:Generated_Source\PSoC5/I2C.c **** 
 155:Generated_Source\PSoC5/I2C.c **** #if (I2C_TIMEOUT_ENABLED)
 156:Generated_Source\PSoC5/I2C.c ****     I2C_TimeoutEnable();
 157:Generated_Source\PSoC5/I2C.c **** #endif /* (I2C_TIMEOUT_ENABLED) */
 158:Generated_Source\PSoC5/I2C.c **** }
 159:Generated_Source\PSoC5/I2C.c **** 
 160:Generated_Source\PSoC5/I2C.c **** 
 161:Generated_Source\PSoC5/I2C.c **** /*******************************************************************************
 162:Generated_Source\PSoC5/I2C.c **** * Function Name: I2C_Start
 163:Generated_Source\PSoC5/I2C.c **** ********************************************************************************
 164:Generated_Source\PSoC5/I2C.c **** *
 165:Generated_Source\PSoC5/I2C.c **** * Summary:
 166:Generated_Source\PSoC5/I2C.c **** *  Starts the I2C hardware. Enables Active mode power template bits or clock
 167:Generated_Source\PSoC5/I2C.c **** *  gating as appropriate. It is required to be executed before I2C bus
 168:Generated_Source\PSoC5/I2C.c **** *  operation.
 169:Generated_Source\PSoC5/I2C.c **** *
 170:Generated_Source\PSoC5/I2C.c **** * Parameters:
 171:Generated_Source\PSoC5/I2C.c **** *  None.
 172:Generated_Source\PSoC5/I2C.c **** *
 173:Generated_Source\PSoC5/I2C.c **** * Return:
 174:Generated_Source\PSoC5/I2C.c **** *  None.
 175:Generated_Source\PSoC5/I2C.c **** *
 176:Generated_Source\PSoC5/I2C.c **** * Side Effects:
 177:Generated_Source\PSoC5/I2C.c **** *  This component automatically enables its interrupt.  If I2C is enabled !
 178:Generated_Source\PSoC5/I2C.c **** *  without the interrupt enabled, it can lock up the I2C bus.
 179:Generated_Source\PSoC5/I2C.c **** *
 180:Generated_Source\PSoC5/I2C.c **** * Global variables:
 181:Generated_Source\PSoC5/I2C.c **** *  I2C_initVar - This variable is used to check the initial
 182:Generated_Source\PSoC5/I2C.c **** *                             configuration, modified on the first
 183:Generated_Source\PSoC5/I2C.c **** *                             function call.
 184:Generated_Source\PSoC5/I2C.c **** *
 185:Generated_Source\PSoC5/I2C.c **** * Reentrant:
 186:Generated_Source\PSoC5/I2C.c **** *  No.
 187:Generated_Source\PSoC5/I2C.c **** *
 188:Generated_Source\PSoC5/I2C.c **** *******************************************************************************/
 189:Generated_Source\PSoC5/I2C.c **** void I2C_Start(void) 
 190:Generated_Source\PSoC5/I2C.c **** {
 141              		.loc 1 190 0
 142              		.cfi_startproc
 143              		@ args = 0, pretend = 0, frame = 0
 144              		@ frame_needed = 0, uses_anonymous_args = 0
 145 0000 08B5     		push	{r3, lr}
 146              		.cfi_def_cfa_offset 8
 147              		.cfi_offset 3, -8
 148              		.cfi_offset 14, -4
 191:Generated_Source\PSoC5/I2C.c ****     if (0u == I2C_initVar)
 149              		.loc 1 191 0
 150 0002 074B     		ldr	r3, .L11
 151 0004 1B78     		ldrb	r3, [r3]	@ zero_extendqisi2
ARM GAS  C:\Users\USUARIO\AppData\Local\Temp\ccJxqfa3.s 			page 7


 152 0006 23B9     		cbnz	r3, .L9
 192:Generated_Source\PSoC5/I2C.c ****     {
 193:Generated_Source\PSoC5/I2C.c ****         I2C_Init();
 153              		.loc 1 193 0
 154 0008 FFF7FEFF 		bl	I2C_Init
 155              	.LVL4:
 194:Generated_Source\PSoC5/I2C.c ****         I2C_initVar = 1u; /* Component initialized */
 156              		.loc 1 194 0
 157 000c 0122     		movs	r2, #1
 158 000e 044B     		ldr	r3, .L11
 159 0010 1A70     		strb	r2, [r3]
 160              	.L9:
 195:Generated_Source\PSoC5/I2C.c ****     }
 196:Generated_Source\PSoC5/I2C.c **** 
 197:Generated_Source\PSoC5/I2C.c ****     I2C_Enable();
 161              		.loc 1 197 0
 162 0012 FFF7FEFF 		bl	I2C_Enable
 163              	.LVL5:
 198:Generated_Source\PSoC5/I2C.c ****     I2C_EnableInt();
 164              		.loc 1 198 0
 165 0016 1022     		movs	r2, #16
 166 0018 024B     		ldr	r3, .L11+4
 167 001a 1A60     		str	r2, [r3]
 168 001c 08BD     		pop	{r3, pc}
 169              	.L12:
 170 001e 00BF     		.align	2
 171              	.L11:
 172 0020 00000000 		.word	.LANCHOR0
 173 0024 00E100E0 		.word	-536813312
 174              		.cfi_endproc
 175              	.LFE2:
 176              		.size	I2C_Start, .-I2C_Start
 177              		.section	.text.I2C_Stop,"ax",%progbits
 178              		.align	2
 179              		.global	I2C_Stop
 180              		.thumb
 181              		.thumb_func
 182              		.type	I2C_Stop, %function
 183              	I2C_Stop:
 184              	.LFB3:
 199:Generated_Source\PSoC5/I2C.c **** }
 200:Generated_Source\PSoC5/I2C.c **** 
 201:Generated_Source\PSoC5/I2C.c **** 
 202:Generated_Source\PSoC5/I2C.c **** /*******************************************************************************
 203:Generated_Source\PSoC5/I2C.c **** * Function Name: I2C_Stop
 204:Generated_Source\PSoC5/I2C.c **** ********************************************************************************
 205:Generated_Source\PSoC5/I2C.c **** *
 206:Generated_Source\PSoC5/I2C.c **** * Summary:
 207:Generated_Source\PSoC5/I2C.c **** *  Disables I2C hardware and disables I2C interrupt. Disables Active mode power
 208:Generated_Source\PSoC5/I2C.c **** *  template bits or clock gating as appropriate.
 209:Generated_Source\PSoC5/I2C.c **** *
 210:Generated_Source\PSoC5/I2C.c **** * Parameters:
 211:Generated_Source\PSoC5/I2C.c **** *  None.
 212:Generated_Source\PSoC5/I2C.c **** *
 213:Generated_Source\PSoC5/I2C.c **** * Return:
 214:Generated_Source\PSoC5/I2C.c **** *  None.
 215:Generated_Source\PSoC5/I2C.c **** *
ARM GAS  C:\Users\USUARIO\AppData\Local\Temp\ccJxqfa3.s 			page 8


 216:Generated_Source\PSoC5/I2C.c **** *******************************************************************************/
 217:Generated_Source\PSoC5/I2C.c **** void I2C_Stop(void) 
 218:Generated_Source\PSoC5/I2C.c **** {
 185              		.loc 1 218 0
 186              		.cfi_startproc
 187              		@ args = 0, pretend = 0, frame = 0
 188              		@ frame_needed = 0, uses_anonymous_args = 0
 189              		@ link register save eliminated.
 219:Generated_Source\PSoC5/I2C.c ****     I2C_DisableInt();
 190              		.loc 1 219 0
 191 0000 1023     		movs	r3, #16
 192 0002 094A     		ldr	r2, .L14
 193 0004 1360     		str	r3, [r2]
 220:Generated_Source\PSoC5/I2C.c **** 
 221:Generated_Source\PSoC5/I2C.c **** #if (I2C_TIMEOUT_ENABLED)
 222:Generated_Source\PSoC5/I2C.c ****     I2C_TimeoutStop();
 223:Generated_Source\PSoC5/I2C.c **** #endif  /* End (I2C_TIMEOUT_ENABLED) */
 224:Generated_Source\PSoC5/I2C.c **** 
 225:Generated_Source\PSoC5/I2C.c **** #if (I2C_FF_IMPLEMENTED)
 226:Generated_Source\PSoC5/I2C.c ****     {
 227:Generated_Source\PSoC5/I2C.c ****         uint8 intState;
 228:Generated_Source\PSoC5/I2C.c ****         uint16 blockResetCycles;
 229:Generated_Source\PSoC5/I2C.c **** 
 230:Generated_Source\PSoC5/I2C.c ****         /* Store registers effected by block disable */
 231:Generated_Source\PSoC5/I2C.c ****         I2C_backup.addr    = I2C_ADDR_REG;
 232:Generated_Source\PSoC5/I2C.c ****         I2C_backup.clkDiv1 = I2C_CLKDIV1_REG;
 233:Generated_Source\PSoC5/I2C.c ****         I2C_backup.clkDiv2 = I2C_CLKDIV2_REG;
 234:Generated_Source\PSoC5/I2C.c **** 
 235:Generated_Source\PSoC5/I2C.c ****         /* Calculate number of cycles to reset block */
 236:Generated_Source\PSoC5/I2C.c ****         blockResetCycles = ((uint16) ((uint16) I2C_CLKDIV2_REG << 8u) | I2C_CLKDIV1_REG) + 1u;
 237:Generated_Source\PSoC5/I2C.c **** 
 238:Generated_Source\PSoC5/I2C.c ****         /* Disable block */
 239:Generated_Source\PSoC5/I2C.c ****         I2C_CFG_REG &= (uint8) ~I2C_CFG_EN_SLAVE;
 240:Generated_Source\PSoC5/I2C.c ****         /* Wait for block reset before disable power */
 241:Generated_Source\PSoC5/I2C.c ****         CyDelayCycles((uint32) blockResetCycles);
 242:Generated_Source\PSoC5/I2C.c **** 
 243:Generated_Source\PSoC5/I2C.c ****         /* Disable power to block */
 244:Generated_Source\PSoC5/I2C.c ****         intState = CyEnterCriticalSection();
 245:Generated_Source\PSoC5/I2C.c ****         I2C_ACT_PWRMGR_REG  &= (uint8) ~I2C_ACT_PWR_EN;
 246:Generated_Source\PSoC5/I2C.c ****         I2C_STBY_PWRMGR_REG &= (uint8) ~I2C_STBY_PWR_EN;
 247:Generated_Source\PSoC5/I2C.c ****         CyExitCriticalSection(intState);
 248:Generated_Source\PSoC5/I2C.c **** 
 249:Generated_Source\PSoC5/I2C.c ****         /* Enable block */
 250:Generated_Source\PSoC5/I2C.c ****         I2C_CFG_REG |= (uint8) I2C_ENABLE_MS;
 251:Generated_Source\PSoC5/I2C.c **** 
 252:Generated_Source\PSoC5/I2C.c ****         /* Restore registers effected by block disable. Ticket ID#198004 */
 253:Generated_Source\PSoC5/I2C.c ****         I2C_ADDR_REG    = I2C_backup.addr;
 254:Generated_Source\PSoC5/I2C.c ****         I2C_ADDR_REG    = I2C_backup.addr;
 255:Generated_Source\PSoC5/I2C.c ****         I2C_CLKDIV1_REG = I2C_backup.clkDiv1;
 256:Generated_Source\PSoC5/I2C.c ****         I2C_CLKDIV2_REG = I2C_backup.clkDiv2;
 257:Generated_Source\PSoC5/I2C.c ****     }
 258:Generated_Source\PSoC5/I2C.c **** #else
 259:Generated_Source\PSoC5/I2C.c **** 
 260:Generated_Source\PSoC5/I2C.c ****     /* Disable slave or master bits */
 261:Generated_Source\PSoC5/I2C.c ****     I2C_CFG_REG &= (uint8) ~I2C_ENABLE_MS;
 194              		.loc 1 261 0
 195 0006 0949     		ldr	r1, .L14+4
ARM GAS  C:\Users\USUARIO\AppData\Local\Temp\ccJxqfa3.s 			page 9


 196 0008 0A78     		ldrb	r2, [r1]	@ zero_extendqisi2
 197 000a 02F0FD02 		and	r2, r2, #253
 198 000e 0A70     		strb	r2, [r1]
 262:Generated_Source\PSoC5/I2C.c **** 
 263:Generated_Source\PSoC5/I2C.c **** #if (I2C_MODE_SLAVE_ENABLED)
 264:Generated_Source\PSoC5/I2C.c ****     {
 265:Generated_Source\PSoC5/I2C.c ****         /* Disable bit counter */
 266:Generated_Source\PSoC5/I2C.c ****         uint8 intState = CyEnterCriticalSection();
 267:Generated_Source\PSoC5/I2C.c ****         I2C_COUNTER_AUX_CTL_REG &= (uint8) ~I2C_CNT7_ENABLE;
 268:Generated_Source\PSoC5/I2C.c ****         CyExitCriticalSection(intState);
 269:Generated_Source\PSoC5/I2C.c ****     }
 270:Generated_Source\PSoC5/I2C.c **** #endif /* (I2C_MODE_SLAVE_ENABLED) */
 271:Generated_Source\PSoC5/I2C.c **** 
 272:Generated_Source\PSoC5/I2C.c ****     /* Clear interrupt source register */
 273:Generated_Source\PSoC5/I2C.c ****     (void) I2C_CSR_REG;
 199              		.loc 1 273 0
 200 0010 074A     		ldr	r2, .L14+8
 201 0012 1278     		ldrb	r2, [r2]	@ zero_extendqisi2
 274:Generated_Source\PSoC5/I2C.c **** #endif /* (I2C_FF_IMPLEMENTED) */
 275:Generated_Source\PSoC5/I2C.c **** 
 276:Generated_Source\PSoC5/I2C.c ****     /* Disable interrupt on stop (enabled by write transaction) */
 277:Generated_Source\PSoC5/I2C.c ****     I2C_DISABLE_INT_ON_STOP;
 202              		.loc 1 277 0
 203 0014 EC39     		subs	r1, r1, #236
 204 0016 0A78     		ldrb	r2, [r1]	@ zero_extendqisi2
 205 0018 02F0DF02 		and	r2, r2, #223
 206 001c 0A70     		strb	r2, [r1]
 278:Generated_Source\PSoC5/I2C.c ****     I2C_ClearPendingInt();
 207              		.loc 1 278 0
 208 001e 054A     		ldr	r2, .L14+12
 209 0020 1360     		str	r3, [r2]
 279:Generated_Source\PSoC5/I2C.c **** 
 280:Generated_Source\PSoC5/I2C.c ****     /* Reset FSM to default state */
 281:Generated_Source\PSoC5/I2C.c ****     I2C_state = I2C_SM_IDLE;
 210              		.loc 1 281 0
 211 0022 054A     		ldr	r2, .L14+16
 212 0024 1370     		strb	r3, [r2]
 213 0026 7047     		bx	lr
 214              	.L15:
 215              		.align	2
 216              	.L14:
 217 0028 80E100E0 		.word	-536813184
 218 002c 78650040 		.word	1073767800
 219 0030 6C640040 		.word	1073767532
 220 0034 80E200E0 		.word	-536812928
 221 0038 00000000 		.word	I2C_state
 222              		.cfi_endproc
 223              	.LFE3:
 224              		.size	I2C_Stop, .-I2C_Stop
 225              		.comm	I2C_state,1,1
 226              		.global	I2C_initVar
 227              		.bss
 228              		.set	.LANCHOR0,. + 0
 229              		.type	I2C_initVar, %object
 230              		.size	I2C_initVar, 1
 231              	I2C_initVar:
 232 0000 00       		.space	1
ARM GAS  C:\Users\USUARIO\AppData\Local\Temp\ccJxqfa3.s 			page 10


 233              		.text
 234              	.Letext0:
 235              		.file 2 "Generated_Source\\PSoC5\\cytypes.h"
 236              		.file 3 "Generated_Source\\PSoC5\\I2C_PVT.h"
 237              		.file 4 "Generated_Source\\PSoC5\\CyLib.h"
 238              		.section	.debug_info,"",%progbits
 239              	.Ldebug_info0:
 240 0000 DC010000 		.4byte	0x1dc
 241 0004 0400     		.2byte	0x4
 242 0006 00000000 		.4byte	.Ldebug_abbrev0
 243 000a 04       		.byte	0x4
 244 000b 01       		.uleb128 0x1
 245 000c 77000000 		.4byte	.LASF31
 246 0010 0C       		.byte	0xc
 247 0011 78020000 		.4byte	.LASF32
 248 0015 2D010000 		.4byte	.LASF33
 249 0019 00000000 		.4byte	.Ldebug_ranges0+0
 250 001d 00000000 		.4byte	0
 251 0021 00000000 		.4byte	.Ldebug_line0
 252 0025 02       		.uleb128 0x2
 253 0026 01       		.byte	0x1
 254 0027 06       		.byte	0x6
 255 0028 FC010000 		.4byte	.LASF0
 256 002c 02       		.uleb128 0x2
 257 002d 01       		.byte	0x1
 258 002e 08       		.byte	0x8
 259 002f 69000000 		.4byte	.LASF1
 260 0033 02       		.uleb128 0x2
 261 0034 02       		.byte	0x2
 262 0035 05       		.byte	0x5
 263 0036 2D020000 		.4byte	.LASF2
 264 003a 02       		.uleb128 0x2
 265 003b 02       		.byte	0x2
 266 003c 07       		.byte	0x7
 267 003d 15000000 		.4byte	.LASF3
 268 0041 02       		.uleb128 0x2
 269 0042 04       		.byte	0x4
 270 0043 05       		.byte	0x5
 271 0044 46020000 		.4byte	.LASF4
 272 0048 02       		.uleb128 0x2
 273 0049 04       		.byte	0x4
 274 004a 07       		.byte	0x7
 275 004b 0A010000 		.4byte	.LASF5
 276 004f 02       		.uleb128 0x2
 277 0050 08       		.byte	0x8
 278 0051 05       		.byte	0x5
 279 0052 1A020000 		.4byte	.LASF6
 280 0056 02       		.uleb128 0x2
 281 0057 08       		.byte	0x8
 282 0058 07       		.byte	0x7
 283 0059 52000000 		.4byte	.LASF7
 284 005d 03       		.uleb128 0x3
 285 005e 04       		.byte	0x4
 286 005f 05       		.byte	0x5
 287 0060 696E7400 		.ascii	"int\000"
 288 0064 02       		.uleb128 0x2
 289 0065 04       		.byte	0x4
ARM GAS  C:\Users\USUARIO\AppData\Local\Temp\ccJxqfa3.s 			page 11


 290 0066 07       		.byte	0x7
 291 0067 B1010000 		.4byte	.LASF8
 292 006b 04       		.uleb128 0x4
 293 006c 1C010000 		.4byte	.LASF9
 294 0070 02       		.byte	0x2
 295 0071 E801     		.2byte	0x1e8
 296 0073 2C000000 		.4byte	0x2c
 297 0077 04       		.uleb128 0x4
 298 0078 A1010000 		.4byte	.LASF10
 299 007c 02       		.byte	0x2
 300 007d EA01     		.2byte	0x1ea
 301 007f 48000000 		.4byte	0x48
 302 0083 02       		.uleb128 0x2
 303 0084 04       		.byte	0x4
 304 0085 04       		.byte	0x4
 305 0086 4C000000 		.4byte	.LASF11
 306 008a 02       		.uleb128 0x2
 307 008b 08       		.byte	0x8
 308 008c 04       		.byte	0x4
 309 008d 28000000 		.4byte	.LASF12
 310 0091 02       		.uleb128 0x2
 311 0092 01       		.byte	0x1
 312 0093 08       		.byte	0x8
 313 0094 28020000 		.4byte	.LASF13
 314 0098 04       		.uleb128 0x4
 315 0099 05010000 		.4byte	.LASF14
 316 009d 02       		.byte	0x2
 317 009e 9202     		.2byte	0x292
 318 00a0 A4000000 		.4byte	0xa4
 319 00a4 05       		.uleb128 0x5
 320 00a5 6B000000 		.4byte	0x6b
 321 00a9 04       		.uleb128 0x4
 322 00aa 00000000 		.4byte	.LASF15
 323 00ae 02       		.byte	0x2
 324 00af 9402     		.2byte	0x294
 325 00b1 B5000000 		.4byte	0xb5
 326 00b5 05       		.uleb128 0x5
 327 00b6 77000000 		.4byte	0x77
 328 00ba 02       		.uleb128 0x2
 329 00bb 08       		.byte	0x8
 330 00bc 04       		.byte	0x4
 331 00bd 4F020000 		.4byte	.LASF16
 332 00c1 02       		.uleb128 0x2
 333 00c2 04       		.byte	0x4
 334 00c3 07       		.byte	0x7
 335 00c4 11020000 		.4byte	.LASF17
 336 00c8 06       		.uleb128 0x6
 337 00c9 08020000 		.4byte	.LASF18
 338 00cd 01       		.byte	0x1
 339 00ce 31       		.byte	0x31
 340 00cf 00000000 		.4byte	.LFB0
 341 00d3 78000000 		.4byte	.LFE0-.LFB0
 342 00d7 01       		.uleb128 0x1
 343 00d8 9C       		.byte	0x9c
 344 00d9 26010000 		.4byte	0x126
 345 00dd 07       		.uleb128 0x7
 346 00de A8010000 		.4byte	.LASF34
ARM GAS  C:\Users\USUARIO\AppData\Local\Temp\ccJxqfa3.s 			page 12


 347 00e2 01       		.byte	0x1
 348 00e3 3C       		.byte	0x3c
 349 00e4 6B000000 		.4byte	0x6b
 350 00e8 00000000 		.4byte	.LLST0
 351 00ec 08       		.uleb128 0x8
 352 00ed 12000000 		.4byte	.LVL0
 353 00f1 B3010000 		.4byte	0x1b3
 354 00f5 08       		.uleb128 0x8
 355 00f6 20000000 		.4byte	.LVL1
 356 00fa BE010000 		.4byte	0x1be
 357 00fe 09       		.uleb128 0x9
 358 00ff 3A000000 		.4byte	.LVL2
 359 0103 C9010000 		.4byte	0x1c9
 360 0107 16010000 		.4byte	0x116
 361 010b 0A       		.uleb128 0xa
 362 010c 01       		.uleb128 0x1
 363 010d 50       		.byte	0x50
 364 010e 01       		.uleb128 0x1
 365 010f 34       		.byte	0x34
 366 0110 0A       		.uleb128 0xa
 367 0111 01       		.uleb128 0x1
 368 0112 51       		.byte	0x51
 369 0113 01       		.uleb128 0x1
 370 0114 37       		.byte	0x37
 371 0115 00       		.byte	0
 372 0116 0B       		.uleb128 0xb
 373 0117 42000000 		.4byte	.LVL3
 374 011b D4010000 		.4byte	0x1d4
 375 011f 0A       		.uleb128 0xa
 376 0120 01       		.uleb128 0x1
 377 0121 50       		.byte	0x50
 378 0122 01       		.uleb128 0x1
 379 0123 34       		.byte	0x34
 380 0124 00       		.byte	0
 381 0125 00       		.byte	0
 382 0126 0C       		.uleb128 0xc
 383 0127 22010000 		.4byte	.LASF20
 384 012b 01       		.byte	0x1
 385 012c 85       		.byte	0x85
 386 012d 00000000 		.4byte	.LFB1
 387 0131 10000000 		.4byte	.LFE1-.LFB1
 388 0135 01       		.uleb128 0x1
 389 0136 9C       		.byte	0x9c
 390 0137 06       		.uleb128 0x6
 391 0138 2F000000 		.4byte	.LASF19
 392 013c 01       		.byte	0x1
 393 013d BD       		.byte	0xbd
 394 013e 00000000 		.4byte	.LFB2
 395 0142 28000000 		.4byte	.LFE2-.LFB2
 396 0146 01       		.uleb128 0x1
 397 0147 9C       		.byte	0x9c
 398 0148 5F010000 		.4byte	0x15f
 399 014c 08       		.uleb128 0x8
 400 014d 0C000000 		.4byte	.LVL4
 401 0151 C8000000 		.4byte	0xc8
 402 0155 08       		.uleb128 0x8
 403 0156 16000000 		.4byte	.LVL5
ARM GAS  C:\Users\USUARIO\AppData\Local\Temp\ccJxqfa3.s 			page 13


 404 015a 26010000 		.4byte	0x126
 405 015e 00       		.byte	0
 406 015f 0C       		.uleb128 0xc
 407 0160 98010000 		.4byte	.LASF21
 408 0164 01       		.byte	0x1
 409 0165 D9       		.byte	0xd9
 410 0166 00000000 		.4byte	.LFB3
 411 016a 3C000000 		.4byte	.LFE3-.LFB3
 412 016e 01       		.uleb128 0x1
 413 016f 9C       		.byte	0x9c
 414 0170 0D       		.uleb128 0xd
 415 0171 95020000 		.4byte	.LASF22
 416 0175 01       		.byte	0x1
 417 0176 18       		.byte	0x18
 418 0177 6B000000 		.4byte	0x6b
 419 017b 05       		.uleb128 0x5
 420 017c 03       		.byte	0x3
 421 017d 00000000 		.4byte	I2C_initVar
 422 0181 0D       		.uleb128 0xd
 423 0182 5B020000 		.4byte	.LASF23
 424 0186 01       		.byte	0x1
 425 0187 1A       		.byte	0x1a
 426 0188 A4000000 		.4byte	0xa4
 427 018c 05       		.uleb128 0x5
 428 018d 03       		.byte	0x3
 429 018e 00000000 		.4byte	I2C_state
 430 0192 0E       		.uleb128 0xe
 431 0193 37020000 		.4byte	.LASF24
 432 0197 03       		.byte	0x3
 433 0198 27       		.byte	0x27
 434 0199 A4000000 		.4byte	0xa4
 435 019d 0E       		.uleb128 0xe
 436 019e 39000000 		.4byte	.LASF25
 437 01a2 03       		.byte	0x3
 438 01a3 2D       		.byte	0x2d
 439 01a4 A4000000 		.4byte	0xa4
 440 01a8 0E       		.uleb128 0xe
 441 01a9 65020000 		.4byte	.LASF26
 442 01ad 03       		.byte	0x3
 443 01ae 32       		.byte	0x32
 444 01af A4000000 		.4byte	0xa4
 445 01b3 0F       		.uleb128 0xf
 446 01b4 E5010000 		.4byte	.LASF27
 447 01b8 E5010000 		.4byte	.LASF27
 448 01bc 04       		.byte	0x4
 449 01bd 7D       		.byte	0x7d
 450 01be 0F       		.uleb128 0xf
 451 01bf BE010000 		.4byte	.LASF28
 452 01c3 BE010000 		.4byte	.LASF28
 453 01c7 04       		.byte	0x4
 454 01c8 7E       		.byte	0x7e
 455 01c9 0F       		.uleb128 0xf
 456 01ca D4010000 		.4byte	.LASF29
 457 01ce D4010000 		.4byte	.LASF29
 458 01d2 04       		.byte	0x4
 459 01d3 8B       		.byte	0x8b
 460 01d4 0F       		.uleb128 0xf
ARM GAS  C:\Users\USUARIO\AppData\Local\Temp\ccJxqfa3.s 			page 14


 461 01d5 06000000 		.4byte	.LASF30
 462 01d9 06000000 		.4byte	.LASF30
 463 01dd 04       		.byte	0x4
 464 01de 88       		.byte	0x88
 465 01df 00       		.byte	0
 466              		.section	.debug_abbrev,"",%progbits
 467              	.Ldebug_abbrev0:
 468 0000 01       		.uleb128 0x1
 469 0001 11       		.uleb128 0x11
 470 0002 01       		.byte	0x1
 471 0003 25       		.uleb128 0x25
 472 0004 0E       		.uleb128 0xe
 473 0005 13       		.uleb128 0x13
 474 0006 0B       		.uleb128 0xb
 475 0007 03       		.uleb128 0x3
 476 0008 0E       		.uleb128 0xe
 477 0009 1B       		.uleb128 0x1b
 478 000a 0E       		.uleb128 0xe
 479 000b 55       		.uleb128 0x55
 480 000c 17       		.uleb128 0x17
 481 000d 11       		.uleb128 0x11
 482 000e 01       		.uleb128 0x1
 483 000f 10       		.uleb128 0x10
 484 0010 17       		.uleb128 0x17
 485 0011 00       		.byte	0
 486 0012 00       		.byte	0
 487 0013 02       		.uleb128 0x2
 488 0014 24       		.uleb128 0x24
 489 0015 00       		.byte	0
 490 0016 0B       		.uleb128 0xb
 491 0017 0B       		.uleb128 0xb
 492 0018 3E       		.uleb128 0x3e
 493 0019 0B       		.uleb128 0xb
 494 001a 03       		.uleb128 0x3
 495 001b 0E       		.uleb128 0xe
 496 001c 00       		.byte	0
 497 001d 00       		.byte	0
 498 001e 03       		.uleb128 0x3
 499 001f 24       		.uleb128 0x24
 500 0020 00       		.byte	0
 501 0021 0B       		.uleb128 0xb
 502 0022 0B       		.uleb128 0xb
 503 0023 3E       		.uleb128 0x3e
 504 0024 0B       		.uleb128 0xb
 505 0025 03       		.uleb128 0x3
 506 0026 08       		.uleb128 0x8
 507 0027 00       		.byte	0
 508 0028 00       		.byte	0
 509 0029 04       		.uleb128 0x4
 510 002a 16       		.uleb128 0x16
 511 002b 00       		.byte	0
 512 002c 03       		.uleb128 0x3
 513 002d 0E       		.uleb128 0xe
 514 002e 3A       		.uleb128 0x3a
 515 002f 0B       		.uleb128 0xb
 516 0030 3B       		.uleb128 0x3b
 517 0031 05       		.uleb128 0x5
ARM GAS  C:\Users\USUARIO\AppData\Local\Temp\ccJxqfa3.s 			page 15


 518 0032 49       		.uleb128 0x49
 519 0033 13       		.uleb128 0x13
 520 0034 00       		.byte	0
 521 0035 00       		.byte	0
 522 0036 05       		.uleb128 0x5
 523 0037 35       		.uleb128 0x35
 524 0038 00       		.byte	0
 525 0039 49       		.uleb128 0x49
 526 003a 13       		.uleb128 0x13
 527 003b 00       		.byte	0
 528 003c 00       		.byte	0
 529 003d 06       		.uleb128 0x6
 530 003e 2E       		.uleb128 0x2e
 531 003f 01       		.byte	0x1
 532 0040 3F       		.uleb128 0x3f
 533 0041 19       		.uleb128 0x19
 534 0042 03       		.uleb128 0x3
 535 0043 0E       		.uleb128 0xe
 536 0044 3A       		.uleb128 0x3a
 537 0045 0B       		.uleb128 0xb
 538 0046 3B       		.uleb128 0x3b
 539 0047 0B       		.uleb128 0xb
 540 0048 27       		.uleb128 0x27
 541 0049 19       		.uleb128 0x19
 542 004a 11       		.uleb128 0x11
 543 004b 01       		.uleb128 0x1
 544 004c 12       		.uleb128 0x12
 545 004d 06       		.uleb128 0x6
 546 004e 40       		.uleb128 0x40
 547 004f 18       		.uleb128 0x18
 548 0050 9742     		.uleb128 0x2117
 549 0052 19       		.uleb128 0x19
 550 0053 01       		.uleb128 0x1
 551 0054 13       		.uleb128 0x13
 552 0055 00       		.byte	0
 553 0056 00       		.byte	0
 554 0057 07       		.uleb128 0x7
 555 0058 34       		.uleb128 0x34
 556 0059 00       		.byte	0
 557 005a 03       		.uleb128 0x3
 558 005b 0E       		.uleb128 0xe
 559 005c 3A       		.uleb128 0x3a
 560 005d 0B       		.uleb128 0xb
 561 005e 3B       		.uleb128 0x3b
 562 005f 0B       		.uleb128 0xb
 563 0060 49       		.uleb128 0x49
 564 0061 13       		.uleb128 0x13
 565 0062 02       		.uleb128 0x2
 566 0063 17       		.uleb128 0x17
 567 0064 00       		.byte	0
 568 0065 00       		.byte	0
 569 0066 08       		.uleb128 0x8
 570 0067 898201   		.uleb128 0x4109
 571 006a 00       		.byte	0
 572 006b 11       		.uleb128 0x11
 573 006c 01       		.uleb128 0x1
 574 006d 31       		.uleb128 0x31
ARM GAS  C:\Users\USUARIO\AppData\Local\Temp\ccJxqfa3.s 			page 16


 575 006e 13       		.uleb128 0x13
 576 006f 00       		.byte	0
 577 0070 00       		.byte	0
 578 0071 09       		.uleb128 0x9
 579 0072 898201   		.uleb128 0x4109
 580 0075 01       		.byte	0x1
 581 0076 11       		.uleb128 0x11
 582 0077 01       		.uleb128 0x1
 583 0078 31       		.uleb128 0x31
 584 0079 13       		.uleb128 0x13
 585 007a 01       		.uleb128 0x1
 586 007b 13       		.uleb128 0x13
 587 007c 00       		.byte	0
 588 007d 00       		.byte	0
 589 007e 0A       		.uleb128 0xa
 590 007f 8A8201   		.uleb128 0x410a
 591 0082 00       		.byte	0
 592 0083 02       		.uleb128 0x2
 593 0084 18       		.uleb128 0x18
 594 0085 9142     		.uleb128 0x2111
 595 0087 18       		.uleb128 0x18
 596 0088 00       		.byte	0
 597 0089 00       		.byte	0
 598 008a 0B       		.uleb128 0xb
 599 008b 898201   		.uleb128 0x4109
 600 008e 01       		.byte	0x1
 601 008f 11       		.uleb128 0x11
 602 0090 01       		.uleb128 0x1
 603 0091 31       		.uleb128 0x31
 604 0092 13       		.uleb128 0x13
 605 0093 00       		.byte	0
 606 0094 00       		.byte	0
 607 0095 0C       		.uleb128 0xc
 608 0096 2E       		.uleb128 0x2e
 609 0097 00       		.byte	0
 610 0098 3F       		.uleb128 0x3f
 611 0099 19       		.uleb128 0x19
 612 009a 03       		.uleb128 0x3
 613 009b 0E       		.uleb128 0xe
 614 009c 3A       		.uleb128 0x3a
 615 009d 0B       		.uleb128 0xb
 616 009e 3B       		.uleb128 0x3b
 617 009f 0B       		.uleb128 0xb
 618 00a0 27       		.uleb128 0x27
 619 00a1 19       		.uleb128 0x19
 620 00a2 11       		.uleb128 0x11
 621 00a3 01       		.uleb128 0x1
 622 00a4 12       		.uleb128 0x12
 623 00a5 06       		.uleb128 0x6
 624 00a6 40       		.uleb128 0x40
 625 00a7 18       		.uleb128 0x18
 626 00a8 9742     		.uleb128 0x2117
 627 00aa 19       		.uleb128 0x19
 628 00ab 00       		.byte	0
 629 00ac 00       		.byte	0
 630 00ad 0D       		.uleb128 0xd
 631 00ae 34       		.uleb128 0x34
ARM GAS  C:\Users\USUARIO\AppData\Local\Temp\ccJxqfa3.s 			page 17


 632 00af 00       		.byte	0
 633 00b0 03       		.uleb128 0x3
 634 00b1 0E       		.uleb128 0xe
 635 00b2 3A       		.uleb128 0x3a
 636 00b3 0B       		.uleb128 0xb
 637 00b4 3B       		.uleb128 0x3b
 638 00b5 0B       		.uleb128 0xb
 639 00b6 49       		.uleb128 0x49
 640 00b7 13       		.uleb128 0x13
 641 00b8 3F       		.uleb128 0x3f
 642 00b9 19       		.uleb128 0x19
 643 00ba 02       		.uleb128 0x2
 644 00bb 18       		.uleb128 0x18
 645 00bc 00       		.byte	0
 646 00bd 00       		.byte	0
 647 00be 0E       		.uleb128 0xe
 648 00bf 34       		.uleb128 0x34
 649 00c0 00       		.byte	0
 650 00c1 03       		.uleb128 0x3
 651 00c2 0E       		.uleb128 0xe
 652 00c3 3A       		.uleb128 0x3a
 653 00c4 0B       		.uleb128 0xb
 654 00c5 3B       		.uleb128 0x3b
 655 00c6 0B       		.uleb128 0xb
 656 00c7 49       		.uleb128 0x49
 657 00c8 13       		.uleb128 0x13
 658 00c9 3F       		.uleb128 0x3f
 659 00ca 19       		.uleb128 0x19
 660 00cb 3C       		.uleb128 0x3c
 661 00cc 19       		.uleb128 0x19
 662 00cd 00       		.byte	0
 663 00ce 00       		.byte	0
 664 00cf 0F       		.uleb128 0xf
 665 00d0 2E       		.uleb128 0x2e
 666 00d1 00       		.byte	0
 667 00d2 3F       		.uleb128 0x3f
 668 00d3 19       		.uleb128 0x19
 669 00d4 3C       		.uleb128 0x3c
 670 00d5 19       		.uleb128 0x19
 671 00d6 6E       		.uleb128 0x6e
 672 00d7 0E       		.uleb128 0xe
 673 00d8 03       		.uleb128 0x3
 674 00d9 0E       		.uleb128 0xe
 675 00da 3A       		.uleb128 0x3a
 676 00db 0B       		.uleb128 0xb
 677 00dc 3B       		.uleb128 0x3b
 678 00dd 0B       		.uleb128 0xb
 679 00de 00       		.byte	0
 680 00df 00       		.byte	0
 681 00e0 00       		.byte	0
 682              		.section	.debug_loc,"",%progbits
 683              	.Ldebug_loc0:
 684              	.LLST0:
 685 0000 12000000 		.4byte	.LVL0
 686 0004 1F000000 		.4byte	.LVL1-1
 687 0008 0100     		.2byte	0x1
 688 000a 50       		.byte	0x50
ARM GAS  C:\Users\USUARIO\AppData\Local\Temp\ccJxqfa3.s 			page 18


 689 000b 00000000 		.4byte	0
 690 000f 00000000 		.4byte	0
 691              		.section	.debug_aranges,"",%progbits
 692 0000 34000000 		.4byte	0x34
 693 0004 0200     		.2byte	0x2
 694 0006 00000000 		.4byte	.Ldebug_info0
 695 000a 04       		.byte	0x4
 696 000b 00       		.byte	0
 697 000c 0000     		.2byte	0
 698 000e 0000     		.2byte	0
 699 0010 00000000 		.4byte	.LFB0
 700 0014 78000000 		.4byte	.LFE0-.LFB0
 701 0018 00000000 		.4byte	.LFB1
 702 001c 10000000 		.4byte	.LFE1-.LFB1
 703 0020 00000000 		.4byte	.LFB2
 704 0024 28000000 		.4byte	.LFE2-.LFB2
 705 0028 00000000 		.4byte	.LFB3
 706 002c 3C000000 		.4byte	.LFE3-.LFB3
 707 0030 00000000 		.4byte	0
 708 0034 00000000 		.4byte	0
 709              		.section	.debug_ranges,"",%progbits
 710              	.Ldebug_ranges0:
 711 0000 00000000 		.4byte	.LFB0
 712 0004 78000000 		.4byte	.LFE0
 713 0008 00000000 		.4byte	.LFB1
 714 000c 10000000 		.4byte	.LFE1
 715 0010 00000000 		.4byte	.LFB2
 716 0014 28000000 		.4byte	.LFE2
 717 0018 00000000 		.4byte	.LFB3
 718 001c 3C000000 		.4byte	.LFE3
 719 0020 00000000 		.4byte	0
 720 0024 00000000 		.4byte	0
 721              		.section	.debug_line,"",%progbits
 722              	.Ldebug_line0:
 723 0000 C5000000 		.section	.debug_str,"MS",%progbits,1
 723      02005800 
 723      00000201 
 723      FB0E0D00 
 723      01010101 
 724              	.LASF15:
 725 0000 72656733 		.ascii	"reg32\000"
 725      3200
 726              	.LASF30:
 727 0006 4379496E 		.ascii	"CyIntSetVector\000"
 727      74536574 
 727      56656374 
 727      6F7200
 728              	.LASF3:
 729 0015 73686F72 		.ascii	"short unsigned int\000"
 729      7420756E 
 729      7369676E 
 729      65642069 
 729      6E7400
 730              	.LASF12:
 731 0028 646F7562 		.ascii	"double\000"
 731      6C6500
 732              	.LASF19:
ARM GAS  C:\Users\USUARIO\AppData\Local\Temp\ccJxqfa3.s 			page 19


 733 002f 4932435F 		.ascii	"I2C_Start\000"
 733      53746172 
 733      7400
 734              	.LASF25:
 735 0039 4932435F 		.ascii	"I2C_mstrRdBufIndex\000"
 735      6D737472 
 735      52644275 
 735      66496E64 
 735      657800
 736              	.LASF11:
 737 004c 666C6F61 		.ascii	"float\000"
 737      7400
 738              	.LASF7:
 739 0052 6C6F6E67 		.ascii	"long long unsigned int\000"
 739      206C6F6E 
 739      6720756E 
 739      7369676E 
 739      65642069 
 740              	.LASF1:
 741 0069 756E7369 		.ascii	"unsigned char\000"
 741      676E6564 
 741      20636861 
 741      7200
 742              	.LASF31:
 743 0077 474E5520 		.ascii	"GNU C11 5.4.1 20160609 (release) [ARM/embedded-5-br"
 743      43313120 
 743      352E342E 
 743      31203230 
 743      31363036 
 744 00aa 616E6368 		.ascii	"anch revision 237715] -mcpu=cortex-m3 -mthumb -g -O"
 744      20726576 
 744      6973696F 
 744      6E203233 
 744      37373135 
 745 00dd 67202D66 		.ascii	"g -ffunction-sections -ffat-lto-objects\000"
 745      66756E63 
 745      74696F6E 
 745      2D736563 
 745      74696F6E 
 746              	.LASF14:
 747 0105 72656738 		.ascii	"reg8\000"
 747      00
 748              	.LASF5:
 749 010a 6C6F6E67 		.ascii	"long unsigned int\000"
 749      20756E73 
 749      69676E65 
 749      6420696E 
 749      7400
 750              	.LASF9:
 751 011c 75696E74 		.ascii	"uint8\000"
 751      3800
 752              	.LASF20:
 753 0122 4932435F 		.ascii	"I2C_Enable\000"
 753      456E6162 
 753      6C6500
 754              	.LASF33:
 755 012d 443A5C4C 		.ascii	"D:\\Laboratorio\\Mufla\\2020\\Mufla 2.2L Psoc Avant"
ARM GAS  C:\Users\USUARIO\AppData\Local\Temp\ccJxqfa3.s 			page 20


 755      61626F72 
 755      61746F72 
 755      696F5C4D 
 755      75666C61 
 756 015c 696B6120 		.ascii	"ika #0045884XX OP2020346\\Firmware Psoc\\LCD2\\Mufl"
 756      23303034 
 756      35383834 
 756      5858204F 
 756      50323032 
 757 018c 61474C43 		.ascii	"aGLCD.cydsn\000"
 757      442E6379 
 757      64736E00 
 758              	.LASF21:
 759 0198 4932435F 		.ascii	"I2C_Stop\000"
 759      53746F70 
 759      00
 760              	.LASF10:
 761 01a1 75696E74 		.ascii	"uint32\000"
 761      333200
 762              	.LASF34:
 763 01a8 696E7453 		.ascii	"intState\000"
 763      74617465 
 763      00
 764              	.LASF8:
 765 01b1 756E7369 		.ascii	"unsigned int\000"
 765      676E6564 
 765      20696E74 
 765      00
 766              	.LASF28:
 767 01be 43794578 		.ascii	"CyExitCriticalSection\000"
 767      69744372 
 767      69746963 
 767      616C5365 
 767      6374696F 
 768              	.LASF29:
 769 01d4 4379496E 		.ascii	"CyIntSetPriority\000"
 769      74536574 
 769      5072696F 
 769      72697479 
 769      00
 770              	.LASF27:
 771 01e5 4379456E 		.ascii	"CyEnterCriticalSection\000"
 771      74657243 
 771      72697469 
 771      63616C53 
 771      65637469 
 772              	.LASF0:
 773 01fc 7369676E 		.ascii	"signed char\000"
 773      65642063 
 773      68617200 
 774              	.LASF18:
 775 0208 4932435F 		.ascii	"I2C_Init\000"
 775      496E6974 
 775      00
 776              	.LASF17:
 777 0211 73697A65 		.ascii	"sizetype\000"
 777      74797065 
ARM GAS  C:\Users\USUARIO\AppData\Local\Temp\ccJxqfa3.s 			page 21


 777      00
 778              	.LASF6:
 779 021a 6C6F6E67 		.ascii	"long long int\000"
 779      206C6F6E 
 779      6720696E 
 779      7400
 780              	.LASF13:
 781 0228 63686172 		.ascii	"char\000"
 781      00
 782              	.LASF2:
 783 022d 73686F72 		.ascii	"short int\000"
 783      7420696E 
 783      7400
 784              	.LASF24:
 785 0237 4932435F 		.ascii	"I2C_mstrStatus\000"
 785      6D737472 
 785      53746174 
 785      757300
 786              	.LASF4:
 787 0246 6C6F6E67 		.ascii	"long int\000"
 787      20696E74 
 787      00
 788              	.LASF16:
 789 024f 6C6F6E67 		.ascii	"long double\000"
 789      20646F75 
 789      626C6500 
 790              	.LASF23:
 791 025b 4932435F 		.ascii	"I2C_state\000"
 791      73746174 
 791      6500
 792              	.LASF26:
 793 0265 4932435F 		.ascii	"I2C_mstrWrBufIndex\000"
 793      6D737472 
 793      57724275 
 793      66496E64 
 793      657800
 794              	.LASF32:
 795 0278 47656E65 		.ascii	"Generated_Source\\PSoC5\\I2C.c\000"
 795      72617465 
 795      645F536F 
 795      75726365 
 795      5C50536F 
 796              	.LASF22:
 797 0295 4932435F 		.ascii	"I2C_initVar\000"
 797      696E6974 
 797      56617200 
 798              		.ident	"GCC: (GNU Tools for ARM Embedded Processors) 5.4.1 20160609 (release) [ARM/embedded-5-bran
