ARM GAS  C:\Users\USUARIO\AppData\Local\Temp\ccVGeeMb.s 			page 1


   1              		.syntax unified
   2              		.cpu cortex-m3
   3              		.fpu softvfp
   4              		.eabi_attribute 20, 1
   5              		.eabi_attribute 21, 1
   6              		.eabi_attribute 23, 3
   7              		.eabi_attribute 24, 1
   8              		.eabi_attribute 25, 1
   9              		.eabi_attribute 26, 1
  10              		.eabi_attribute 30, 1
  11              		.eabi_attribute 34, 1
  12              		.eabi_attribute 18, 4
  13              		.thumb
  14              		.syntax unified
  15              		.file	"CapSense_Pins.c"
  16              		.text
  17              	.Ltext0:
  18              		.cfi_sections	.debug_frame
  19              		.section	.text.CapSense_SetAllSensorsDriveMode,"ax",%progbits
  20              		.align	2
  21              		.global	CapSense_SetAllSensorsDriveMode
  22              		.thumb
  23              		.thumb_func
  24              		.type	CapSense_SetAllSensorsDriveMode, %function
  25              	CapSense_SetAllSensorsDriveMode:
  26              	.LFB0:
  27              		.file 1 "Generated_Source\\PSoC5\\CapSense_Pins.c"
   1:Generated_Source\PSoC5/CapSense_Pins.c **** /*******************************************************************************
   2:Generated_Source\PSoC5/CapSense_Pins.c **** * File Name: CapSense_Pins.c
   3:Generated_Source\PSoC5/CapSense_Pins.c **** * Version 3.50
   4:Generated_Source\PSoC5/CapSense_Pins.c **** *
   5:Generated_Source\PSoC5/CapSense_Pins.c **** * Description:
   6:Generated_Source\PSoC5/CapSense_Pins.c **** *  This file contains API to enable firmware control of a Pins component.
   7:Generated_Source\PSoC5/CapSense_Pins.c **** *
   8:Generated_Source\PSoC5/CapSense_Pins.c **** * Note:
   9:Generated_Source\PSoC5/CapSense_Pins.c **** *
  10:Generated_Source\PSoC5/CapSense_Pins.c **** ********************************************************************************
  11:Generated_Source\PSoC5/CapSense_Pins.c **** * Copyright 2008-2013, Cypress Semiconductor Corporation.  All rights reserved.
  12:Generated_Source\PSoC5/CapSense_Pins.c **** * You may use this file only in accordance with the license, terms, conditions,
  13:Generated_Source\PSoC5/CapSense_Pins.c **** * disclaimers, and limitations in the end user license agreement accompanying
  14:Generated_Source\PSoC5/CapSense_Pins.c **** * the software package with which this file was provided.
  15:Generated_Source\PSoC5/CapSense_Pins.c **** *******************************************************************************/
  16:Generated_Source\PSoC5/CapSense_Pins.c **** 
  17:Generated_Source\PSoC5/CapSense_Pins.c **** #include "CapSense_Pins.h"
  18:Generated_Source\PSoC5/CapSense_Pins.c **** 
  19:Generated_Source\PSoC5/CapSense_Pins.c **** 
  20:Generated_Source\PSoC5/CapSense_Pins.c **** /*******************************************************************************
  21:Generated_Source\PSoC5/CapSense_Pins.c **** * Function Name: CapSense_SetAllSensorsDriveMode
  22:Generated_Source\PSoC5/CapSense_Pins.c **** ********************************************************************************
  23:Generated_Source\PSoC5/CapSense_Pins.c **** *
  24:Generated_Source\PSoC5/CapSense_Pins.c **** * Summary:
  25:Generated_Source\PSoC5/CapSense_Pins.c **** *  Sets the drive mode for the all pins used by capacitive sensors within 
  26:Generated_Source\PSoC5/CapSense_Pins.c **** *  CapSense component.
  27:Generated_Source\PSoC5/CapSense_Pins.c **** * 
  28:Generated_Source\PSoC5/CapSense_Pins.c **** * Parameters:  
  29:Generated_Source\PSoC5/CapSense_Pins.c **** *  mode: Desired drive mode.
  30:Generated_Source\PSoC5/CapSense_Pins.c **** *
ARM GAS  C:\Users\USUARIO\AppData\Local\Temp\ccVGeeMb.s 			page 2


  31:Generated_Source\PSoC5/CapSense_Pins.c **** * Return: 
  32:Generated_Source\PSoC5/CapSense_Pins.c **** *  None
  33:Generated_Source\PSoC5/CapSense_Pins.c **** *
  34:Generated_Source\PSoC5/CapSense_Pins.c **** *******************************************************************************/
  35:Generated_Source\PSoC5/CapSense_Pins.c **** void CapSense_SetAllSensorsDriveMode(uint8 mode) 
  36:Generated_Source\PSoC5/CapSense_Pins.c **** {
  28              		.loc 1 36 0
  29              		.cfi_startproc
  30              		@ args = 0, pretend = 0, frame = 0
  31              		@ frame_needed = 0, uses_anonymous_args = 0
  32              		@ link register save eliminated.
  33              	.LVL0:
  37:Generated_Source\PSoC5/CapSense_Pins.c ****     /* Set pins drive mode */
  38:Generated_Source\PSoC5/CapSense_Pins.c ****     CyPins_SetPinDriveMode(CapSense_PortCH0__Button0__BTN, mode);
  34              		.loc 1 38 0
  35 0000 0D4A     		ldr	r2, .L2
  36 0002 1378     		ldrb	r3, [r2]	@ zero_extendqisi2
  37 0004 00F00E00 		and	r0, r0, #14
  38              	.LVL1:
  39 0008 03F0F103 		and	r3, r3, #241
  40 000c 0343     		orrs	r3, r3, r0
  41 000e 1370     		strb	r3, [r2]
  39:Generated_Source\PSoC5/CapSense_Pins.c ****     CyPins_SetPinDriveMode(CapSense_PortCH0__Button1__BTN, mode);
  42              		.loc 1 39 0
  43 0010 0132     		adds	r2, r2, #1
  44 0012 1378     		ldrb	r3, [r2]	@ zero_extendqisi2
  45 0014 03F0F103 		and	r3, r3, #241
  46 0018 0343     		orrs	r3, r3, r0
  47 001a 1370     		strb	r3, [r2]
  40:Generated_Source\PSoC5/CapSense_Pins.c ****     CyPins_SetPinDriveMode(CapSense_PortCH0__Button2__BTN, mode);
  48              		.loc 1 40 0
  49 001c 613A     		subs	r2, r2, #97
  50 001e 1378     		ldrb	r3, [r2]	@ zero_extendqisi2
  51 0020 03F0F103 		and	r3, r3, #241
  52 0024 0343     		orrs	r3, r3, r0
  53 0026 1370     		strb	r3, [r2]
  41:Generated_Source\PSoC5/CapSense_Pins.c ****     CyPins_SetPinDriveMode(CapSense_PortCH0__Button3__BTN, mode);
  54              		.loc 1 41 0
  55 0028 0132     		adds	r2, r2, #1
  56 002a 1378     		ldrb	r3, [r2]	@ zero_extendqisi2
  57 002c 03F0F103 		and	r3, r3, #241
  58 0030 1843     		orrs	r0, r0, r3
  59 0032 1070     		strb	r0, [r2]
  60 0034 7047     		bx	lr
  61              	.L3:
  62 0036 00BF     		.align	2
  63              	.L2:
  64 0038 7A500040 		.word	1073762426
  65              		.cfi_endproc
  66              	.LFE0:
  67              		.size	CapSense_SetAllSensorsDriveMode, .-CapSense_SetAllSensorsDriveMode
  68              		.section	.text.CapSense_SetAllCmodsDriveMode,"ax",%progbits
  69              		.align	2
  70              		.global	CapSense_SetAllCmodsDriveMode
  71              		.thumb
  72              		.thumb_func
  73              		.type	CapSense_SetAllCmodsDriveMode, %function
ARM GAS  C:\Users\USUARIO\AppData\Local\Temp\ccVGeeMb.s 			page 3


  74              	CapSense_SetAllCmodsDriveMode:
  75              	.LFB1:
  42:Generated_Source\PSoC5/CapSense_Pins.c **** 
  43:Generated_Source\PSoC5/CapSense_Pins.c **** }
  44:Generated_Source\PSoC5/CapSense_Pins.c **** 
  45:Generated_Source\PSoC5/CapSense_Pins.c **** 
  46:Generated_Source\PSoC5/CapSense_Pins.c **** 
  47:Generated_Source\PSoC5/CapSense_Pins.c **** /*******************************************************************************
  48:Generated_Source\PSoC5/CapSense_Pins.c **** * Function Name: CapSense_SetAllCmodsDriveMode
  49:Generated_Source\PSoC5/CapSense_Pins.c **** ********************************************************************************
  50:Generated_Source\PSoC5/CapSense_Pins.c **** *
  51:Generated_Source\PSoC5/CapSense_Pins.c **** * Summary:
  52:Generated_Source\PSoC5/CapSense_Pins.c **** *  Sets the drive mode for the all pins used by Cmod capacitors within CapSense 
  53:Generated_Source\PSoC5/CapSense_Pins.c **** *  component.
  54:Generated_Source\PSoC5/CapSense_Pins.c **** * 
  55:Generated_Source\PSoC5/CapSense_Pins.c **** * Parameters:  
  56:Generated_Source\PSoC5/CapSense_Pins.c **** *  mode: Desired drive mode.
  57:Generated_Source\PSoC5/CapSense_Pins.c **** *
  58:Generated_Source\PSoC5/CapSense_Pins.c **** * Return: 
  59:Generated_Source\PSoC5/CapSense_Pins.c **** *  None
  60:Generated_Source\PSoC5/CapSense_Pins.c **** *
  61:Generated_Source\PSoC5/CapSense_Pins.c **** *******************************************************************************/
  62:Generated_Source\PSoC5/CapSense_Pins.c **** void CapSense_SetAllCmodsDriveMode(uint8 mode) 
  63:Generated_Source\PSoC5/CapSense_Pins.c **** {
  76              		.loc 1 63 0
  77              		.cfi_startproc
  78              		@ args = 0, pretend = 0, frame = 0
  79              		@ frame_needed = 0, uses_anonymous_args = 0
  80              		@ link register save eliminated.
  81              	.LVL2:
  64:Generated_Source\PSoC5/CapSense_Pins.c ****    /* Set pins drive mode */
  65:Generated_Source\PSoC5/CapSense_Pins.c ****     CyPins_SetPinDriveMode(CapSense_CmodCH0_Cmod_CH0, mode);
  82              		.loc 1 65 0
  83 0000 044A     		ldr	r2, .L5
  84 0002 1378     		ldrb	r3, [r2]	@ zero_extendqisi2
  85 0004 03F0F103 		and	r3, r3, #241
  86 0008 00F00E00 		and	r0, r0, #14
  87              	.LVL3:
  88 000c 1843     		orrs	r0, r0, r3
  89 000e 1070     		strb	r0, [r2]
  90 0010 7047     		bx	lr
  91              	.L6:
  92 0012 00BF     		.align	2
  93              	.L5:
  94 0014 15500040 		.word	1073762325
  95              		.cfi_endproc
  96              	.LFE1:
  97              		.size	CapSense_SetAllCmodsDriveMode, .-CapSense_SetAllCmodsDriveMode
  98              		.text
  99              	.Letext0:
 100              		.file 2 "Generated_Source\\PSoC5\\cytypes.h"
 101              		.section	.debug_info,"",%progbits
 102              	.Ldebug_info0:
 103 0000 EE000000 		.4byte	0xee
 104 0004 0400     		.2byte	0x4
 105 0006 00000000 		.4byte	.Ldebug_abbrev0
 106 000a 04       		.byte	0x4
ARM GAS  C:\Users\USUARIO\AppData\Local\Temp\ccVGeeMb.s 			page 4


 107 000b 01       		.uleb128 0x1
 108 000c 7A000000 		.4byte	.LASF17
 109 0010 0C       		.byte	0xc
 110 0011 21000000 		.4byte	.LASF18
 111 0015 A0010000 		.4byte	.LASF19
 112 0019 00000000 		.4byte	.Ldebug_ranges0+0
 113 001d 00000000 		.4byte	0
 114 0021 00000000 		.4byte	.Ldebug_line0
 115 0025 02       		.uleb128 0x2
 116 0026 01       		.byte	0x1
 117 0027 06       		.byte	0x6
 118 0028 88010000 		.4byte	.LASF0
 119 002c 02       		.uleb128 0x2
 120 002d 01       		.byte	0x1
 121 002e 08       		.byte	0x8
 122 002f 55010000 		.4byte	.LASF1
 123 0033 02       		.uleb128 0x2
 124 0034 02       		.byte	0x2
 125 0035 05       		.byte	0x5
 126 0036 71010000 		.4byte	.LASF2
 127 003a 02       		.uleb128 0x2
 128 003b 02       		.byte	0x2
 129 003c 07       		.byte	0x7
 130 003d 0E000000 		.4byte	.LASF3
 131 0041 02       		.uleb128 0x2
 132 0042 04       		.byte	0x4
 133 0043 05       		.byte	0x5
 134 0044 68010000 		.4byte	.LASF4
 135 0048 02       		.uleb128 0x2
 136 0049 04       		.byte	0x4
 137 004a 07       		.byte	0x7
 138 004b 26010000 		.4byte	.LASF5
 139 004f 02       		.uleb128 0x2
 140 0050 08       		.byte	0x8
 141 0051 05       		.byte	0x5
 142 0052 00000000 		.4byte	.LASF6
 143 0056 02       		.uleb128 0x2
 144 0057 08       		.byte	0x8
 145 0058 07       		.byte	0x7
 146 0059 38010000 		.4byte	.LASF7
 147 005d 03       		.uleb128 0x3
 148 005e 04       		.byte	0x4
 149 005f 05       		.byte	0x5
 150 0060 696E7400 		.ascii	"int\000"
 151 0064 02       		.uleb128 0x2
 152 0065 04       		.byte	0x4
 153 0066 07       		.byte	0x7
 154 0067 48000000 		.4byte	.LASF8
 155 006b 04       		.uleb128 0x4
 156 006c 82010000 		.4byte	.LASF12
 157 0070 02       		.byte	0x2
 158 0071 9201     		.2byte	0x192
 159 0073 2C000000 		.4byte	0x2c
 160 0077 02       		.uleb128 0x2
 161 0078 04       		.byte	0x4
 162 0079 04       		.byte	0x4
 163 007a 4F010000 		.4byte	.LASF9
ARM GAS  C:\Users\USUARIO\AppData\Local\Temp\ccVGeeMb.s 			page 5


 164 007e 02       		.uleb128 0x2
 165 007f 08       		.byte	0x8
 166 0080 04       		.byte	0x4
 167 0081 7B010000 		.4byte	.LASF10
 168 0085 02       		.uleb128 0x2
 169 0086 01       		.byte	0x1
 170 0087 08       		.byte	0x8
 171 0088 63010000 		.4byte	.LASF11
 172 008c 04       		.uleb128 0x4
 173 008d 18020000 		.4byte	.LASF13
 174 0091 02       		.byte	0x2
 175 0092 3C02     		.2byte	0x23c
 176 0094 98000000 		.4byte	0x98
 177 0098 05       		.uleb128 0x5
 178 0099 6B000000 		.4byte	0x6b
 179 009d 02       		.uleb128 0x2
 180 009e 08       		.byte	0x8
 181 009f 04       		.byte	0x4
 182 00a0 94010000 		.4byte	.LASF14
 183 00a4 02       		.uleb128 0x2
 184 00a5 04       		.byte	0x4
 185 00a6 07       		.byte	0x7
 186 00a7 1D020000 		.4byte	.LASF15
 187 00ab 06       		.uleb128 0x6
 188 00ac 55000000 		.4byte	.LASF20
 189 00b0 01       		.byte	0x1
 190 00b1 23       		.byte	0x23
 191 00b2 00000000 		.4byte	.LFB0
 192 00b6 3C000000 		.4byte	.LFE0-.LFB0
 193 00ba 01       		.uleb128 0x1
 194 00bb 9C       		.byte	0x9c
 195 00bc D0000000 		.4byte	0xd0
 196 00c0 07       		.uleb128 0x7
 197 00c1 75000000 		.4byte	.LASF16
 198 00c5 01       		.byte	0x1
 199 00c6 23       		.byte	0x23
 200 00c7 6B000000 		.4byte	0x6b
 201 00cb 00000000 		.4byte	.LLST0
 202 00cf 00       		.byte	0
 203 00d0 08       		.uleb128 0x8
 204 00d1 08010000 		.4byte	.LASF21
 205 00d5 01       		.byte	0x1
 206 00d6 3E       		.byte	0x3e
 207 00d7 00000000 		.4byte	.LFB1
 208 00db 18000000 		.4byte	.LFE1-.LFB1
 209 00df 01       		.uleb128 0x1
 210 00e0 9C       		.byte	0x9c
 211 00e1 07       		.uleb128 0x7
 212 00e2 75000000 		.4byte	.LASF16
 213 00e6 01       		.byte	0x1
 214 00e7 3E       		.byte	0x3e
 215 00e8 6B000000 		.4byte	0x6b
 216 00ec 21000000 		.4byte	.LLST1
 217 00f0 00       		.byte	0
 218 00f1 00       		.byte	0
 219              		.section	.debug_abbrev,"",%progbits
 220              	.Ldebug_abbrev0:
ARM GAS  C:\Users\USUARIO\AppData\Local\Temp\ccVGeeMb.s 			page 6


 221 0000 01       		.uleb128 0x1
 222 0001 11       		.uleb128 0x11
 223 0002 01       		.byte	0x1
 224 0003 25       		.uleb128 0x25
 225 0004 0E       		.uleb128 0xe
 226 0005 13       		.uleb128 0x13
 227 0006 0B       		.uleb128 0xb
 228 0007 03       		.uleb128 0x3
 229 0008 0E       		.uleb128 0xe
 230 0009 1B       		.uleb128 0x1b
 231 000a 0E       		.uleb128 0xe
 232 000b 55       		.uleb128 0x55
 233 000c 17       		.uleb128 0x17
 234 000d 11       		.uleb128 0x11
 235 000e 01       		.uleb128 0x1
 236 000f 10       		.uleb128 0x10
 237 0010 17       		.uleb128 0x17
 238 0011 00       		.byte	0
 239 0012 00       		.byte	0
 240 0013 02       		.uleb128 0x2
 241 0014 24       		.uleb128 0x24
 242 0015 00       		.byte	0
 243 0016 0B       		.uleb128 0xb
 244 0017 0B       		.uleb128 0xb
 245 0018 3E       		.uleb128 0x3e
 246 0019 0B       		.uleb128 0xb
 247 001a 03       		.uleb128 0x3
 248 001b 0E       		.uleb128 0xe
 249 001c 00       		.byte	0
 250 001d 00       		.byte	0
 251 001e 03       		.uleb128 0x3
 252 001f 24       		.uleb128 0x24
 253 0020 00       		.byte	0
 254 0021 0B       		.uleb128 0xb
 255 0022 0B       		.uleb128 0xb
 256 0023 3E       		.uleb128 0x3e
 257 0024 0B       		.uleb128 0xb
 258 0025 03       		.uleb128 0x3
 259 0026 08       		.uleb128 0x8
 260 0027 00       		.byte	0
 261 0028 00       		.byte	0
 262 0029 04       		.uleb128 0x4
 263 002a 16       		.uleb128 0x16
 264 002b 00       		.byte	0
 265 002c 03       		.uleb128 0x3
 266 002d 0E       		.uleb128 0xe
 267 002e 3A       		.uleb128 0x3a
 268 002f 0B       		.uleb128 0xb
 269 0030 3B       		.uleb128 0x3b
 270 0031 05       		.uleb128 0x5
 271 0032 49       		.uleb128 0x49
 272 0033 13       		.uleb128 0x13
 273 0034 00       		.byte	0
 274 0035 00       		.byte	0
 275 0036 05       		.uleb128 0x5
 276 0037 35       		.uleb128 0x35
 277 0038 00       		.byte	0
ARM GAS  C:\Users\USUARIO\AppData\Local\Temp\ccVGeeMb.s 			page 7


 278 0039 49       		.uleb128 0x49
 279 003a 13       		.uleb128 0x13
 280 003b 00       		.byte	0
 281 003c 00       		.byte	0
 282 003d 06       		.uleb128 0x6
 283 003e 2E       		.uleb128 0x2e
 284 003f 01       		.byte	0x1
 285 0040 3F       		.uleb128 0x3f
 286 0041 19       		.uleb128 0x19
 287 0042 03       		.uleb128 0x3
 288 0043 0E       		.uleb128 0xe
 289 0044 3A       		.uleb128 0x3a
 290 0045 0B       		.uleb128 0xb
 291 0046 3B       		.uleb128 0x3b
 292 0047 0B       		.uleb128 0xb
 293 0048 27       		.uleb128 0x27
 294 0049 19       		.uleb128 0x19
 295 004a 11       		.uleb128 0x11
 296 004b 01       		.uleb128 0x1
 297 004c 12       		.uleb128 0x12
 298 004d 06       		.uleb128 0x6
 299 004e 40       		.uleb128 0x40
 300 004f 18       		.uleb128 0x18
 301 0050 9742     		.uleb128 0x2117
 302 0052 19       		.uleb128 0x19
 303 0053 01       		.uleb128 0x1
 304 0054 13       		.uleb128 0x13
 305 0055 00       		.byte	0
 306 0056 00       		.byte	0
 307 0057 07       		.uleb128 0x7
 308 0058 05       		.uleb128 0x5
 309 0059 00       		.byte	0
 310 005a 03       		.uleb128 0x3
 311 005b 0E       		.uleb128 0xe
 312 005c 3A       		.uleb128 0x3a
 313 005d 0B       		.uleb128 0xb
 314 005e 3B       		.uleb128 0x3b
 315 005f 0B       		.uleb128 0xb
 316 0060 49       		.uleb128 0x49
 317 0061 13       		.uleb128 0x13
 318 0062 02       		.uleb128 0x2
 319 0063 17       		.uleb128 0x17
 320 0064 00       		.byte	0
 321 0065 00       		.byte	0
 322 0066 08       		.uleb128 0x8
 323 0067 2E       		.uleb128 0x2e
 324 0068 01       		.byte	0x1
 325 0069 3F       		.uleb128 0x3f
 326 006a 19       		.uleb128 0x19
 327 006b 03       		.uleb128 0x3
 328 006c 0E       		.uleb128 0xe
 329 006d 3A       		.uleb128 0x3a
 330 006e 0B       		.uleb128 0xb
 331 006f 3B       		.uleb128 0x3b
 332 0070 0B       		.uleb128 0xb
 333 0071 27       		.uleb128 0x27
 334 0072 19       		.uleb128 0x19
ARM GAS  C:\Users\USUARIO\AppData\Local\Temp\ccVGeeMb.s 			page 8


 335 0073 11       		.uleb128 0x11
 336 0074 01       		.uleb128 0x1
 337 0075 12       		.uleb128 0x12
 338 0076 06       		.uleb128 0x6
 339 0077 40       		.uleb128 0x40
 340 0078 18       		.uleb128 0x18
 341 0079 9742     		.uleb128 0x2117
 342 007b 19       		.uleb128 0x19
 343 007c 00       		.byte	0
 344 007d 00       		.byte	0
 345 007e 00       		.byte	0
 346              		.section	.debug_loc,"",%progbits
 347              	.Ldebug_loc0:
 348              	.LLST0:
 349 0000 00000000 		.4byte	.LVL0
 350 0004 08000000 		.4byte	.LVL1
 351 0008 0100     		.2byte	0x1
 352 000a 50       		.byte	0x50
 353 000b 08000000 		.4byte	.LVL1
 354 000f 3C000000 		.4byte	.LFE0
 355 0013 0400     		.2byte	0x4
 356 0015 F3       		.byte	0xf3
 357 0016 01       		.uleb128 0x1
 358 0017 50       		.byte	0x50
 359 0018 9F       		.byte	0x9f
 360 0019 00000000 		.4byte	0
 361 001d 00000000 		.4byte	0
 362              	.LLST1:
 363 0021 00000000 		.4byte	.LVL2
 364 0025 0C000000 		.4byte	.LVL3
 365 0029 0100     		.2byte	0x1
 366 002b 50       		.byte	0x50
 367 002c 0C000000 		.4byte	.LVL3
 368 0030 18000000 		.4byte	.LFE1
 369 0034 0400     		.2byte	0x4
 370 0036 F3       		.byte	0xf3
 371 0037 01       		.uleb128 0x1
 372 0038 50       		.byte	0x50
 373 0039 9F       		.byte	0x9f
 374 003a 00000000 		.4byte	0
 375 003e 00000000 		.4byte	0
 376              		.section	.debug_aranges,"",%progbits
 377 0000 24000000 		.4byte	0x24
 378 0004 0200     		.2byte	0x2
 379 0006 00000000 		.4byte	.Ldebug_info0
 380 000a 04       		.byte	0x4
 381 000b 00       		.byte	0
 382 000c 0000     		.2byte	0
 383 000e 0000     		.2byte	0
 384 0010 00000000 		.4byte	.LFB0
 385 0014 3C000000 		.4byte	.LFE0-.LFB0
 386 0018 00000000 		.4byte	.LFB1
 387 001c 18000000 		.4byte	.LFE1-.LFB1
 388 0020 00000000 		.4byte	0
 389 0024 00000000 		.4byte	0
 390              		.section	.debug_ranges,"",%progbits
 391              	.Ldebug_ranges0:
ARM GAS  C:\Users\USUARIO\AppData\Local\Temp\ccVGeeMb.s 			page 9


 392 0000 00000000 		.4byte	.LFB0
 393 0004 3C000000 		.4byte	.LFE0
 394 0008 00000000 		.4byte	.LFB1
 395 000c 18000000 		.4byte	.LFE1
 396 0010 00000000 		.4byte	0
 397 0014 00000000 		.4byte	0
 398              		.section	.debug_line,"",%progbits
 399              	.Ldebug_line0:
 400 0000 73000000 		.section	.debug_str,"MS",%progbits,1
 400      02004A00 
 400      00000201 
 400      FB0E0D00 
 400      01010101 
 401              	.LASF6:
 402 0000 6C6F6E67 		.ascii	"long long int\000"
 402      206C6F6E 
 402      6720696E 
 402      7400
 403              	.LASF3:
 404 000e 73686F72 		.ascii	"short unsigned int\000"
 404      7420756E 
 404      7369676E 
 404      65642069 
 404      6E7400
 405              	.LASF18:
 406 0021 47656E65 		.ascii	"Generated_Source\\PSoC5\\CapSense_Pins.c\000"
 406      72617465 
 406      645F536F 
 406      75726365 
 406      5C50536F 
 407              	.LASF8:
 408 0048 756E7369 		.ascii	"unsigned int\000"
 408      676E6564 
 408      20696E74 
 408      00
 409              	.LASF20:
 410 0055 43617053 		.ascii	"CapSense_SetAllSensorsDriveMode\000"
 410      656E7365 
 410      5F536574 
 410      416C6C53 
 410      656E736F 
 411              	.LASF16:
 412 0075 6D6F6465 		.ascii	"mode\000"
 412      00
 413              	.LASF17:
 414 007a 474E5520 		.ascii	"GNU C11 5.4.1 20160609 (release) [ARM/embedded-5-br"
 414      43313120 
 414      352E342E 
 414      31203230 
 414      31363036 
 415 00ad 616E6368 		.ascii	"anch revision 237715] -mcpu=cortex-m3 -mthumb -g -O"
 415      20726576 
 415      6973696F 
 415      6E203233 
 415      37373135 
 416 00e0 67202D66 		.ascii	"g -ffunction-sections -ffat-lto-objects\000"
 416      66756E63 
ARM GAS  C:\Users\USUARIO\AppData\Local\Temp\ccVGeeMb.s 			page 10


 416      74696F6E 
 416      2D736563 
 416      74696F6E 
 417              	.LASF21:
 418 0108 43617053 		.ascii	"CapSense_SetAllCmodsDriveMode\000"
 418      656E7365 
 418      5F536574 
 418      416C6C43 
 418      6D6F6473 
 419              	.LASF5:
 420 0126 6C6F6E67 		.ascii	"long unsigned int\000"
 420      20756E73 
 420      69676E65 
 420      6420696E 
 420      7400
 421              	.LASF7:
 422 0138 6C6F6E67 		.ascii	"long long unsigned int\000"
 422      206C6F6E 
 422      6720756E 
 422      7369676E 
 422      65642069 
 423              	.LASF9:
 424 014f 666C6F61 		.ascii	"float\000"
 424      7400
 425              	.LASF1:
 426 0155 756E7369 		.ascii	"unsigned char\000"
 426      676E6564 
 426      20636861 
 426      7200
 427              	.LASF11:
 428 0163 63686172 		.ascii	"char\000"
 428      00
 429              	.LASF4:
 430 0168 6C6F6E67 		.ascii	"long int\000"
 430      20696E74 
 430      00
 431              	.LASF2:
 432 0171 73686F72 		.ascii	"short int\000"
 432      7420696E 
 432      7400
 433              	.LASF10:
 434 017b 646F7562 		.ascii	"double\000"
 434      6C6500
 435              	.LASF12:
 436 0182 75696E74 		.ascii	"uint8\000"
 436      3800
 437              	.LASF0:
 438 0188 7369676E 		.ascii	"signed char\000"
 438      65642063 
 438      68617200 
 439              	.LASF14:
 440 0194 6C6F6E67 		.ascii	"long double\000"
 440      20646F75 
 440      626C6500 
 441              	.LASF19:
 442 01a0 443A5C4C 		.ascii	"D:\\Laboratorio\\Mufla\\2020\\Mufla 14L Touch Avant"
 442      61626F72 
ARM GAS  C:\Users\USUARIO\AppData\Local\Temp\ccVGeeMb.s 			page 11


 442      61746F72 
 442      696F5C4D 
 442      75666C61 
 443 01cf 696B6120 		.ascii	"ika #0045882XX OP202019\\Mufla Doble Display\\Firmw"
 443      23303034 
 443      35383832 
 443      5858204F 
 443      50323032 
 444 0200 61726520 		.ascii	"are Psoc\\LCD2\\LCD.cydsn\000"
 444      50736F63 
 444      5C4C4344 
 444      325C4C43 
 444      442E6379 
 445              	.LASF13:
 446 0218 72656738 		.ascii	"reg8\000"
 446      00
 447              	.LASF15:
 448 021d 73697A65 		.ascii	"sizetype\000"
 448      74797065 
 448      00
 449              		.ident	"GCC: (GNU Tools for ARM Embedded Processors) 5.4.1 20160609 (release) [ARM/embedded-5-bran
