ARM GAS  C:\Users\USUARIO\AppData\Local\Temp\ccHA0dHa.s 			page 1


   1              		.syntax unified
   2              		.cpu cortex-m3
   3              		.fpu softvfp
   4              		.eabi_attribute 20, 1
   5              		.eabi_attribute 21, 1
   6              		.eabi_attribute 23, 3
   7              		.eabi_attribute 24, 1
   8              		.eabi_attribute 25, 1
   9              		.eabi_attribute 26, 1
  10              		.eabi_attribute 30, 1
  11              		.eabi_attribute 34, 1
  12              		.eabi_attribute 18, 4
  13              		.thumb
  14              		.syntax unified
  15              		.file	"removeoffsetnoise.c"
  16              		.text
  17              	.Ltext0:
  18              		.cfi_sections	.debug_frame
  19              		.section	.text.MeasureOffset,"ax",%progbits
  20              		.align	2
  21              		.global	MeasureOffset
  22              		.thumb
  23              		.thumb_func
  24              		.type	MeasureOffset, %function
  25              	MeasureOffset:
  26              	.LFB64:
  27              		.file 1 "removeoffsetnoise.c"
   1:removeoffsetnoise.c **** /******************************************************************************
   2:removeoffsetnoise.c **** * File Name: removeoffsetnoise.c
   3:removeoffsetnoise.c **** *  Version 1.0
   4:removeoffsetnoise.c **** *
   5:removeoffsetnoise.c **** * Description:
   6:removeoffsetnoise.c **** *  This file contains the code to cancel offset and filter noise
   7:removeoffsetnoise.c **** *
   8:removeoffsetnoise.c **** * Note:
   9:removeoffsetnoise.c **** *
  10:removeoffsetnoise.c **** ********************************************************************************
  11:removeoffsetnoise.c **** * Copyright (2018), Cypress Semiconductor Corporation. All Rights Reserved.
  12:removeoffsetnoise.c **** ********************************************************************************
  13:removeoffsetnoise.c **** * This software is owned by Cypress Semiconductor Corporation (Cypress)
  14:removeoffsetnoise.c **** * and is protected by and subject to worldwide patent protection (United
  15:removeoffsetnoise.c **** * States and foreign), United States copyright laws and international treaty
  16:removeoffsetnoise.c **** * provisions. Cypress hereby grants to licensee a personal, non-exclusive,
  17:removeoffsetnoise.c **** * non-transferable license to copy, use, modify, create derivative works of,
  18:removeoffsetnoise.c **** * and compile the Cypress Source Code and derivative works for the sole
  19:removeoffsetnoise.c **** * purpose of creating custom software in support of licensee product to be
  20:removeoffsetnoise.c **** * used only in conjunction with a Cypress integrated circuit as specified in
  21:removeoffsetnoise.c **** * the applicable agreement. Any reproduction, modification, translation,
  22:removeoffsetnoise.c **** * compilation, or representation of this software except as specified above 
  23:removeoffsetnoise.c **** * is prohibited without the express written permission of Cypress.
  24:removeoffsetnoise.c **** *
  25:removeoffsetnoise.c **** * Disclaimer: CYPRESS MAKES NO WARRANTY OF ANY KIND, EXPRESS OR IMPLIED, WITH 
  26:removeoffsetnoise.c **** * REGARD TO THIS MATERIAL, INCLUDING, BUT NOT LIMITED TO, THE IMPLIED 
  27:removeoffsetnoise.c **** * WARRANTIES OF MERCHANTABILITY AND FITNESS FOR A PARTICULAR PURPOSE.
  28:removeoffsetnoise.c **** * Cypress reserves the right to make changes without further notice to the 
  29:removeoffsetnoise.c **** * materials described herein. Cypress does not assume any liability arising out 
  30:removeoffsetnoise.c **** * of the application or use of any product or circuit described herein. Cypress 
ARM GAS  C:\Users\USUARIO\AppData\Local\Temp\ccHA0dHa.s 			page 2


  31:removeoffsetnoise.c **** * does not authorize its products for use as critical components in life-support 
  32:removeoffsetnoise.c **** * systems where a malfunction or failure may reasonably be expected to result in 
  33:removeoffsetnoise.c **** * significant injury to the user. The inclusion of Cypress' product in a life-
  34:removeoffsetnoise.c **** * support systems application implies that the manufacturer assumes all risk of 
  35:removeoffsetnoise.c **** * such use and in doing so indemnifies Cypress against all charges. 
  36:removeoffsetnoise.c **** *
  37:removeoffsetnoise.c **** * Use of this Software may be limited by and subject to the applicable Cypress
  38:removeoffsetnoise.c **** * software license agreement. 
  39:removeoffsetnoise.c **** *******************************************************************************/
  40:removeoffsetnoise.c **** #include <main.h>
  41:removeoffsetnoise.c **** 
  42:removeoffsetnoise.c **** /*******************************************************************************
  43:removeoffsetnoise.c **** *  Function Name: MeasureOffset
  44:removeoffsetnoise.c **** ********************************************************************************
  45:removeoffsetnoise.c **** * Summary:
  46:removeoffsetnoise.c **** *  This function reads Vssa Ref value. 
  47:removeoffsetnoise.c **** *
  48:removeoffsetnoise.c **** * Parameters:
  49:removeoffsetnoise.c **** * void:
  50:removeoffsetnoise.c **** *
  51:removeoffsetnoise.c **** * Return:
  52:removeoffsetnoise.c **** * int32: Returns the Vssa ref value for CDS 
  53:removeoffsetnoise.c **** *
  54:removeoffsetnoise.c **** * Theory:
  55:removeoffsetnoise.c **** *
  56:removeoffsetnoise.c **** * Side Effects:
  57:removeoffsetnoise.c **** * None
  58:removeoffsetnoise.c **** *******************************************************************************/
  59:removeoffsetnoise.c **** int32 MeasureOffset(void)
  60:removeoffsetnoise.c **** {
  28              		.loc 1 60 0
  29              		.cfi_startproc
  30              		@ args = 0, pretend = 0, frame = 0
  31              		@ frame_needed = 0, uses_anonymous_args = 0
  32 0000 10B5     		push	{r4, lr}
  33              		.cfi_def_cfa_offset 8
  34              		.cfi_offset 4, -8
  35              		.cfi_offset 14, -4
  61:removeoffsetnoise.c ****     int32 result;
  62:removeoffsetnoise.c ****      
  63:removeoffsetnoise.c **** 	//ADCMux_FastSelect(OFFSET_CHANNEL);
  64:removeoffsetnoise.c ****     /*No need to change ADC config, use same config as last measurement*/
  65:removeoffsetnoise.c **** 	ADC_StartConvert();
  36              		.loc 1 65 0
  37 0002 FFF7FEFF 		bl	ADC_StartConvert
  38              	.LVL0:
  66:removeoffsetnoise.c **** 	ADC_IsEndConversion(ADC_WAIT_FOR_RESULT);
  39              		.loc 1 66 0
  40 0006 0020     		movs	r0, #0
  41 0008 FFF7FEFF 		bl	ADC_IsEndConversion
  42              	.LVL1:
  67:removeoffsetnoise.c ****     result = ADC_GetResult32();
  43              		.loc 1 67 0
  44 000c FFF7FEFF 		bl	ADC_GetResult32
  45              	.LVL2:
  46 0010 0446     		mov	r4, r0
  47              	.LVL3:
ARM GAS  C:\Users\USUARIO\AppData\Local\Temp\ccHA0dHa.s 			page 3


  68:removeoffsetnoise.c ****  
  69:removeoffsetnoise.c ****     ADC_StopConvert();
  48              		.loc 1 69 0
  49 0012 FFF7FEFF 		bl	ADC_StopConvert
  50              	.LVL4:
  70:removeoffsetnoise.c ****      
  71:removeoffsetnoise.c ****     return result;
  72:removeoffsetnoise.c **** }
  51              		.loc 1 72 0
  52 0016 2046     		mov	r0, r4
  53 0018 10BD     		pop	{r4, pc}
  54              		.cfi_endproc
  55              	.LFE64:
  56              		.size	MeasureOffset, .-MeasureOffset
  57 001a 00BF     		.section	.text.FilterSignal,"ax",%progbits
  58              		.align	2
  59              		.global	FilterSignal
  60              		.thumb
  61              		.thumb_func
  62              		.type	FilterSignal, %function
  63              	FilterSignal:
  64              	.LFB65:
  73:removeoffsetnoise.c **** 
  74:removeoffsetnoise.c **** /*******************************************************************************
  75:removeoffsetnoise.c **** *  Function Name: FilterSignal
  76:removeoffsetnoise.c **** ********************************************************************************
  77:removeoffsetnoise.c **** * Summary:
  78:removeoffsetnoise.c **** *  This is IIR filter to process the sampled ADC data. For first sample passed 
  79:removeoffsetnoise.c **** *  the function simply returns the passed ADC sample. for second sample onwards,
  80:removeoffsetnoise.c **** *  fraction of input signal based upon the filter coefficient, is calculated and 
  81:removeoffsetnoise.c **** *  added to the previously stored filtered value.
  82:removeoffsetnoise.c **** *
  83:removeoffsetnoise.c **** * Parameters:
  84:removeoffsetnoise.c **** * (int32)  ADCSample       - ADC sample read for given signal
  85:removeoffsetnoise.c **** * (int32)  filteredValue   - stored filtered value for given sensor
  86:removeoffsetnoise.c **** *
  87:removeoffsetnoise.c **** * Return: 
  88:removeoffsetnoise.c **** * (int32)filteredValue - filtered value passed is updated after applying 
  89:removeoffsetnoise.c **** * IIR filter to the ADC sample.
  90:removeoffsetnoise.c **** *
  91:removeoffsetnoise.c **** * Theory:
  92:removeoffsetnoise.c **** * For more information on the IIR filter please refer to Cypress application
  93:removeoffsetnoise.c **** * note AN2099.
  94:removeoffsetnoise.c **** *
  95:removeoffsetnoise.c **** * Side Effects:
  96:removeoffsetnoise.c **** * None
  97:removeoffsetnoise.c **** *******************************************************************************/
  98:removeoffsetnoise.c **** int32 FilterSignal(int32 ADCSample)
  99:removeoffsetnoise.c **** {
  65              		.loc 1 99 0
  66              		.cfi_startproc
  67              		@ args = 0, pretend = 0, frame = 0
  68              		@ frame_needed = 0, uses_anonymous_args = 0
  69              		@ link register save eliminated.
  70              	.LVL5:
 100:removeoffsetnoise.c **** 	/* Filtered value */
 101:removeoffsetnoise.c **** 	static int32 filteredValue = 0;
ARM GAS  C:\Users\USUARIO\AppData\Local\Temp\ccHA0dHa.s 			page 4


 102:removeoffsetnoise.c **** 	
 103:removeoffsetnoise.c **** 	/* Filtered value rounded-off to 20-bits */
 104:removeoffsetnoise.c **** 	int32 filValueRounded = 0;
 105:removeoffsetnoise.c **** 	
 106:removeoffsetnoise.c **** 	/* Left shift input by 8 to allow divisions up to 256 */
 107:removeoffsetnoise.c **** 	ADCSample <<= MAX_FILTER_COEFF_SHIFT;
  71              		.loc 1 107 0
  72 0000 0002     		lsls	r0, r0, #8
  73              	.LVL6:
 108:removeoffsetnoise.c **** 	
 109:removeoffsetnoise.c **** 	/*feedforward term to help filter move with fast changes in input*/
 110:removeoffsetnoise.c ****     if ((ADCSample > (filteredValue + FILTER_FEEDFORWARD)) || 
  74              		.loc 1 110 0
  75 0002 0C4B     		ldr	r3, .L7
  76 0004 1B68     		ldr	r3, [r3]
  77 0006 03F5A022 		add	r2, r3, #327680
  78 000a 9042     		cmp	r0, r2
  79 000c 03DC     		bgt	.L4
 111:removeoffsetnoise.c ****         (ADCSample < (filteredValue - FILTER_FEEDFORWARD)))
  80              		.loc 1 111 0 discriminator 1
  81 000e A3F5A022 		sub	r2, r3, #327680
 110:removeoffsetnoise.c ****         (ADCSample < (filteredValue - FILTER_FEEDFORWARD)))
  82              		.loc 1 110 0 discriminator 1
  83 0012 9042     		cmp	r0, r2
  84 0014 02DA     		bge	.L5
  85              	.L4:
 112:removeoffsetnoise.c **** 	{
 113:removeoffsetnoise.c **** 		filteredValue = ADCSample;
  86              		.loc 1 113 0
  87 0016 074B     		ldr	r3, .L7
  88 0018 1860     		str	r0, [r3]
  89 001a 04E0     		b	.L6
  90              	.L5:
 114:removeoffsetnoise.c **** 	}
 115:removeoffsetnoise.c **** 	else
 116:removeoffsetnoise.c **** 	{
 117:removeoffsetnoise.c **** 	    filteredValue = filteredValue + ((ADCSample - filteredValue) >> TC_FILTER_COEFF_SHIFT);
  91              		.loc 1 117 0
  92 001c C01A     		subs	r0, r0, r3
  93              	.LVL7:
  94 001e 03EB6010 		add	r0, r3, r0, asr #5
  95 0022 044B     		ldr	r3, .L7
  96 0024 1860     		str	r0, [r3]
  97              	.L6:
 118:removeoffsetnoise.c **** 	}
 119:removeoffsetnoise.c **** 	
 120:removeoffsetnoise.c **** 	/* Compensate filter result for  left shift of 8 and round off */
 121:removeoffsetnoise.c **** 	filValueRounded = (filteredValue >> MAX_FILTER_COEFF_SHIFT) + 
  98              		.loc 1 121 0
  99 0026 034B     		ldr	r3, .L7
 100 0028 1B68     		ldr	r3, [r3]
 122:removeoffsetnoise.c ****     ((filteredValue & 0x00000080) >> (MAX_FILTER_COEFF_SHIFT - 1));
 101              		.loc 1 122 0
 102 002a C3F3C010 		ubfx	r0, r3, #7, #1
 103              	.LVL8:
 123:removeoffsetnoise.c **** 	
 124:removeoffsetnoise.c **** 	return filValueRounded;
ARM GAS  C:\Users\USUARIO\AppData\Local\Temp\ccHA0dHa.s 			page 5


 125:removeoffsetnoise.c **** }  
 104              		.loc 1 125 0
 105 002e 00EB2320 		add	r0, r0, r3, asr #8
 106              	.LVL9:
 107 0032 7047     		bx	lr
 108              	.L8:
 109              		.align	2
 110              	.L7:
 111 0034 00000000 		.word	.LANCHOR0
 112              		.cfi_endproc
 113              	.LFE65:
 114              		.size	FilterSignal, .-FilterSignal
 115              		.comm	Menus,30,4
 116              		.bss
 117              		.align	2
 118              		.set	.LANCHOR0,. + 0
 119              		.type	filteredValue.7357, %object
 120              		.size	filteredValue.7357, 4
 121              	filteredValue.7357:
 122 0000 00000000 		.space	4
 123              		.text
 124              	.Letext0:
 125              		.file 2 "c:\\program files (x86)\\cypress\\psoc creator\\4.3\\psoc creator\\import\\gnu\\arm\\5.4.
 126              		.file 3 "c:\\program files (x86)\\cypress\\psoc creator\\4.3\\psoc creator\\import\\gnu\\arm\\5.4.
 127              		.file 4 "Generated_Source\\PSoC5/cytypes.h"
 128              		.file 5 "./main.h"
 129              		.file 6 "Generated_Source\\PSoC5/core_cm3.h"
 130              		.file 7 "Generated_Source\\PSoC5/ADC.h"
 131              		.section	.debug_info,"",%progbits
 132              	.Ldebug_info0:
 133 0000 CB010000 		.4byte	0x1cb
 134 0004 0400     		.2byte	0x4
 135 0006 00000000 		.4byte	.Ldebug_abbrev0
 136 000a 04       		.byte	0x4
 137 000b 01       		.uleb128 0x1
 138 000c 3E000000 		.4byte	.LASF29
 139 0010 0C       		.byte	0xc
 140 0011 44010000 		.4byte	.LASF30
 141 0015 D8010000 		.4byte	.LASF31
 142 0019 00000000 		.4byte	.Ldebug_ranges0+0
 143 001d 00000000 		.4byte	0
 144 0021 00000000 		.4byte	.Ldebug_line0
 145 0025 02       		.uleb128 0x2
 146 0026 01       		.byte	0x1
 147 0027 06       		.byte	0x6
 148 0028 6C020000 		.4byte	.LASF0
 149 002c 02       		.uleb128 0x2
 150 002d 01       		.byte	0x1
 151 002e 08       		.byte	0x8
 152 002f 30000000 		.4byte	.LASF1
 153 0033 02       		.uleb128 0x2
 154 0034 02       		.byte	0x2
 155 0035 05       		.byte	0x5
 156 0036 BE010000 		.4byte	.LASF2
 157 003a 02       		.uleb128 0x2
 158 003b 02       		.byte	0x2
 159 003c 07       		.byte	0x7
ARM GAS  C:\Users\USUARIO\AppData\Local\Temp\ccHA0dHa.s 			page 6


 160 003d 0A000000 		.4byte	.LASF3
 161 0041 03       		.uleb128 0x3
 162 0042 00000000 		.4byte	.LASF9
 163 0046 02       		.byte	0x2
 164 0047 3F       		.byte	0x3f
 165 0048 4C000000 		.4byte	0x4c
 166 004c 02       		.uleb128 0x2
 167 004d 04       		.byte	0x4
 168 004e 05       		.byte	0x5
 169 004f 57020000 		.4byte	.LASF4
 170 0053 02       		.uleb128 0x2
 171 0054 04       		.byte	0x4
 172 0055 07       		.byte	0x7
 173 0056 24010000 		.4byte	.LASF5
 174 005a 02       		.uleb128 0x2
 175 005b 08       		.byte	0x8
 176 005c 05       		.byte	0x5
 177 005d A1010000 		.4byte	.LASF6
 178 0061 02       		.uleb128 0x2
 179 0062 08       		.byte	0x8
 180 0063 07       		.byte	0x7
 181 0064 65010000 		.4byte	.LASF7
 182 0068 04       		.uleb128 0x4
 183 0069 04       		.byte	0x4
 184 006a 05       		.byte	0x5
 185 006b 696E7400 		.ascii	"int\000"
 186 006f 02       		.uleb128 0x2
 187 0070 04       		.byte	0x4
 188 0071 07       		.byte	0x7
 189 0072 58010000 		.4byte	.LASF8
 190 0076 03       		.uleb128 0x3
 191 0077 90010000 		.4byte	.LASF10
 192 007b 03       		.byte	0x3
 193 007c 2C       		.byte	0x2c
 194 007d 41000000 		.4byte	0x41
 195 0081 05       		.uleb128 0x5
 196 0082 F1000000 		.4byte	.LASF11
 197 0086 04       		.byte	0x4
 198 0087 ED01     		.2byte	0x1ed
 199 0089 4C000000 		.4byte	0x4c
 200 008d 02       		.uleb128 0x2
 201 008e 04       		.byte	0x4
 202 008f 04       		.byte	0x4
 203 0090 2A000000 		.4byte	.LASF12
 204 0094 02       		.uleb128 0x2
 205 0095 08       		.byte	0x8
 206 0096 04       		.byte	0x4
 207 0097 1D000000 		.4byte	.LASF13
 208 009b 02       		.uleb128 0x2
 209 009c 01       		.byte	0x1
 210 009d 08       		.byte	0x8
 211 009e B9010000 		.4byte	.LASF14
 212 00a2 02       		.uleb128 0x2
 213 00a3 08       		.byte	0x8
 214 00a4 04       		.byte	0x4
 215 00a5 60020000 		.4byte	.LASF15
 216 00a9 02       		.uleb128 0x2
ARM GAS  C:\Users\USUARIO\AppData\Local\Temp\ccHA0dHa.s 			page 7


 217 00aa 04       		.byte	0x4
 218 00ab 07       		.byte	0x7
 219 00ac 98010000 		.4byte	.LASF16
 220 00b0 06       		.uleb128 0x6
 221 00b1 1E       		.byte	0x1e
 222 00b2 05       		.byte	0x5
 223 00b3 99       		.byte	0x99
 224 00b4 C5000000 		.4byte	0xc5
 225 00b8 07       		.uleb128 0x7
 226 00b9 78020000 		.4byte	.LASF32
 227 00bd 05       		.byte	0x5
 228 00be 9A       		.byte	0x9a
 229 00bf C5000000 		.4byte	0xc5
 230 00c3 00       		.byte	0
 231 00c4 00       		.byte	0
 232 00c5 08       		.uleb128 0x8
 233 00c6 9B000000 		.4byte	0x9b
 234 00ca D5000000 		.4byte	0xd5
 235 00ce 09       		.uleb128 0x9
 236 00cf A9000000 		.4byte	0xa9
 237 00d3 1D       		.byte	0x1d
 238 00d4 00       		.byte	0
 239 00d5 03       		.uleb128 0x3
 240 00d6 51020000 		.4byte	.LASF17
 241 00da 05       		.byte	0x5
 242 00db 9B       		.byte	0x9b
 243 00dc B0000000 		.4byte	0xb0
 244 00e0 0A       		.uleb128 0xa
 245 00e1 43020000 		.4byte	.LASF18
 246 00e5 01       		.byte	0x1
 247 00e6 3B       		.byte	0x3b
 248 00e7 81000000 		.4byte	0x81
 249 00eb 00000000 		.4byte	.LFB64
 250 00ef 1A000000 		.4byte	.LFE64-.LFB64
 251 00f3 01       		.uleb128 0x1
 252 00f4 9C       		.byte	0x9c
 253 00f5 37010000 		.4byte	0x137
 254 00f9 0B       		.uleb128 0xb
 255 00fa 7C010000 		.4byte	.LASF20
 256 00fe 01       		.byte	0x1
 257 00ff 3D       		.byte	0x3d
 258 0100 81000000 		.4byte	0x81
 259 0104 00000000 		.4byte	.LLST0
 260 0108 0C       		.uleb128 0xc
 261 0109 06000000 		.4byte	.LVL0
 262 010d A2010000 		.4byte	0x1a2
 263 0111 0D       		.uleb128 0xd
 264 0112 0C000000 		.4byte	.LVL1
 265 0116 AD010000 		.4byte	0x1ad
 266 011a 24010000 		.4byte	0x124
 267 011e 0E       		.uleb128 0xe
 268 011f 01       		.uleb128 0x1
 269 0120 50       		.byte	0x50
 270 0121 01       		.uleb128 0x1
 271 0122 30       		.byte	0x30
 272 0123 00       		.byte	0
 273 0124 0C       		.uleb128 0xc
ARM GAS  C:\Users\USUARIO\AppData\Local\Temp\ccHA0dHa.s 			page 8


 274 0125 10000000 		.4byte	.LVL2
 275 0129 B8010000 		.4byte	0x1b8
 276 012d 0C       		.uleb128 0xc
 277 012e 16000000 		.4byte	.LVL4
 278 0132 C3010000 		.4byte	0x1c3
 279 0136 00       		.byte	0
 280 0137 0A       		.uleb128 0xa
 281 0138 83010000 		.4byte	.LASF19
 282 013c 01       		.byte	0x1
 283 013d 62       		.byte	0x62
 284 013e 81000000 		.4byte	0x81
 285 0142 00000000 		.4byte	.LFB65
 286 0146 38000000 		.4byte	.LFE65-.LFB65
 287 014a 01       		.uleb128 0x1
 288 014b 9C       		.byte	0x9c
 289 014c 80010000 		.4byte	0x180
 290 0150 0F       		.uleb128 0xf
 291 0151 AF010000 		.4byte	.LASF33
 292 0155 01       		.byte	0x1
 293 0156 62       		.byte	0x62
 294 0157 81000000 		.4byte	0x81
 295 015b 1E000000 		.4byte	.LLST1
 296 015f 10       		.uleb128 0x10
 297 0160 36010000 		.4byte	.LASF21
 298 0164 01       		.byte	0x1
 299 0165 65       		.byte	0x65
 300 0166 81000000 		.4byte	0x81
 301 016a 05       		.uleb128 0x5
 302 016b 03       		.byte	0x3
 303 016c 00000000 		.4byte	filteredValue.7357
 304 0170 0B       		.uleb128 0xb
 305 0171 C8010000 		.4byte	.LASF22
 306 0175 01       		.byte	0x1
 307 0176 68       		.byte	0x68
 308 0177 81000000 		.4byte	0x81
 309 017b 4C000000 		.4byte	.LLST2
 310 017f 00       		.byte	0
 311 0180 11       		.uleb128 0x11
 312 0181 07010000 		.4byte	.LASF23
 313 0185 06       		.byte	0x6
 314 0186 1207     		.2byte	0x712
 315 0188 8C010000 		.4byte	0x18c
 316 018c 12       		.uleb128 0x12
 317 018d 76000000 		.4byte	0x76
 318 0191 13       		.uleb128 0x13
 319 0192 24000000 		.4byte	.LASF24
 320 0196 05       		.byte	0x5
 321 0197 9F       		.byte	0x9f
 322 0198 D5000000 		.4byte	0xd5
 323 019c 05       		.uleb128 0x5
 324 019d 03       		.byte	0x3
 325 019e 00000000 		.4byte	Menus
 326 01a2 14       		.uleb128 0x14
 327 01a3 CC000000 		.4byte	.LASF25
 328 01a7 CC000000 		.4byte	.LASF25
 329 01ab 07       		.byte	0x7
 330 01ac 3D       		.byte	0x3d
ARM GAS  C:\Users\USUARIO\AppData\Local\Temp\ccHA0dHa.s 			page 9


 331 01ad 14       		.uleb128 0x14
 332 01ae DD000000 		.4byte	.LASF26
 333 01b2 DD000000 		.4byte	.LASF26
 334 01b6 07       		.byte	0x7
 335 01b7 3F       		.byte	0x3f
 336 01b8 14       		.uleb128 0x14
 337 01b9 14010000 		.4byte	.LASF27
 338 01bd 14010000 		.4byte	.LASF27
 339 01c1 07       		.byte	0x7
 340 01c2 42       		.byte	0x42
 341 01c3 14       		.uleb128 0x14
 342 01c4 F7000000 		.4byte	.LASF28
 343 01c8 F7000000 		.4byte	.LASF28
 344 01cc 07       		.byte	0x7
 345 01cd 3E       		.byte	0x3e
 346 01ce 00       		.byte	0
 347              		.section	.debug_abbrev,"",%progbits
 348              	.Ldebug_abbrev0:
 349 0000 01       		.uleb128 0x1
 350 0001 11       		.uleb128 0x11
 351 0002 01       		.byte	0x1
 352 0003 25       		.uleb128 0x25
 353 0004 0E       		.uleb128 0xe
 354 0005 13       		.uleb128 0x13
 355 0006 0B       		.uleb128 0xb
 356 0007 03       		.uleb128 0x3
 357 0008 0E       		.uleb128 0xe
 358 0009 1B       		.uleb128 0x1b
 359 000a 0E       		.uleb128 0xe
 360 000b 55       		.uleb128 0x55
 361 000c 17       		.uleb128 0x17
 362 000d 11       		.uleb128 0x11
 363 000e 01       		.uleb128 0x1
 364 000f 10       		.uleb128 0x10
 365 0010 17       		.uleb128 0x17
 366 0011 00       		.byte	0
 367 0012 00       		.byte	0
 368 0013 02       		.uleb128 0x2
 369 0014 24       		.uleb128 0x24
 370 0015 00       		.byte	0
 371 0016 0B       		.uleb128 0xb
 372 0017 0B       		.uleb128 0xb
 373 0018 3E       		.uleb128 0x3e
 374 0019 0B       		.uleb128 0xb
 375 001a 03       		.uleb128 0x3
 376 001b 0E       		.uleb128 0xe
 377 001c 00       		.byte	0
 378 001d 00       		.byte	0
 379 001e 03       		.uleb128 0x3
 380 001f 16       		.uleb128 0x16
 381 0020 00       		.byte	0
 382 0021 03       		.uleb128 0x3
 383 0022 0E       		.uleb128 0xe
 384 0023 3A       		.uleb128 0x3a
 385 0024 0B       		.uleb128 0xb
 386 0025 3B       		.uleb128 0x3b
 387 0026 0B       		.uleb128 0xb
ARM GAS  C:\Users\USUARIO\AppData\Local\Temp\ccHA0dHa.s 			page 10


 388 0027 49       		.uleb128 0x49
 389 0028 13       		.uleb128 0x13
 390 0029 00       		.byte	0
 391 002a 00       		.byte	0
 392 002b 04       		.uleb128 0x4
 393 002c 24       		.uleb128 0x24
 394 002d 00       		.byte	0
 395 002e 0B       		.uleb128 0xb
 396 002f 0B       		.uleb128 0xb
 397 0030 3E       		.uleb128 0x3e
 398 0031 0B       		.uleb128 0xb
 399 0032 03       		.uleb128 0x3
 400 0033 08       		.uleb128 0x8
 401 0034 00       		.byte	0
 402 0035 00       		.byte	0
 403 0036 05       		.uleb128 0x5
 404 0037 16       		.uleb128 0x16
 405 0038 00       		.byte	0
 406 0039 03       		.uleb128 0x3
 407 003a 0E       		.uleb128 0xe
 408 003b 3A       		.uleb128 0x3a
 409 003c 0B       		.uleb128 0xb
 410 003d 3B       		.uleb128 0x3b
 411 003e 05       		.uleb128 0x5
 412 003f 49       		.uleb128 0x49
 413 0040 13       		.uleb128 0x13
 414 0041 00       		.byte	0
 415 0042 00       		.byte	0
 416 0043 06       		.uleb128 0x6
 417 0044 13       		.uleb128 0x13
 418 0045 01       		.byte	0x1
 419 0046 0B       		.uleb128 0xb
 420 0047 0B       		.uleb128 0xb
 421 0048 3A       		.uleb128 0x3a
 422 0049 0B       		.uleb128 0xb
 423 004a 3B       		.uleb128 0x3b
 424 004b 0B       		.uleb128 0xb
 425 004c 01       		.uleb128 0x1
 426 004d 13       		.uleb128 0x13
 427 004e 00       		.byte	0
 428 004f 00       		.byte	0
 429 0050 07       		.uleb128 0x7
 430 0051 0D       		.uleb128 0xd
 431 0052 00       		.byte	0
 432 0053 03       		.uleb128 0x3
 433 0054 0E       		.uleb128 0xe
 434 0055 3A       		.uleb128 0x3a
 435 0056 0B       		.uleb128 0xb
 436 0057 3B       		.uleb128 0x3b
 437 0058 0B       		.uleb128 0xb
 438 0059 49       		.uleb128 0x49
 439 005a 13       		.uleb128 0x13
 440 005b 38       		.uleb128 0x38
 441 005c 0B       		.uleb128 0xb
 442 005d 00       		.byte	0
 443 005e 00       		.byte	0
 444 005f 08       		.uleb128 0x8
ARM GAS  C:\Users\USUARIO\AppData\Local\Temp\ccHA0dHa.s 			page 11


 445 0060 01       		.uleb128 0x1
 446 0061 01       		.byte	0x1
 447 0062 49       		.uleb128 0x49
 448 0063 13       		.uleb128 0x13
 449 0064 01       		.uleb128 0x1
 450 0065 13       		.uleb128 0x13
 451 0066 00       		.byte	0
 452 0067 00       		.byte	0
 453 0068 09       		.uleb128 0x9
 454 0069 21       		.uleb128 0x21
 455 006a 00       		.byte	0
 456 006b 49       		.uleb128 0x49
 457 006c 13       		.uleb128 0x13
 458 006d 2F       		.uleb128 0x2f
 459 006e 0B       		.uleb128 0xb
 460 006f 00       		.byte	0
 461 0070 00       		.byte	0
 462 0071 0A       		.uleb128 0xa
 463 0072 2E       		.uleb128 0x2e
 464 0073 01       		.byte	0x1
 465 0074 3F       		.uleb128 0x3f
 466 0075 19       		.uleb128 0x19
 467 0076 03       		.uleb128 0x3
 468 0077 0E       		.uleb128 0xe
 469 0078 3A       		.uleb128 0x3a
 470 0079 0B       		.uleb128 0xb
 471 007a 3B       		.uleb128 0x3b
 472 007b 0B       		.uleb128 0xb
 473 007c 27       		.uleb128 0x27
 474 007d 19       		.uleb128 0x19
 475 007e 49       		.uleb128 0x49
 476 007f 13       		.uleb128 0x13
 477 0080 11       		.uleb128 0x11
 478 0081 01       		.uleb128 0x1
 479 0082 12       		.uleb128 0x12
 480 0083 06       		.uleb128 0x6
 481 0084 40       		.uleb128 0x40
 482 0085 18       		.uleb128 0x18
 483 0086 9742     		.uleb128 0x2117
 484 0088 19       		.uleb128 0x19
 485 0089 01       		.uleb128 0x1
 486 008a 13       		.uleb128 0x13
 487 008b 00       		.byte	0
 488 008c 00       		.byte	0
 489 008d 0B       		.uleb128 0xb
 490 008e 34       		.uleb128 0x34
 491 008f 00       		.byte	0
 492 0090 03       		.uleb128 0x3
 493 0091 0E       		.uleb128 0xe
 494 0092 3A       		.uleb128 0x3a
 495 0093 0B       		.uleb128 0xb
 496 0094 3B       		.uleb128 0x3b
 497 0095 0B       		.uleb128 0xb
 498 0096 49       		.uleb128 0x49
 499 0097 13       		.uleb128 0x13
 500 0098 02       		.uleb128 0x2
 501 0099 17       		.uleb128 0x17
ARM GAS  C:\Users\USUARIO\AppData\Local\Temp\ccHA0dHa.s 			page 12


 502 009a 00       		.byte	0
 503 009b 00       		.byte	0
 504 009c 0C       		.uleb128 0xc
 505 009d 898201   		.uleb128 0x4109
 506 00a0 00       		.byte	0
 507 00a1 11       		.uleb128 0x11
 508 00a2 01       		.uleb128 0x1
 509 00a3 31       		.uleb128 0x31
 510 00a4 13       		.uleb128 0x13
 511 00a5 00       		.byte	0
 512 00a6 00       		.byte	0
 513 00a7 0D       		.uleb128 0xd
 514 00a8 898201   		.uleb128 0x4109
 515 00ab 01       		.byte	0x1
 516 00ac 11       		.uleb128 0x11
 517 00ad 01       		.uleb128 0x1
 518 00ae 31       		.uleb128 0x31
 519 00af 13       		.uleb128 0x13
 520 00b0 01       		.uleb128 0x1
 521 00b1 13       		.uleb128 0x13
 522 00b2 00       		.byte	0
 523 00b3 00       		.byte	0
 524 00b4 0E       		.uleb128 0xe
 525 00b5 8A8201   		.uleb128 0x410a
 526 00b8 00       		.byte	0
 527 00b9 02       		.uleb128 0x2
 528 00ba 18       		.uleb128 0x18
 529 00bb 9142     		.uleb128 0x2111
 530 00bd 18       		.uleb128 0x18
 531 00be 00       		.byte	0
 532 00bf 00       		.byte	0
 533 00c0 0F       		.uleb128 0xf
 534 00c1 05       		.uleb128 0x5
 535 00c2 00       		.byte	0
 536 00c3 03       		.uleb128 0x3
 537 00c4 0E       		.uleb128 0xe
 538 00c5 3A       		.uleb128 0x3a
 539 00c6 0B       		.uleb128 0xb
 540 00c7 3B       		.uleb128 0x3b
 541 00c8 0B       		.uleb128 0xb
 542 00c9 49       		.uleb128 0x49
 543 00ca 13       		.uleb128 0x13
 544 00cb 02       		.uleb128 0x2
 545 00cc 17       		.uleb128 0x17
 546 00cd 00       		.byte	0
 547 00ce 00       		.byte	0
 548 00cf 10       		.uleb128 0x10
 549 00d0 34       		.uleb128 0x34
 550 00d1 00       		.byte	0
 551 00d2 03       		.uleb128 0x3
 552 00d3 0E       		.uleb128 0xe
 553 00d4 3A       		.uleb128 0x3a
 554 00d5 0B       		.uleb128 0xb
 555 00d6 3B       		.uleb128 0x3b
 556 00d7 0B       		.uleb128 0xb
 557 00d8 49       		.uleb128 0x49
 558 00d9 13       		.uleb128 0x13
ARM GAS  C:\Users\USUARIO\AppData\Local\Temp\ccHA0dHa.s 			page 13


 559 00da 02       		.uleb128 0x2
 560 00db 18       		.uleb128 0x18
 561 00dc 00       		.byte	0
 562 00dd 00       		.byte	0
 563 00de 11       		.uleb128 0x11
 564 00df 34       		.uleb128 0x34
 565 00e0 00       		.byte	0
 566 00e1 03       		.uleb128 0x3
 567 00e2 0E       		.uleb128 0xe
 568 00e3 3A       		.uleb128 0x3a
 569 00e4 0B       		.uleb128 0xb
 570 00e5 3B       		.uleb128 0x3b
 571 00e6 05       		.uleb128 0x5
 572 00e7 49       		.uleb128 0x49
 573 00e8 13       		.uleb128 0x13
 574 00e9 3F       		.uleb128 0x3f
 575 00ea 19       		.uleb128 0x19
 576 00eb 3C       		.uleb128 0x3c
 577 00ec 19       		.uleb128 0x19
 578 00ed 00       		.byte	0
 579 00ee 00       		.byte	0
 580 00ef 12       		.uleb128 0x12
 581 00f0 35       		.uleb128 0x35
 582 00f1 00       		.byte	0
 583 00f2 49       		.uleb128 0x49
 584 00f3 13       		.uleb128 0x13
 585 00f4 00       		.byte	0
 586 00f5 00       		.byte	0
 587 00f6 13       		.uleb128 0x13
 588 00f7 34       		.uleb128 0x34
 589 00f8 00       		.byte	0
 590 00f9 03       		.uleb128 0x3
 591 00fa 0E       		.uleb128 0xe
 592 00fb 3A       		.uleb128 0x3a
 593 00fc 0B       		.uleb128 0xb
 594 00fd 3B       		.uleb128 0x3b
 595 00fe 0B       		.uleb128 0xb
 596 00ff 49       		.uleb128 0x49
 597 0100 13       		.uleb128 0x13
 598 0101 3F       		.uleb128 0x3f
 599 0102 19       		.uleb128 0x19
 600 0103 02       		.uleb128 0x2
 601 0104 18       		.uleb128 0x18
 602 0105 00       		.byte	0
 603 0106 00       		.byte	0
 604 0107 14       		.uleb128 0x14
 605 0108 2E       		.uleb128 0x2e
 606 0109 00       		.byte	0
 607 010a 3F       		.uleb128 0x3f
 608 010b 19       		.uleb128 0x19
 609 010c 3C       		.uleb128 0x3c
 610 010d 19       		.uleb128 0x19
 611 010e 6E       		.uleb128 0x6e
 612 010f 0E       		.uleb128 0xe
 613 0110 03       		.uleb128 0x3
 614 0111 0E       		.uleb128 0xe
 615 0112 3A       		.uleb128 0x3a
ARM GAS  C:\Users\USUARIO\AppData\Local\Temp\ccHA0dHa.s 			page 14


 616 0113 0B       		.uleb128 0xb
 617 0114 3B       		.uleb128 0x3b
 618 0115 0B       		.uleb128 0xb
 619 0116 00       		.byte	0
 620 0117 00       		.byte	0
 621 0118 00       		.byte	0
 622              		.section	.debug_loc,"",%progbits
 623              	.Ldebug_loc0:
 624              	.LLST0:
 625 0000 12000000 		.4byte	.LVL3
 626 0004 15000000 		.4byte	.LVL4-1
 627 0008 0100     		.2byte	0x1
 628 000a 50       		.byte	0x50
 629 000b 15000000 		.4byte	.LVL4-1
 630 000f 1A000000 		.4byte	.LFE64
 631 0013 0100     		.2byte	0x1
 632 0015 54       		.byte	0x54
 633 0016 00000000 		.4byte	0
 634 001a 00000000 		.4byte	0
 635              	.LLST1:
 636 001e 00000000 		.4byte	.LVL5
 637 0022 02000000 		.4byte	.LVL6
 638 0026 0100     		.2byte	0x1
 639 0028 50       		.byte	0x50
 640 0029 02000000 		.4byte	.LVL6
 641 002d 1E000000 		.4byte	.LVL7
 642 0031 0100     		.2byte	0x1
 643 0033 50       		.byte	0x50
 644 0034 1E000000 		.4byte	.LVL7
 645 0038 38000000 		.4byte	.LFE65
 646 003c 0600     		.2byte	0x6
 647 003e F3       		.byte	0xf3
 648 003f 01       		.uleb128 0x1
 649 0040 50       		.byte	0x50
 650 0041 38       		.byte	0x38
 651 0042 24       		.byte	0x24
 652 0043 9F       		.byte	0x9f
 653 0044 00000000 		.4byte	0
 654 0048 00000000 		.4byte	0
 655              	.LLST2:
 656 004c 00000000 		.4byte	.LVL5
 657 0050 2E000000 		.4byte	.LVL8
 658 0054 0200     		.2byte	0x2
 659 0056 30       		.byte	0x30
 660 0057 9F       		.byte	0x9f
 661 0058 2E000000 		.4byte	.LVL8
 662 005c 32000000 		.4byte	.LVL9
 663 0060 0800     		.2byte	0x8
 664 0062 73       		.byte	0x73
 665 0063 00       		.sleb128 0
 666 0064 38       		.byte	0x38
 667 0065 26       		.byte	0x26
 668 0066 70       		.byte	0x70
 669 0067 00       		.sleb128 0
 670 0068 22       		.byte	0x22
 671 0069 9F       		.byte	0x9f
 672 006a 32000000 		.4byte	.LVL9
ARM GAS  C:\Users\USUARIO\AppData\Local\Temp\ccHA0dHa.s 			page 15


 673 006e 38000000 		.4byte	.LFE65
 674 0072 0100     		.2byte	0x1
 675 0074 50       		.byte	0x50
 676 0075 00000000 		.4byte	0
 677 0079 00000000 		.4byte	0
 678              		.section	.debug_aranges,"",%progbits
 679 0000 24000000 		.4byte	0x24
 680 0004 0200     		.2byte	0x2
 681 0006 00000000 		.4byte	.Ldebug_info0
 682 000a 04       		.byte	0x4
 683 000b 00       		.byte	0
 684 000c 0000     		.2byte	0
 685 000e 0000     		.2byte	0
 686 0010 00000000 		.4byte	.LFB64
 687 0014 1A000000 		.4byte	.LFE64-.LFB64
 688 0018 00000000 		.4byte	.LFB65
 689 001c 38000000 		.4byte	.LFE65-.LFB65
 690 0020 00000000 		.4byte	0
 691 0024 00000000 		.4byte	0
 692              		.section	.debug_ranges,"",%progbits
 693              	.Ldebug_ranges0:
 694 0000 00000000 		.4byte	.LFB64
 695 0004 1A000000 		.4byte	.LFE64
 696 0008 00000000 		.4byte	.LFB65
 697 000c 38000000 		.4byte	.LFE65
 698 0010 00000000 		.4byte	0
 699 0014 00000000 		.4byte	0
 700              		.section	.debug_line,"",%progbits
 701              	.Ldebug_line0:
 702 0000 A9010000 		.section	.debug_str,"MS",%progbits,1
 702      02006E01 
 702      00000201 
 702      FB0E0D00 
 702      01010101 
 703              	.LASF9:
 704 0000 5F5F696E 		.ascii	"__int32_t\000"
 704      7433325F 
 704      7400
 705              	.LASF3:
 706 000a 73686F72 		.ascii	"short unsigned int\000"
 706      7420756E 
 706      7369676E 
 706      65642069 
 706      6E7400
 707              	.LASF13:
 708 001d 646F7562 		.ascii	"double\000"
 708      6C6500
 709              	.LASF24:
 710 0024 4D656E75 		.ascii	"Menus\000"
 710      7300
 711              	.LASF12:
 712 002a 666C6F61 		.ascii	"float\000"
 712      7400
 713              	.LASF1:
 714 0030 756E7369 		.ascii	"unsigned char\000"
 714      676E6564 
 714      20636861 
ARM GAS  C:\Users\USUARIO\AppData\Local\Temp\ccHA0dHa.s 			page 16


 714      7200
 715              	.LASF29:
 716 003e 474E5520 		.ascii	"GNU C11 5.4.1 20160609 (release) [ARM/embedded-5-br"
 716      43313120 
 716      352E342E 
 716      31203230 
 716      31363036 
 717 0071 616E6368 		.ascii	"anch revision 237715] -mcpu=cortex-m3 -mthumb -g -O"
 717      20726576 
 717      6973696F 
 717      6E203233 
 717      37373135 
 718 00a4 67202D66 		.ascii	"g -ffunction-sections -ffat-lto-objects\000"
 718      66756E63 
 718      74696F6E 
 718      2D736563 
 718      74696F6E 
 719              	.LASF25:
 720 00cc 4144435F 		.ascii	"ADC_StartConvert\000"
 720      53746172 
 720      74436F6E 
 720      76657274 
 720      00
 721              	.LASF26:
 722 00dd 4144435F 		.ascii	"ADC_IsEndConversion\000"
 722      4973456E 
 722      64436F6E 
 722      76657273 
 722      696F6E00 
 723              	.LASF11:
 724 00f1 696E7433 		.ascii	"int32\000"
 724      3200
 725              	.LASF28:
 726 00f7 4144435F 		.ascii	"ADC_StopConvert\000"
 726      53746F70 
 726      436F6E76 
 726      65727400 
 727              	.LASF23:
 728 0107 49544D5F 		.ascii	"ITM_RxBuffer\000"
 728      52784275 
 728      66666572 
 728      00
 729              	.LASF27:
 730 0114 4144435F 		.ascii	"ADC_GetResult32\000"
 730      47657452 
 730      6573756C 
 730      74333200 
 731              	.LASF5:
 732 0124 6C6F6E67 		.ascii	"long unsigned int\000"
 732      20756E73 
 732      69676E65 
 732      6420696E 
 732      7400
 733              	.LASF21:
 734 0136 66696C74 		.ascii	"filteredValue\000"
 734      65726564 
 734      56616C75 
ARM GAS  C:\Users\USUARIO\AppData\Local\Temp\ccHA0dHa.s 			page 17


 734      6500
 735              	.LASF30:
 736 0144 72656D6F 		.ascii	"removeoffsetnoise.c\000"
 736      76656F66 
 736      66736574 
 736      6E6F6973 
 736      652E6300 
 737              	.LASF8:
 738 0158 756E7369 		.ascii	"unsigned int\000"
 738      676E6564 
 738      20696E74 
 738      00
 739              	.LASF7:
 740 0165 6C6F6E67 		.ascii	"long long unsigned int\000"
 740      206C6F6E 
 740      6720756E 
 740      7369676E 
 740      65642069 
 741              	.LASF20:
 742 017c 72657375 		.ascii	"result\000"
 742      6C7400
 743              	.LASF19:
 744 0183 46696C74 		.ascii	"FilterSignal\000"
 744      65725369 
 744      676E616C 
 744      00
 745              	.LASF10:
 746 0190 696E7433 		.ascii	"int32_t\000"
 746      325F7400 
 747              	.LASF16:
 748 0198 73697A65 		.ascii	"sizetype\000"
 748      74797065 
 748      00
 749              	.LASF6:
 750 01a1 6C6F6E67 		.ascii	"long long int\000"
 750      206C6F6E 
 750      6720696E 
 750      7400
 751              	.LASF33:
 752 01af 41444353 		.ascii	"ADCSample\000"
 752      616D706C 
 752      6500
 753              	.LASF14:
 754 01b9 63686172 		.ascii	"char\000"
 754      00
 755              	.LASF2:
 756 01be 73686F72 		.ascii	"short int\000"
 756      7420696E 
 756      7400
 757              	.LASF22:
 758 01c8 66696C56 		.ascii	"filValueRounded\000"
 758      616C7565 
 758      526F756E 
 758      64656400 
 759              	.LASF31:
 760 01d8 443A5C4C 		.ascii	"D:\\Laboratorio\\Mufla\\2020\\Mufla 2.2L Psoc Avant"
 760      61626F72 
ARM GAS  C:\Users\USUARIO\AppData\Local\Temp\ccHA0dHa.s 			page 18


 760      61746F72 
 760      696F5C4D 
 760      75666C61 
 761 0207 696B6120 		.ascii	"ika #0045884XX OP2020346\\Firmware Psoc\\LCD2\\Mufl"
 761      23303034 
 761      35383834 
 761      5858204F 
 761      50323032 
 762 0237 61474C43 		.ascii	"aGLCD.cydsn\000"
 762      442E6379 
 762      64736E00 
 763              	.LASF18:
 764 0243 4D656173 		.ascii	"MeasureOffset\000"
 764      7572654F 
 764      66667365 
 764      7400
 765              	.LASF17:
 766 0251 4D454E55 		.ascii	"MENUU\000"
 766      5500
 767              	.LASF4:
 768 0257 6C6F6E67 		.ascii	"long int\000"
 768      20696E74 
 768      00
 769              	.LASF15:
 770 0260 6C6F6E67 		.ascii	"long double\000"
 770      20646F75 
 770      626C6500 
 771              	.LASF0:
 772 026c 7369676E 		.ascii	"signed char\000"
 772      65642063 
 772      68617200 
 773              	.LASF32:
 774 0278 4C657472 		.ascii	"Letra\000"
 774      6100
 775              		.ident	"GCC: (GNU Tools for ARM Embedded Processors) 5.4.1 20160609 (release) [ARM/embedded-5-bran
