
ROM used: 54190 (55%)
          54190 (55%) including unused fragments

          9 Average locations per line
          19 Average locations per statement

RAM used: 1965 (59%) at main() level
          2023 (61%) worst case

Stack used: 6 worst case (out of 31 total available)

Lines Stmts  %   Files
----- ----- ---  -----
 2020  1821  64  Mufla.c
  461     0   0  18F4685.h
  354    78   3  HDM64GS12.c
  556   167   6  GRAPHICS.c
   68     0   0  imagen.h
 2172   260   9  MATH.h
  657   510  18  Funciones.h
----- -----
 6288  2836 Total

Page ROM  %  RAM   Vol Diff  Functions:
---- --- --- ---   --- ----  ----------
0     40   0   1             @delay_ms1
0    168   0   1   580  3.2  glcd_init
0    184   0   7   609  5.4  glcd_update
0    188   0   9   466  7.8  glcd_pixel
0     90   0  10   317  4.7  glcd_fillScreen
0     54   0   2   257  2.8  glcd_writeByte
0    286   0   0             @const95
0    250   0   0             @const98
0    318   0  17  1475  8.8  glcd_line
0    194   0   6  1036  5.8  glcd_rect
0     84   0   6             @MULS1616
0    554   1  12  1822  8.6  glcd_circle
0     78   0   2             @MUL88
0    440   0  20  1550 11.2  glcd_text57
0   1052   1   0             @const174
0    122   0  10             @FLT
0     60   0   4             @SFTOI
0     54   0   2             @ITOF
0    350   0  14             @DIVFF
0    632   1  16             @ADDFF
0    246   0  11             @MULFF
0     80   0   2             @SITOF
0    730   1   4   577  5.7  ActualizaRecta
0     90   0   5   100  2.1  sensores
0    554   1   5   486  7.6  Leer_Sensor
0     34   0   5             @MUL1616
0   4210   4   6  5194  9.0  Controla
0     44   0   3             @DIV88
0    120   0   6             @DIVS1616
0    294   0   8  1050  5.1  displayMenu
0   1016   1  19  3268  5.5  displayTemps
0     32   0   1             @SPRINTF
0    190   0   9             @PRINTF_LU_445
0     32   0   0             @const451
0    454   0  16  1613  5.0  displayTiempo
0    134   0   2             @PRINTF_U_445
0    440   0  17  1550  5.0  displayTemperatura
0    178   0   6   483  7.8  glcd_imagen
0    112   0  16   330  3.4  displayT
0    122   0  18   330  3.4  displayFloat
0     68   0   5             @FTOSD
0    128   0  13             @DIV3232
0    438   0  13             @PRINTF_L32D_445FPFPF
0    182   0  15   603  4.5  displayContrasena
0    224   0   6             @PRINTF_D_445
0   3076   3   7 10576 10.0  MuestraSegmento
0     34   0   0             @const521
0     42   0   0             @const522
0     34   0   0             @const523
0     44   0   0             @const524
0     38   0   0             @const525
0     40   0   0             @const526
0     34   0   0    98  1.7  ConfigInicial
0   3040   3   6  6746  7.5  LeeEEPROM
0    178   0   1   843  5.8  temp1s
0  28940  27   4130043 14.5  MAIN
0     42   0   0             @const538
0     40   0   0             @const539
0     38   0   0             @const540
0     36   0   0             @const541
0     40   0   0             @const543
0     42   0   0             @const545
0     36   0   0             @const546
0     48   0   0             @const547
0     46   0   0             @const549
0     46   0   0             @const551
0     38   0   0             @const553
0     44   0   0             @const555
0     42   0   0             @const557
0     40   0   0             @const558
0     42   0   0             @const559
0     42   0   0             @const560
0     42   0   0             @const561
0     42   0   0             @const562
0     42   0   0             @const563
0     42   0   0             @const564
0     42   0   0             @const565
0     42   0   0             @const566
0     38   0   0             @const567
0     40   0   0             @const578
0     40   0   0             @const585
0     40   0   0             @const586
0     42   0   0             @const592
0     52   0   0             @const593
0     50   0   0             @const594
0     46   0   0             @const595
0     46   0   0             @const596
0     48   0   0             @const597
0     48   0   0             @const598
0     46   0   0             @const599
0     52   0   0             @const600
0     46   0   0             @const601
0     34   0   0             @const602
0     34   0   0             @const603
0     34   0   0             @const604
0     36   0   0             @const605
0     34   0   0             @const606
0     34   0   0             @const607
0     34   0   0             @const608
0     34   0   0             @const609
0     34   0   0             @const610
0     34   0   0             @const611
0     34   0   0             @const612
0     34   0   0             @const613
0     34   0   0             @const614
0     34   0   0             @const615
0     36   0   0             @const616
0     36   0   0             @const619
0     38   0   0             @const620
0     32   0   0             @const621
0     36   0   0             @const622
0     32   0   0             @const623
0     36   0   0             @const624
0     36   0   0             @const626
0     50   0   0             @const627
0     48   0   0             @const628
0     44   0   0             @const629
0     40   0   0             @const631
0     42   0   0             @const633
0     38   0   0             @const635
0     40   0   0             @const637
0     40   0   0             @const639
0     42   0   0             @const641
0     42   0   0             @const643
0     44   0   0             @const645
0     42   0   0             @const647
0     38   0   0             @const649
0     44   0   0             @const651
0     32   0   0             @const652
0     32   0   0             @const653
0     32   0   0             @const654
0     38   0   0             @const656
0     38   0   0             @const657
0     36   0   0             @const658
0     38   0   0             @const660
0     38   0   0             @const661

Program metrics:
    Functions               26
    Statements              2836
    Comments                917
    Volume (V)              209368
    Difficilty (D)          161.1
    Effort to implement (E) 33719241
    Time to implement (T)   520 hours, 22 minutes
    Est Delivered Bugs (B)  35
    Cyclomatic Complexity   422
    Maintainability (MI)    56

 Segment     Used  Free
-----------  ----  ----
00000-00002     4  0  
00004-00006     0  4  
00008-0009C   150  0  
0009E-0FFFE  54036  11342  
10000-17FFE     0  32768  



