--------------- Build Started: 01/06/2021 07:11:04 Project: MuflaGLCD, Configuration: ARM GCC 5.4-2016-q2-update Debug ---------------
cydsfit.exe -.appdatapath "C:\Users\USUARIO\AppData\Local\Cypress Semiconductor\PSoC Creator\4.3" -.fdsnotice -.fdswarpdepfile=warp_dependencies.txt -.fdselabdepfile=elab_dependencies.txt -.fdsbldfile=generated_files.txt -.fdsreffile=referenced_files.txt -p "D:\Laboratorio\Mufla\2020\Mufla 9L Psoc Artilab #004588456 OP2020376\Firmware Psoc\LCD2\MuflaGLCD.cydsn\MuflaGLCD.cyprj" -d CY8C5888AXI-LP096 -s "D:\Laboratorio\Mufla\2020\Mufla 9L Psoc Artilab #004588456 OP2020376\Firmware Psoc\LCD2\MuflaGLCD.cydsn\Generated_Source\PSoC5" -- -yv2 -q10 -ygs -o2 -v3 -.fftcfgtype=LE
Elaborating Design...
HDL Generation...
Synthesis...
Tech Mapping...
Analog Placement...
Log: apr.M0058: The analog placement iterative improvement is 61% done. (App=cydsfit)
Analog Routing...
Analog Code Generation...
Digital Placement...
Digital Routing...
Bitstream Generation...
Bitstream Verification...
Static timing analysis...
API Generation...
Dependency Generation...
Cleanup...
arm-none-eabi-gcc.exe -mcpu=cortex-m3 -mthumb -I. -IGenerated_Source\PSoC5 -Wa,-alh=.\CortexM3\ARM_GCC_541\Debug/main.lst -g -D DEBUG -D CY_CORE_ID=0 -Wall -ffunction-sections -ffat-lto-objects -Og -c main.c -o .\CortexM3\ARM_GCC_541\Debug\main.o
arm-none-eabi-gcc.exe -mcpu=cortex-m3 -mthumb -I. -IGenerated_Source\PSoC5 -Wa,-alh=.\CortexM3\ARM_GCC_541\Debug/coldJnTemp.lst -g -D DEBUG -D CY_CORE_ID=0 -Wall -ffunction-sections -ffat-lto-objects -Og -c coldJnTemp.c -o .\CortexM3\ARM_GCC_541\Debug\coldJnTemp.o
coldJnTemp.c: In function 'MeasureICTemp':
coldJnTemp.c:129:11: warning: unused variable 'offset' [-Wunused-variable]
     int32 offset;
           ^
coldJnTemp.c:120:11: warning: unused variable 'ICResult' [-Wunused-variable]
     int32 ICResult;
           ^
coldJnTemp.c:137:22: warning: 'ICUVolts' is used uninitialized in this function [-Wuninitialized]
  ICTemp = ((ICUVolts - ZERO_DEGREE_OFFSET_VOLTAGE) * SCALING) / VOLTAGE_PER_DEGREE;
                      ^
arm-none-eabi-gcc.exe -mcpu=cortex-m3 -mthumb -I. -IGenerated_Source\PSoC5 -Wa,-alh=.\CortexM3\ARM_GCC_541\Debug/removeoffsetnoise.lst -g -D DEBUG -D CY_CORE_ID=0 -Wall -ffunction-sections -ffat-lto-objects -Og -c removeoffsetnoise.c -o .\CortexM3\ARM_GCC_541\Debug\removeoffsetnoise.o
arm-none-eabi-gcc.exe -mcpu=cortex-m3 -mthumb -I. -IGenerated_Source\PSoC5 -Wa,-alh=.\CortexM3\ARM_GCC_541\Debug/ks0108.lst -g -D DEBUG -D CY_CORE_ID=0 -Wall -ffunction-sections -ffat-lto-objects -Og -c ks0108.c -o .\CortexM3\ARM_GCC_541\Debug\ks0108.o
ks0108.c:10:25: warning: missing braces around initializer [-Wmissing-braces]
 const int8 FONT[51][5] ={0x00, 0x00, 0x00, 0x00, 0x00, // SPACE
                         ^
ks0108.c:10:25: note: (near initialization for 'FONT')
ks0108.c:71:56: warning: multi-line comment [-Wcomment]
                          0x02, 0x04, 0x08, 0x10, 0x20, // \
                                                        ^
ks0108.c:62:25: warning: missing braces around initializer [-Wmissing-braces]
 const int8 FONT2[45][5]={0x26, 0x49, 0x49, 0x49, 0x32, // S
                         ^
ks0108.c:62:25: note: (near initialization for 'FONT2')
ks0108.c:110:29: warning: missing braces around initializer [-Wmissing-braces]
 const int8 Horno [64][16] = {
                             ^
ks0108.c:110:29: note: (near initialization for 'Horno')
In file included from ks0108.c:1:0:
ks0108.c: In function 'glcd_imagen':
ks0108.c:801:30: warning: array subscript has type 'char' [-Wchar-subscripts]
             if( bitRead(Horno[i][j] ,7-k )) 
                              ^
ks0108.h:57:32: note: in definition of macro 'bitRead'
 #define bitRead(value, bit) (((value) >> (bit)) & 0x01)
                                ^
ks0108.c:801:33: warning: array subscript has type 'char' [-Wchar-subscripts]
             if( bitRead(Horno[i][j] ,7-k )) 
                                 ^
ks0108.h:57:32: note: in definition of macro 'bitRead'
 #define bitRead(value, bit) (((value) >> (bit)) & 0x01)
                                ^
arm-none-eabi-gcc.exe -mcpu=cortex-m3 -mthumb -I. -IGenerated_Source\PSoC5 -Wa,-alh=.\CortexM3\ARM_GCC_541\Debug/Funciones.lst -g -D DEBUG -D CY_CORE_ID=0 -Wall -ffunction-sections -ffat-lto-objects -Og -c Funciones.c -o .\CortexM3\ARM_GCC_541\Debug\Funciones.o
arm-none-eabi-ar.exe -rs .\CortexM3\ARM_GCC_541\Debug\MuflaGLCD.a .\CortexM3\ARM_GCC_541\Debug\CyDmac.o .\CortexM3\ARM_GCC_541\Debug\CyFlash.o .\CortexM3\ARM_GCC_541\Debug\CyLib.o .\CortexM3\ARM_GCC_541\Debug\cyPm.o .\CortexM3\ARM_GCC_541\Debug\CySpc.o .\CortexM3\ARM_GCC_541\Debug\cyutils.o .\CortexM3\ARM_GCC_541\Debug\ADC.o .\CortexM3\ARM_GCC_541\Debug\ADC_PM.o .\CortexM3\ARM_GCC_541\Debug\ADC_INT.o .\CortexM3\ARM_GCC_541\Debug\ADC_Ext_CP_Clk.o .\CortexM3\ARM_GCC_541\Debug\ADC_IRQ.o .\CortexM3\ARM_GCC_541\Debug\ADC_theACLK.o .\CortexM3\ARM_GCC_541\Debug\cy_em_eeprom.o .\CortexM3\ARM_GCC_541\Debug\Reloj.o .\CortexM3\ARM_GCC_541\Debug\Thermocouple_1.o .\CortexM3\ARM_GCC_541\Debug\UART_1.o .\CortexM3\ARM_GCC_541\Debug\UART_1_PM.o .\CortexM3\ARM_GCC_541\Debug\UART_1_INT.o .\CortexM3\ARM_GCC_541\Debug\UART_1_BOOT.o .\CortexM3\ARM_GCC_541\Debug\UART_1_IntClock.o .\CortexM3\ARM_GCC_541\Debug\Timer.o .\CortexM3\ARM_GCC_541\Debug\Timer_PM.o .\CortexM3\ARM_GCC_541\Debug\Tpos.o .\CortexM3\ARM_GCC_541\Debug\Tneg.o .\CortexM3\ARM_GCC_541\Debug\EEPROM.o .\CortexM3\ARM_GCC_541\Debug\RX1.o .\CortexM3\ARM_GCC_541\Debug\SSR.o .\CortexM3\ARM_GCC_541\Debug\DOOR.o .\CortexM3\ARM_GCC_541\Debug\LCD1.o .\CortexM3\ARM_GCC_541\Debug\LCD2.o .\CortexM3\ARM_GCC_541\Debug\ADC_SAR.o .\CortexM3\ARM_GCC_541\Debug\ADC_SAR_INT.o .\CortexM3\ARM_GCC_541\Debug\ADC_SAR_PM.o .\CortexM3\ARM_GCC_541\Debug\LM35.o .\CortexM3\ARM_GCC_541\Debug\ADC_SAR_IRQ.o .\CortexM3\ARM_GCC_541\Debug\ADC_SAR_theACLK.o .\CortexM3\ARM_GCC_541\Debug\VENT1.o .\CortexM3\ARM_GCC_541\Debug\LCD3.o .\CortexM3\ARM_GCC_541\Debug\ENABLE.o .\CortexM3\ARM_GCC_541\Debug\CS_1.o .\CortexM3\ARM_GCC_541\Debug\D_I.o .\CortexM3\ARM_GCC_541\Debug\R_W.o .\CortexM3\ARM_GCC_541\Debug\CS_2.o .\CortexM3\ARM_GCC_541\Debug\RESET.o .\CortexM3\ARM_GCC_541\Debug\DB_0.o .\CortexM3\ARM_GCC_541\Debug\DB_1.o .\CortexM3\ARM_GCC_541\Debug\DB_2.o .\CortexM3\ARM_GCC_541\Debug\DB_3.o .\CortexM3\ARM_GCC_541\Debug\DB_4.o .\CortexM3\ARM_GCC_541\Debug\DB_5.o .\CortexM3\ARM_GCC_541\Debug\DB_6.o .\CortexM3\ARM_GCC_541\Debug\DB_7.o .\CortexM3\ARM_GCC_541\Debug\UP.o .\CortexM3\ARM_GCC_541\Debug\DOWN.o .\CortexM3\ARM_GCC_541\Debug\RIGHT.o .\CortexM3\ARM_GCC_541\Debug\LEFT.o .\CortexM3\ARM_GCC_541\Debug\BUZZER.o .\CortexM3\ARM_GCC_541\Debug\CyBootAsmGnu.o
arm-none-eabi-ar.exe: creating .\CortexM3\ARM_GCC_541\Debug\MuflaGLCD.a
arm-none-eabi-gcc.exe -Wl,--start-group -o "D:\Laboratorio\Mufla\2020\Mufla 9L Psoc Artilab #004588456 OP2020376\Firmware Psoc\LCD2\MuflaGLCD.cydsn\CortexM3\ARM_GCC_541\Debug\MuflaGLCD.elf" .\CortexM3\ARM_GCC_541\Debug\main.o .\CortexM3\ARM_GCC_541\Debug\coldJnTemp.o .\CortexM3\ARM_GCC_541\Debug\removeoffsetnoise.o .\CortexM3\ARM_GCC_541\Debug\ks0108.o .\CortexM3\ARM_GCC_541\Debug\Funciones.o .\CortexM3\ARM_GCC_541\Debug\cyfitter_cfg.o .\CortexM3\ARM_GCC_541\Debug\cymetadata.o .\CortexM3\ARM_GCC_541\Debug\Cm3Start.o .\CortexM3\ARM_GCC_541\Debug\MuflaGLCD.a "C:\Program Files (x86)\Cypress\PSoC Creator\4.3\PSoC Creator\psoc\content\cycomponentlibrary\CyComponentLibrary.cylib\CortexM3\ARM_GCC_541\Debug\CyComponentLibrary.a" -mcpu=cortex-m3 -mthumb -L Generated_Source\PSoC5 -Wl,-Map,.\CortexM3\ARM_GCC_541\Debug/MuflaGLCD.map -T Generated_Source\PSoC5\cm3gcc.ld -specs=nano.specs -u _printf_float -Wl,--gc-sections -u_printf_float -g -ffunction-sections -Og -ffat-lto-objects -Wl,--end-group
cyelftool.exe -C "D:\Laboratorio\Mufla\2020\Mufla 9L Psoc Artilab #004588456 OP2020376\Firmware Psoc\LCD2\MuflaGLCD.cydsn\CortexM3\ARM_GCC_541\Debug\MuflaGLCD.elf" --flash_row_size 256 --flash_size 262144 --flash_offset 0x00000000
No ELF section .cychecksum found, creating one
Application checksum calculated and stored in ELF section .cychecksum
Checksum calculated and stored in ELF section .cymeta
cyelftool.exe -S "D:\Laboratorio\Mufla\2020\Mufla 9L Psoc Artilab #004588456 OP2020376\Firmware Psoc\LCD2\MuflaGLCD.cydsn\CortexM3\ARM_GCC_541\Debug\MuflaGLCD.elf"
Flash used: 49760 of 262144 bytes (19,0 %).
SRAM used: 5553 of 65536 bytes (8,5 %). Stack: 2048 bytes. Heap: 512 bytes.
--------------- Build Succeeded: 01/06/2021 07:11:20 ---------------
